<?xml version="1.0" encoding="UTF-8"?>
<!-- Generated by org.testng.reporters.JUnitReportReporter -->
<testsuite name="com.eduven.testcase.QuizPageTestCases" tests="15" time="531.563" ignored="0" failures="0" timestamp="21 Dec 2016 12:10:10 GMT" skipped="0" hostname="Hitesh-Mac-Mini.local" errors="0">
  <testcase name="navigateToQuizPageTest" time="50.082" classname="com.eduven.testcase.QuizPageTestCases"/>
  <testcase name="verifyTimeTrackQuiScorecardTest" time="63.790" classname="com.eduven.testcase.QuizPageTestCases"/>
  <testcase name="timeTrackQuizTest" time="68.113" classname="com.eduven.testcase.QuizPageTestCases"/>
  <testcase name="verifySuddenDeathQuizScorecardTest" time="64.029" classname="com.eduven.testcase.QuizPageTestCases"/>
  <testcase name="verifyRapidFireQuizTest" time="1.257" classname="com.eduven.testcase.QuizPageTestCases"/>
  <testcase name="verifyQuizResultInEdubankTest" time="11.549" classname="com.eduven.testcase.QuizPageTestCases"/>
  <testcase name="verifyEdubankButtonOnTimeTrackPageTest" time="7.853" classname="com.eduven.testcase.QuizPageTestCases"/>
  <testcase name="selectQuestionRoundAndPlayRapidFireTest" time="72.869" classname="com.eduven.testcase.QuizPageTestCases"/>
  <testcase name="hideCategoryPageAlertPopupTest" time="6.377" classname="com.eduven.testcase.QuizPageTestCases"/>
  <testcase name="verifyScoreCardForRapidFireAndTotalQuestionTest" time="64.002" classname="com.eduven.testcase.QuizPageTestCases"/>
  <testcase name="verifyFacebookButtonOnSuddenDeathScoreboardPageTest" time="7.687" classname="com.eduven.testcase.QuizPageTestCases"/>
  <testcase name="verifyQuizPageHederTextTest" time="0.588" classname="com.eduven.testcase.QuizPageTestCases"/>
  <testcase name="unckeckAllSelectCheckBoxForCategoryTest" time="3.197" classname="com.eduven.testcase.QuizPageTestCases"/>
  <testcase name="navigateToCategoryPageTest" time="2.656" classname="com.eduven.testcase.QuizPageTestCases"/>
  <testcase name="suddenDeathQuizTest" time="107.514" classname="com.eduven.testcase.QuizPageTestCases"/>
</testsuite> <!-- com.eduven.testcase.QuizPageTestCases -->
