<?xml version="1.0" encoding="UTF-8"?>
<!-- Generated by org.testng.reporters.JUnitReportReporter -->
<testsuite hostname="Hiteshs-Mac-mini-2.local" name="com.eduven.testcase.QuizPageTestCases" tests="15" failures="0" timestamp="25 Apr 2016 13:58:31 GMT" time="546.301" errors="1">
  <testcase name="quiz_page_verifyRedCard_ScoreCard_and_total_question" time="32.969" classname="com.eduven.testcase.QuizPageTestCases"/>
  <testcase name="quiz_page_category_page_operation_test" time="4.735" classname="com.eduven.testcase.QuizPageTestCases"/>
  <testcase name="quiz_page_verify_edubank_imageview_in_time_track_test" time="34.526" classname="com.eduven.testcase.QuizPageTestCases"/>
  <testcase name="quiz_page_verify_time_track_quiz_scorecard_test" time="32.256" classname="com.eduven.testcase.QuizPageTestCases"/>
  <testcase name="quiz_page_verify_sudden_death_quiz_scorecard_test" time="33.838" classname="com.eduven.testcase.QuizPageTestCases"/>
  <testcase name="quiz_page_verifyEdubank_test" time="13.526" classname="com.eduven.testcase.QuizPageTestCases"/>
  <testcase name="quiz_page_verify_quiz_page_heder_text_test" time="40.356" classname="com.eduven.testcase.QuizPageTestCases"/>
  <testcase name="quiz_page_select_round_and_answer_test" time="145.519" classname="com.eduven.testcase.QuizPageTestCases"/>
  <testcase name="quiz_page_naviagte_to_categoryPage_test" time="3.614" classname="com.eduven.testcase.QuizPageTestCases"/>
  <testcase name="quiz_page_navigate_to_quiz_page_test" time="31.284" classname="com.eduven.testcase.QuizPageTestCases">
    <error type="java.lang.NullPointerException">
      <![CDATA[java.lang.NullPointerException
	at com.eduven.utils.Reusables.click_using_element(Reusables.java:605)
	at com.eduven.modules.Quiz.NavigateToQuizPage(Quiz.java:79)
	at com.eduven.testcase.QuizPageTestCases.quiz_page_navigate_to_quiz_page_test(QuizPageTestCases.java:21)
	at sun.reflect.NativeMethodAccessorImpl.invoke0(Native Method)
	at sun.reflect.NativeMethodAccessorImpl.invoke(NativeMethodAccessorImpl.java:62)
	at sun.reflect.DelegatingMethodAccessorImpl.invoke(DelegatingMethodAccessorImpl.java:43)
	at java.lang.reflect.Method.invoke(Method.java:498)
	at org.testng.internal.MethodInvocationHelper.invokeMethod(MethodInvocationHelper.java:85)
	at org.testng.internal.Invoker.invokeMethod(Invoker.java:639)
	at org.testng.internal.Invoker.invokeTestMethod(Invoker.java:816)
	at org.testng.internal.Invoker.invokeTestMethods(Invoker.java:1124)
	at org.testng.internal.TestMethodWorker.invokeTestMethods(TestMethodWorker.java:125)
	at org.testng.internal.TestMethodWorker.run(TestMethodWorker.java:108)
	at org.testng.TestRunner.privateRun(TestRunner.java:774)
	at org.testng.TestRunner.run(TestRunner.java:624)
	at org.testng.SuiteRunner.runTest(SuiteRunner.java:359)
	at org.testng.SuiteRunner.runSequentially(SuiteRunner.java:354)
	at org.testng.SuiteRunner.privateRun(SuiteRunner.java:312)
	at org.testng.SuiteRunner.run(SuiteRunner.java:261)
	at org.testng.SuiteRunnerWorker.runSuite(SuiteRunnerWorker.java:52)
	at org.testng.SuiteRunnerWorker.run(SuiteRunnerWorker.java:86)
	at org.testng.TestNG.runSuitesSequentially(TestNG.java:1215)
	at org.testng.TestNG.runSuitesLocally(TestNG.java:1140)
	at org.testng.TestNG.run(TestNG.java:1048)
	at com.eduven.utils.RunTestng.main(RunTestng.java:61)
]]>
    </error>
  </testcase> <!-- quiz_page_navigate_to_quiz_page_test -->
  <testcase name="quiz_page_verify_edubank_imageview_in_sudden_death_test" time="34.769" classname="com.eduven.testcase.QuizPageTestCases"/>
  <testcase name="quiz_page_time_track_quiz_test" time="90.051" classname="com.eduven.testcase.QuizPageTestCases"/>
  <testcase name="quiz_page_verifyRapidFireBox_test" time="1.082" classname="com.eduven.testcase.QuizPageTestCases"/>
  <testcase name="quiz_page_sudden_death_test_quiz_test" time="47.655" classname="com.eduven.testcase.QuizPageTestCases"/>
  <testcase name="quiz_page_hide_category_page_popup_test" time="0.121" classname="com.eduven.testcase.QuizPageTestCases"/>
</testsuite> <!-- com.eduven.testcase.QuizPageTestCases -->
