<?xml version="1.0" encoding="UTF-8"?>
<!-- Generated by org.testng.reporters.JUnitReportReporter -->
<testsuite name="com.eduven.testcase.SearchPageTestCases" tests="3" time="138.104" ignored="0" failures="0" timestamp="19 Dec 2016 05:15:49 GMT" skipped="0" hostname="Hitesh-Mac-Mini.local" errors="0">
  <testcase name="navigateToSearchPageTest" time="115.912" classname="com.eduven.testcase.SearchPageTestCases"/>
  <testcase name="verifySearchTermTest" time="19.599" classname="com.eduven.testcase.SearchPageTestCases"/>
  <testcase name="verifyTermNameOnDetailPageTest" time="2.593" classname="com.eduven.testcase.SearchPageTestCases"/>
</testsuite> <!-- com.eduven.testcase.SearchPageTestCases -->
