<?xml version="1.0" encoding="UTF-8"?>
<!-- Generated by org.testng.reporters.JUnitReportReporter -->
<testsuite hostname="Hitesh-Mac-Mini.local" name="com.eduven.testcase.EduBankPageTestCases" tests="16" failures="0" timestamp="26 Aug 2016 08:04:30 GMT" time="533.642" errors="0">
  <testcase name="edubank_page_add_entity_from_given_list_test" time="6.779" classname="com.eduven.testcase.EduBankPageTestCases"/>
  <testcase name="edubank_page_verify_rename_term_name_for_special_character_test" time="2.071" classname="com.eduven.testcase.EduBankPageTestCases"/>
  <testcase name="verify_ads_banner_test" time="61.441" classname="com.eduven.testcase.EduBankPageTestCases"/>
  <testcase name="edubank_page_create_duplicate_given_entity_test" time="27.825" classname="com.eduven.testcase.EduBankPageTestCases"/>
  <testcase name="edubank_page_delete_and_verify_entity_from_edubank_test" time="5.916" classname="com.eduven.testcase.EduBankPageTestCases"/>
  <testcase name="edubank_page_verify_added_entity_test" time="6.233" classname="com.eduven.testcase.EduBankPageTestCases"/>
  <testcase name="edubank_page_rename_entityName_test" time="44.008" classname="com.eduven.testcase.EduBankPageTestCases"/>
  <testcase name="eduabnk_page_create_blank_entity_in_edubank_test" time="9.731" classname="com.eduven.testcase.EduBankPageTestCases"/>
  <testcase name="edubank_page_rename_termName_for_special_character_test" time="54.771" classname="com.eduven.testcase.EduBankPageTestCases"/>
  <testcase name="edubank_page_verify_rename_entity_name_test" time="2.190" classname="com.eduven.testcase.EduBankPageTestCases"/>
  <testcase name="eduabnk_page_create_and_verify_entity_in_edubank_for_special_character_test" time="32.609" classname="com.eduven.testcase.EduBankPageTestCases"/>
  <testcase name="edubank_page_verify_create_duplicate_entity_in_edubank_test" time="25.505" classname="com.eduven.testcase.EduBankPageTestCases"/>
  <testcase name="edubank_page_delete_and_verify_entity_name_test" time="4.002" classname="com.eduven.testcase.EduBankPageTestCases"/>
  <testcase name="eduabnk_page_create_and_verify_entity_in_edubank_test" time="29.786" classname="com.eduven.testcase.EduBankPageTestCases"/>
  <testcase name="eduBank_page_navigate_to_entitydetail_page_test" time="213.302" classname="com.eduven.testcase.EduBankPageTestCases"/>
  <testcase name="eduBank_page_verify_emptyEntity_in_eduBank_test" time="7.473" classname="com.eduven.testcase.EduBankPageTestCases"/>
</testsuite> <!-- com.eduven.testcase.EduBankPageTestCases -->
