<?xml version="1.0" encoding="UTF-8"?>
<!-- Generated by org.testng.reporters.JUnitReportReporter -->
<testsuite hostname="Hitesh-Mac-Mini.local" name="com.eduven.testcase.WordSearchListPageTestCases" tests="7" failures="0" timestamp="24 Aug 2016 09:58:33 GMT" time="343.553" errors="0">
  <testcase name="wordsearchlist_page_navigate_to_search_wordlistPage_test" time="87.305" classname="com.eduven.testcase.WordSearchListPageTestCases"/>
  <testcase name="wordsearchlist_page_verify_header_txt_test" time="1.338" classname="com.eduven.testcase.WordSearchListPageTestCases"/>
  <testcase name="wordsearchlist_page_verify_wrong_search_test" time="90.894" classname="com.eduven.testcase.WordSearchListPageTestCases"/>
  <testcase name="wordsearchlist_page_verify_footer_elements_test" time="4.509" classname="com.eduven.testcase.WordSearchListPageTestCases"/>
  <testcase name="wordsearchlist_page_verify_search_word_by_index_test" time="76.883" classname="com.eduven.testcase.WordSearchListPageTestCases"/>
  <testcase name="verify_ads_banner_test" time="61.560" classname="com.eduven.testcase.WordSearchListPageTestCases"/>
  <testcase name="wordsearchlist_page_verify_right_search_test" time="21.064" classname="com.eduven.testcase.WordSearchListPageTestCases"/>
</testsuite> <!-- com.eduven.testcase.WordSearchListPageTestCases -->
