<?xml version="1.0" encoding="UTF-8"?>
<!-- Generated by org.testng.reporters.JUnitReportReporter -->
<testsuite hostname="Hitesh-Mac-Mini.local" name="com.eduven.testcase.CheckInterstetialBeforePurchaseTestCases" tests="4" failures="0" timestamp="26 Aug 2016 13:24:21 GMT" time="261.754" errors="0">
  <testcase name="check_interstetial_for_search_test" time="107.911" classname="com.eduven.testcase.CheckInterstetialBeforePurchaseTestCases"/>
  <testcase name="check_interstetial_for_inapp_test" time="30.870" classname="com.eduven.testcase.CheckInterstetialBeforePurchaseTestCases"/>
  <testcase name="check_interstetial_for_detail_page_test" time="12.302" classname="com.eduven.testcase.CheckInterstetialBeforePurchaseTestCases"/>
  <testcase name="check_interstetial_for_category_test" time="110.671" classname="com.eduven.testcase.CheckInterstetialBeforePurchaseTestCases"/>
</testsuite> <!-- com.eduven.testcase.CheckInterstetialBeforePurchaseTestCases -->
