<?xml version="1.0" encoding="UTF-8"?>
<!-- Generated by org.testng.reporters.JUnitReportReporter -->
<testsuite hostname="Hiteshs-Mac-mini-2.local" name="com.eduven.testcase.FeatureBoxPageTestCases" tests="6" failures="0" timestamp="25 Apr 2016 13:58:31 GMT" time="18.152" errors="0">
  <testcase name="featurebox_page_verify_right_page_navigation_test" time="0.831" classname="com.eduven.testcase.FeatureBoxPageTestCases"/>
  <testcase name="featurebox_page_select_random_player_test" time="3.318" classname="com.eduven.testcase.FeatureBoxPageTestCases"/>
  <testcase name="featurebox_page_navigate_to_featurebox_test" time="8.021" classname="com.eduven.testcase.FeatureBoxPageTestCases"/>
  <testcase name="verify_ads_banner_test" time="1.107" classname="com.eduven.testcase.FeatureBoxPageTestCases"/>
  <testcase name="featurebox_page_verify_entityName_next_click_test" time="2.403" classname="com.eduven.testcase.FeatureBoxPageTestCases"/>
  <testcase name="featurebox_page_verify_entityName_previous_click_test" time="2.472" classname="com.eduven.testcase.FeatureBoxPageTestCases"/>
</testsuite> <!-- com.eduven.testcase.FeatureBoxPageTestCases -->
