<?xml version="1.0" encoding="UTF-8"?>
<!-- Generated by org.testng.reporters.JUnitReportReporter -->
<testsuite name="com.eduven.testcase.CheckInterstetialAfterPurchaseTestCases" tests="4" time="248.094" ignored="0" failures="0" timestamp="20 Dec 2016 09:21:46 GMT" skipped="0" hostname="Hitesh-Mac-Mini.local" errors="0">
  <testcase name="checkInterstetialForSearchTest" time="99.060" classname="com.eduven.testcase.CheckInterstetialAfterPurchaseTestCases"/>
  <testcase name="checkInterstetialForCategoryTest" time="39.881" classname="com.eduven.testcase.CheckInterstetialAfterPurchaseTestCases"/>
  <testcase name="checkInterstetialForInAppTest" time="84.582" classname="com.eduven.testcase.CheckInterstetialAfterPurchaseTestCases"/>
  <testcase name="checkInterstetialForTermDetailPageTest" time="24.571" classname="com.eduven.testcase.CheckInterstetialAfterPurchaseTestCases"/>
</testsuite> <!-- com.eduven.testcase.CheckInterstetialAfterPurchaseTestCases -->
