<?xml version="1.0" encoding="UTF-8"?>
<!-- Generated by org.testng.reporters.JUnitReportReporter -->
<testsuite name="com.eduven.testcase.NetworkRelatedTestCases" tests="7" time="217.582" ignored="0" failures="0" timestamp="20 Dec 2016 07:31:50 GMT" skipped="0" hostname="Hitesh-Mac-Mini.local" errors="0">
  <testcase name="turnOffNetworkConnectionTest" time="26.914" classname="com.eduven.testcase.NetworkRelatedTestCases"/>
  <testcase name="purchaseApprelatedConnectivityTest" time="9.273" classname="com.eduven.testcase.NetworkRelatedTestCases"/>
  <testcase name="categorypagenavigatetocategorytest" time="72.350" classname="com.eduven.testcase.NetworkRelatedTestCases"/>
  <testcase name="checkEvMenuappsharingfornetworkconnectiontest" time="25.644" classname="com.eduven.testcase.NetworkRelatedTestCases"/>
  <testcase name="turnOnNetworkConnectionTest" time="37.548" classname="com.eduven.testcase.NetworkRelatedTestCases"/>
  <testcase name="checkEvMenuForInformationAndSupportFprNetworkConnectionTest" time="33.940" classname="com.eduven.testcase.NetworkRelatedTestCases"/>
  <testcase name="moreAppsRelatedtest" time="11.913" classname="com.eduven.testcase.NetworkRelatedTestCases"/>
</testsuite> <!-- com.eduven.testcase.NetworkRelatedTestCases -->
