<?xml version="1.0" encoding="UTF-8"?>
<!-- Generated by org.testng.reporters.JUnitReportReporter -->
<testsuite hostname="Hitesh-Mac-Mini.local" name="com.eduven.testcase.InAppPurchaseTestCases" tests="5" failures="0" timestamp="26 Aug 2016 13:24:21 GMT" time="0.005" errors="5">
  <testcase name="category_page_navigate_to_category_test" time="0.005" classname="com.eduven.testcase.InAppPurchaseTestCases">
    <error type="org.openqa.selenium.remote.UnreachableBrowserException" message="Error communicating with the remote browser. It may have died.
Build info: version: &#039;2.51.0&#039;, revision: &#039;1af067d&#039;, time: &#039;2016-02-05 19:11:55&#039;
System info: host: &#039;Hitesh-Mac-Mini.local&#039;, ip: &#039;10.30.30.98&#039;, os.name: &#039;Mac OS X&#039;, os.arch: &#039;x86_64&#039;, os.version: &#039;10.11.6&#039;, java.version: &#039;1.8.0_74&#039;
Driver info: driver.version: AndroidDriver
Capabilities [{app=/Users/hiteshbhardwaj/Desktop/Automation/app/DictionaryFrameworkAndroid/apps-finance-debug.apk, appPackage=com.ma.finance.dictionary.free, networkConnectionEnabled=true, warnings={}, appiumVersion=1.4.13, databaseEnabled=false, deviceName=ZX1G4228HP, platform=LINUX, appActivity=com.eduven.ld.dict.activity.SplashActivity, desired={app=/Users/hiteshbhardwaj/Desktop/Automation/app/DictionaryFrameworkAndroid/apps-finance-debug.apk, appPackage=com.ma.finance.dictionary.free, appActivity=com.eduven.ld.dict.activity.SplashActivity, newCommandTimeout=2000, platformVersion=6.0.1, appiumVersion=1.4.13, automationName=Appium, platformName=Android, deviceName=ZX1G4228HP}, newCommandTimeout=2000, platformVersion=6.0.1, webStorageEnabled=false, locationContextEnabled=false, automationName=Appium, browserName=Android, takesScreenshot=true, javascriptEnabled=true, platformName=Android}]
Session ID: 75c8afd0-560a-480a-9e91-ab2226b3637c">
      <![CDATA[org.openqa.selenium.remote.UnreachableBrowserException: Error communicating with the remote browser. It may have died.
Build info: version: '2.51.0', revision: '1af067d', time: '2016-02-05 19:11:55'
System info: host: 'Hitesh-Mac-Mini.local', ip: '10.30.30.98', os.name: 'Mac OS X', os.arch: 'x86_64', os.version: '10.11.6', java.version: '1.8.0_74'
Driver info: driver.version: AndroidDriver
Capabilities [{app=/Users/hiteshbhardwaj/Desktop/Automation/app/DictionaryFrameworkAndroid/apps-finance-debug.apk, appPackage=com.ma.finance.dictionary.free, networkConnectionEnabled=true, warnings={}, appiumVersion=1.4.13, databaseEnabled=false, deviceName=ZX1G4228HP, platform=LINUX, appActivity=com.eduven.ld.dict.activity.SplashActivity, desired={app=/Users/hiteshbhardwaj/Desktop/Automation/app/DictionaryFrameworkAndroid/apps-finance-debug.apk, appPackage=com.ma.finance.dictionary.free, appActivity=com.eduven.ld.dict.activity.SplashActivity, newCommandTimeout=2000, platformVersion=6.0.1, appiumVersion=1.4.13, automationName=Appium, platformName=Android, deviceName=ZX1G4228HP}, newCommandTimeout=2000, platformVersion=6.0.1, webStorageEnabled=false, locationContextEnabled=false, automationName=Appium, browserName=Android, takesScreenshot=true, javascriptEnabled=true, platformName=Android}]
Session ID: 75c8afd0-560a-480a-9e91-ab2226b3637c
	at org.openqa.selenium.remote.RemoteWebDriver.execute(RemoteWebDriver.java:665)
	at io.appium.java_client.DefaultGenericMobileDriver.execute(DefaultGenericMobileDriver.java:43)
	at io.appium.java_client.AppiumDriver.execute(AppiumDriver.java:1)
	at io.appium.java_client.android.AndroidDriver.execute(AndroidDriver.java:1)
	at org.openqa.selenium.remote.RemoteWebDriver.findElement(RemoteWebDriver.java:363)
	at org.openqa.selenium.remote.RemoteWebDriver.findElementByName(RemoteWebDriver.java:461)
	at io.appium.java_client.DefaultGenericMobileDriver.findElementByName(DefaultGenericMobileDriver.java:99)
	at io.appium.java_client.AppiumDriver.findElementByName(AppiumDriver.java:1)
	at io.appium.java_client.android.AndroidDriver.findElementByName(AndroidDriver.java:1)
	at org.openqa.selenium.By$ByName.findElement(By.java:303)
	at org.openqa.selenium.remote.RemoteWebDriver.findElement(RemoteWebDriver.java:355)
	at io.appium.java_client.DefaultGenericMobileDriver.findElement(DefaultGenericMobileDriver.java:51)
	at io.appium.java_client.AppiumDriver.findElement(AppiumDriver.java:1)
	at io.appium.java_client.android.AndroidDriver.findElement(AndroidDriver.java:1)
	at org.openqa.selenium.support.ui.ExpectedConditions.findElement(ExpectedConditions.java:911)
	at org.openqa.selenium.support.ui.ExpectedConditions.access$0(ExpectedConditions.java:909)
	at org.openqa.selenium.support.ui.ExpectedConditions$7.apply(ExpectedConditions.java:205)
	at org.openqa.selenium.support.ui.ExpectedConditions$7.apply(ExpectedConditions.java:1)
	at org.openqa.selenium.support.ui.FluentWait.until(FluentWait.java:238)
	at com.eduven.utils.Reusables.waitForElement(Reusables.java:64)
	at com.eduven.modules.HomePage.verifyHomePageHeaderTxt(HomePage.java:168)
	at com.eduven.testcase.InAppPurchaseTestCases.category_page_navigate_to_category_test(InAppPurchaseTestCases.java:28)
	at sun.reflect.NativeMethodAccessorImpl.invoke0(Native Method)
	at sun.reflect.NativeMethodAccessorImpl.invoke(NativeMethodAccessorImpl.java:62)
	at sun.reflect.DelegatingMethodAccessorImpl.invoke(DelegatingMethodAccessorImpl.java:43)
	at java.lang.reflect.Method.invoke(Method.java:498)
	at org.testng.internal.MethodInvocationHelper.invokeMethod(MethodInvocationHelper.java:85)
	at org.testng.internal.Invoker.invokeMethod(Invoker.java:639)
	at org.testng.internal.Invoker.invokeTestMethod(Invoker.java:816)
	at org.testng.internal.Invoker.invokeTestMethods(Invoker.java:1124)
	at org.testng.internal.TestMethodWorker.invokeTestMethods(TestMethodWorker.java:125)
	at org.testng.internal.TestMethodWorker.run(TestMethodWorker.java:108)
	at org.testng.TestRunner.privateRun(TestRunner.java:774)
	at org.testng.TestRunner.run(TestRunner.java:624)
	at org.testng.SuiteRunner.runTest(SuiteRunner.java:359)
	at org.testng.SuiteRunner.runSequentially(SuiteRunner.java:354)
	at org.testng.SuiteRunner.privateRun(SuiteRunner.java:312)
	at org.testng.SuiteRunner.run(SuiteRunner.java:261)
	at org.testng.SuiteRunnerWorker.runSuite(SuiteRunnerWorker.java:52)
	at org.testng.SuiteRunnerWorker.run(SuiteRunnerWorker.java:86)
	at org.testng.TestNG.runSuitesSequentially(TestNG.java:1215)
	at org.testng.TestNG.runSuitesLocally(TestNG.java:1140)
	at org.testng.TestNG.run(TestNG.java:1048)
	at com.eduven.utils.RunTestng.main(RunTestng.java:61)
Caused by: org.openqa.selenium.WebDriverException: org.apache.http.conn.HttpHostConnectException: Connect to 127.0.0.1:4723 [/127.0.0.1] failed: Connection refused
Build info: version: '2.51.0', revision: '1af067d', time: '2016-02-05 19:11:55'
System info: host: 'Hitesh-Mac-Mini.local', ip: '10.30.30.98', os.name: 'Mac OS X', os.arch: 'x86_64', os.version: '10.11.6', java.version: '1.8.0_74'
Driver info: driver.version: AndroidDriver
	at io.appium.java_client.remote.AppiumCommandExecutor.execute(AppiumCommandExecutor.java:76)
	at org.openqa.selenium.remote.RemoteWebDriver.execute(RemoteWebDriver.java:644)
	... 43 more
Caused by: org.apache.http.conn.HttpHostConnectException: Connect to 127.0.0.1:4723 [/127.0.0.1] failed: Connection refused
	at org.apache.http.impl.conn.DefaultHttpClientConnectionOperator.connect(DefaultHttpClientConnectionOperator.java:151)
	at org.apache.http.impl.conn.PoolingHttpClientConnectionManager.connect(PoolingHttpClientConnectionManager.java:353)
	at org.apache.http.impl.execchain.MainClientExec.establishRoute(MainClientExec.java:380)
	at org.apache.http.impl.execchain.MainClientExec.execute(MainClientExec.java:236)
	at org.apache.http.impl.execchain.ProtocolExec.execute(ProtocolExec.java:184)
	at org.apache.http.impl.execchain.RetryExec.execute(RetryExec.java:88)
	at org.apache.http.impl.execchain.RedirectExec.execute(RedirectExec.java:110)
	at org.apache.http.impl.client.InternalHttpClient.doExecute(InternalHttpClient.java:184)
	at org.apache.http.impl.client.CloseableHttpClient.execute(CloseableHttpClient.java:71)
	at org.apache.http.impl.client.CloseableHttpClient.execute(CloseableHttpClient.java:55)
	at org.openqa.selenium.remote.internal.ApacheHttpClient.fallBackExecute(ApacheHttpClient.java:144)
	at org.openqa.selenium.remote.internal.ApacheHttpClient.execute(ApacheHttpClient.java:90)
	at org.openqa.selenium.remote.HttpCommandExecutor.execute(HttpCommandExecutor.java:142)
	at io.appium.java_client.remote.AppiumCommandExecutor.execute(AppiumCommandExecutor.java:64)
	... 44 more
Caused by: java.net.ConnectException: Connection refused
	at java.net.PlainSocketImpl.socketConnect(Native Method)
	at java.net.AbstractPlainSocketImpl.doConnect(AbstractPlainSocketImpl.java:350)
	at java.net.AbstractPlainSocketImpl.connectToAddress(AbstractPlainSocketImpl.java:206)
	at java.net.AbstractPlainSocketImpl.connect(AbstractPlainSocketImpl.java:188)
	at java.net.SocksSocketImpl.connect(SocksSocketImpl.java:392)
	at java.net.Socket.connect(Socket.java:589)
	at org.apache.http.conn.socket.PlainConnectionSocketFactory.connectSocket(PlainConnectionSocketFactory.java:74)
	at org.apache.http.impl.conn.DefaultHttpClientConnectionOperator.connect(DefaultHttpClientConnectionOperator.java:134)
	... 57 more
]]>
    </error>
  </testcase> <!-- category_page_navigate_to_category_test -->
  <testcase name="checkInApp_btn_after_purchase_test" time="0.000" classname="com.eduven.testcase.InAppPurchaseTestCases">
    <error type="org.openqa.selenium.remote.UnreachableBrowserException" message="Error communicating with the remote browser. It may have died.
Build info: version: &#039;2.51.0&#039;, revision: &#039;1af067d&#039;, time: &#039;2016-02-05 19:11:55&#039;
System info: host: &#039;Hitesh-Mac-Mini.local&#039;, ip: &#039;10.30.30.98&#039;, os.name: &#039;Mac OS X&#039;, os.arch: &#039;x86_64&#039;, os.version: &#039;10.11.6&#039;, java.version: &#039;1.8.0_74&#039;
Driver info: driver.version: RemoteWebDriver
Capabilities [{app=/Users/hiteshbhardwaj/Desktop/Automation/app/DictionaryFrameworkAndroid/apps-finance-debug.apk, appPackage=com.ma.finance.dictionary.free, networkConnectionEnabled=true, warnings={}, appiumVersion=1.4.13, databaseEnabled=false, deviceName=ZX1G4228HP, platform=LINUX, appActivity=com.eduven.ld.dict.activity.SplashActivity, desired={app=/Users/hiteshbhardwaj/Desktop/Automation/app/DictionaryFrameworkAndroid/apps-finance-debug.apk, appPackage=com.ma.finance.dictionary.free, appActivity=com.eduven.ld.dict.activity.SplashActivity, newCommandTimeout=2000, platformVersion=6.0.1, appiumVersion=1.4.13, automationName=Appium, platformName=Android, deviceName=ZX1G4228HP}, newCommandTimeout=2000, platformVersion=6.0.1, webStorageEnabled=false, locationContextEnabled=false, automationName=Appium, browserName=Android, takesScreenshot=true, javascriptEnabled=true, platformName=Android}]
Session ID: 75c8afd0-560a-480a-9e91-ab2226b3637c">
      <![CDATA[org.openqa.selenium.remote.UnreachableBrowserException: Error communicating with the remote browser. It may have died.
Build info: version: '2.51.0', revision: '1af067d', time: '2016-02-05 19:11:55'
System info: host: 'Hitesh-Mac-Mini.local', ip: '10.30.30.98', os.name: 'Mac OS X', os.arch: 'x86_64', os.version: '10.11.6', java.version: '1.8.0_74'
Driver info: driver.version: RemoteWebDriver
Capabilities [{app=/Users/hiteshbhardwaj/Desktop/Automation/app/DictionaryFrameworkAndroid/apps-finance-debug.apk, appPackage=com.ma.finance.dictionary.free, networkConnectionEnabled=true, warnings={}, appiumVersion=1.4.13, databaseEnabled=false, deviceName=ZX1G4228HP, platform=LINUX, appActivity=com.eduven.ld.dict.activity.SplashActivity, desired={app=/Users/hiteshbhardwaj/Desktop/Automation/app/DictionaryFrameworkAndroid/apps-finance-debug.apk, appPackage=com.ma.finance.dictionary.free, appActivity=com.eduven.ld.dict.activity.SplashActivity, newCommandTimeout=2000, platformVersion=6.0.1, appiumVersion=1.4.13, automationName=Appium, platformName=Android, deviceName=ZX1G4228HP}, newCommandTimeout=2000, platformVersion=6.0.1, webStorageEnabled=false, locationContextEnabled=false, automationName=Appium, browserName=Android, takesScreenshot=true, javascriptEnabled=true, platformName=Android}]
Session ID: 75c8afd0-560a-480a-9e91-ab2226b3637c
	at org.openqa.selenium.remote.RemoteWebDriver.execute(RemoteWebDriver.java:665)
	at io.appium.java_client.DefaultGenericMobileDriver.execute(DefaultGenericMobileDriver.java:43)
	at io.appium.java_client.AppiumDriver.execute(AppiumDriver.java:216)
	at org.openqa.selenium.remote.RemoteWebDriver.getScreenshotAs(RemoteWebDriver.java:335)
	at com.eduven.utils.ScreenShot.takescreenShotCapture(ScreenShot.java:28)
	at com.eduven.testcase.TermDetailPageTestCases.tearDown(TermDetailPageTestCases.java:118)
	at sun.reflect.NativeMethodAccessorImpl.invoke0(Native Method)
	at sun.reflect.NativeMethodAccessorImpl.invoke(NativeMethodAccessorImpl.java:62)
	at sun.reflect.DelegatingMethodAccessorImpl.invoke(DelegatingMethodAccessorImpl.java:43)
	at java.lang.reflect.Method.invoke(Method.java:498)
	at org.testng.internal.MethodInvocationHelper.invokeMethod(MethodInvocationHelper.java:85)
	at org.testng.internal.Invoker.invokeConfigurationMethod(Invoker.java:510)
	at org.testng.internal.Invoker.invokeConfigurations(Invoker.java:211)
	at org.testng.internal.Invoker.invokeMethod(Invoker.java:703)
	at org.testng.internal.Invoker.invokeTestMethod(Invoker.java:816)
	at org.testng.internal.Invoker.invokeTestMethods(Invoker.java:1124)
	at org.testng.internal.TestMethodWorker.invokeTestMethods(TestMethodWorker.java:125)
	at org.testng.internal.TestMethodWorker.run(TestMethodWorker.java:108)
	at org.testng.TestRunner.privateRun(TestRunner.java:774)
	at org.testng.TestRunner.run(TestRunner.java:624)
	at org.testng.SuiteRunner.runTest(SuiteRunner.java:359)
	at org.testng.SuiteRunner.runSequentially(SuiteRunner.java:354)
	at org.testng.SuiteRunner.privateRun(SuiteRunner.java:312)
	at org.testng.SuiteRunner.run(SuiteRunner.java:261)
	at org.testng.SuiteRunnerWorker.runSuite(SuiteRunnerWorker.java:52)
	at org.testng.SuiteRunnerWorker.run(SuiteRunnerWorker.java:86)
	at org.testng.TestNG.runSuitesSequentially(TestNG.java:1215)
	at org.testng.TestNG.runSuitesLocally(TestNG.java:1140)
	at org.testng.TestNG.run(TestNG.java:1048)
	at com.eduven.utils.RunTestng.main(RunTestng.java:61)
Caused by: org.openqa.selenium.WebDriverException: org.apache.http.conn.HttpHostConnectException: Connect to 127.0.0.1:4723 [/127.0.0.1] failed: Connection refused
Build info: version: '2.51.0', revision: '1af067d', time: '2016-02-05 19:11:55'
System info: host: 'Hitesh-Mac-Mini.local', ip: '10.30.30.98', os.name: 'Mac OS X', os.arch: 'x86_64', os.version: '10.11.6', java.version: '1.8.0_74'
Driver info: driver.version: RemoteWebDriver
	at io.appium.java_client.remote.AppiumCommandExecutor.execute(AppiumCommandExecutor.java:76)
	at org.openqa.selenium.remote.RemoteWebDriver.execute(RemoteWebDriver.java:644)
	... 29 more
Caused by: org.apache.http.conn.HttpHostConnectException: Connect to 127.0.0.1:4723 [/127.0.0.1] failed: Connection refused
	at org.apache.http.impl.conn.DefaultHttpClientConnectionOperator.connect(DefaultHttpClientConnectionOperator.java:151)
	at org.apache.http.impl.conn.PoolingHttpClientConnectionManager.connect(PoolingHttpClientConnectionManager.java:353)
	at org.apache.http.impl.execchain.MainClientExec.establishRoute(MainClientExec.java:380)
	at org.apache.http.impl.execchain.MainClientExec.execute(MainClientExec.java:236)
	at org.apache.http.impl.execchain.ProtocolExec.execute(ProtocolExec.java:184)
	at org.apache.http.impl.execchain.RetryExec.execute(RetryExec.java:88)
	at org.apache.http.impl.execchain.RedirectExec.execute(RedirectExec.java:110)
	at org.apache.http.impl.client.InternalHttpClient.doExecute(InternalHttpClient.java:184)
	at org.apache.http.impl.client.CloseableHttpClient.execute(CloseableHttpClient.java:71)
	at org.apache.http.impl.client.CloseableHttpClient.execute(CloseableHttpClient.java:55)
	at org.openqa.selenium.remote.internal.ApacheHttpClient.fallBackExecute(ApacheHttpClient.java:144)
	at org.openqa.selenium.remote.internal.ApacheHttpClient.execute(ApacheHttpClient.java:90)
	at org.openqa.selenium.remote.HttpCommandExecutor.execute(HttpCommandExecutor.java:142)
	at io.appium.java_client.remote.AppiumCommandExecutor.execute(AppiumCommandExecutor.java:64)
	... 30 more
Caused by: java.net.ConnectException: Connection refused
	at java.net.PlainSocketImpl.socketConnect(Native Method)
	at java.net.AbstractPlainSocketImpl.doConnect(AbstractPlainSocketImpl.java:350)
	at java.net.AbstractPlainSocketImpl.connectToAddress(AbstractPlainSocketImpl.java:206)
	at java.net.AbstractPlainSocketImpl.connect(AbstractPlainSocketImpl.java:188)
	at java.net.SocksSocketImpl.connect(SocksSocketImpl.java:392)
	at java.net.Socket.connect(Socket.java:589)
	at org.apache.http.conn.socket.PlainConnectionSocketFactory.connectSocket(PlainConnectionSocketFactory.java:74)
	at org.apache.http.impl.conn.DefaultHttpClientConnectionOperator.connect(DefaultHttpClientConnectionOperator.java:134)
	... 43 more
]]>
    </error>
  </testcase> <!-- checkInApp_btn_after_purchase_test -->
  <testcase name="verify_lock_term_appear_as_unlock_term_test" time="0.000" classname="com.eduven.testcase.InAppPurchaseTestCases">
    <error type="org.openqa.selenium.remote.UnreachableBrowserException" message="Error communicating with the remote browser. It may have died.
Build info: version: &#039;2.51.0&#039;, revision: &#039;1af067d&#039;, time: &#039;2016-02-05 19:11:55&#039;
System info: host: &#039;Hitesh-Mac-Mini.local&#039;, ip: &#039;10.30.30.98&#039;, os.name: &#039;Mac OS X&#039;, os.arch: &#039;x86_64&#039;, os.version: &#039;10.11.6&#039;, java.version: &#039;1.8.0_74&#039;
Driver info: driver.version: RemoteWebDriver
Capabilities [{app=/Users/hiteshbhardwaj/Desktop/Automation/app/DictionaryFrameworkAndroid/apps-finance-debug.apk, appPackage=com.ma.finance.dictionary.free, networkConnectionEnabled=true, warnings={}, appiumVersion=1.4.13, databaseEnabled=false, deviceName=ZX1G4228HP, platform=LINUX, appActivity=com.eduven.ld.dict.activity.SplashActivity, desired={app=/Users/hiteshbhardwaj/Desktop/Automation/app/DictionaryFrameworkAndroid/apps-finance-debug.apk, appPackage=com.ma.finance.dictionary.free, appActivity=com.eduven.ld.dict.activity.SplashActivity, newCommandTimeout=2000, platformVersion=6.0.1, appiumVersion=1.4.13, automationName=Appium, platformName=Android, deviceName=ZX1G4228HP}, newCommandTimeout=2000, platformVersion=6.0.1, webStorageEnabled=false, locationContextEnabled=false, automationName=Appium, browserName=Android, takesScreenshot=true, javascriptEnabled=true, platformName=Android}]
Session ID: 75c8afd0-560a-480a-9e91-ab2226b3637c">
      <![CDATA[org.openqa.selenium.remote.UnreachableBrowserException: Error communicating with the remote browser. It may have died.
Build info: version: '2.51.0', revision: '1af067d', time: '2016-02-05 19:11:55'
System info: host: 'Hitesh-Mac-Mini.local', ip: '10.30.30.98', os.name: 'Mac OS X', os.arch: 'x86_64', os.version: '10.11.6', java.version: '1.8.0_74'
Driver info: driver.version: RemoteWebDriver
Capabilities [{app=/Users/hiteshbhardwaj/Desktop/Automation/app/DictionaryFrameworkAndroid/apps-finance-debug.apk, appPackage=com.ma.finance.dictionary.free, networkConnectionEnabled=true, warnings={}, appiumVersion=1.4.13, databaseEnabled=false, deviceName=ZX1G4228HP, platform=LINUX, appActivity=com.eduven.ld.dict.activity.SplashActivity, desired={app=/Users/hiteshbhardwaj/Desktop/Automation/app/DictionaryFrameworkAndroid/apps-finance-debug.apk, appPackage=com.ma.finance.dictionary.free, appActivity=com.eduven.ld.dict.activity.SplashActivity, newCommandTimeout=2000, platformVersion=6.0.1, appiumVersion=1.4.13, automationName=Appium, platformName=Android, deviceName=ZX1G4228HP}, newCommandTimeout=2000, platformVersion=6.0.1, webStorageEnabled=false, locationContextEnabled=false, automationName=Appium, browserName=Android, takesScreenshot=true, javascriptEnabled=true, platformName=Android}]
Session ID: 75c8afd0-560a-480a-9e91-ab2226b3637c
	at org.openqa.selenium.remote.RemoteWebDriver.execute(RemoteWebDriver.java:665)
	at io.appium.java_client.DefaultGenericMobileDriver.execute(DefaultGenericMobileDriver.java:43)
	at io.appium.java_client.AppiumDriver.execute(AppiumDriver.java:216)
	at org.openqa.selenium.remote.RemoteWebDriver.getScreenshotAs(RemoteWebDriver.java:335)
	at com.eduven.utils.ScreenShot.takescreenShotCapture(ScreenShot.java:28)
	at com.eduven.testcase.TermDetailPageTestCases.tearDown(TermDetailPageTestCases.java:118)
	at sun.reflect.NativeMethodAccessorImpl.invoke0(Native Method)
	at sun.reflect.NativeMethodAccessorImpl.invoke(NativeMethodAccessorImpl.java:62)
	at sun.reflect.DelegatingMethodAccessorImpl.invoke(DelegatingMethodAccessorImpl.java:43)
	at java.lang.reflect.Method.invoke(Method.java:498)
	at org.testng.internal.MethodInvocationHelper.invokeMethod(MethodInvocationHelper.java:85)
	at org.testng.internal.Invoker.invokeConfigurationMethod(Invoker.java:510)
	at org.testng.internal.Invoker.invokeConfigurations(Invoker.java:211)
	at org.testng.internal.Invoker.invokeMethod(Invoker.java:703)
	at org.testng.internal.Invoker.invokeTestMethod(Invoker.java:816)
	at org.testng.internal.Invoker.invokeTestMethods(Invoker.java:1124)
	at org.testng.internal.TestMethodWorker.invokeTestMethods(TestMethodWorker.java:125)
	at org.testng.internal.TestMethodWorker.run(TestMethodWorker.java:108)
	at org.testng.TestRunner.privateRun(TestRunner.java:774)
	at org.testng.TestRunner.run(TestRunner.java:624)
	at org.testng.SuiteRunner.runTest(SuiteRunner.java:359)
	at org.testng.SuiteRunner.runSequentially(SuiteRunner.java:354)
	at org.testng.SuiteRunner.privateRun(SuiteRunner.java:312)
	at org.testng.SuiteRunner.run(SuiteRunner.java:261)
	at org.testng.SuiteRunnerWorker.runSuite(SuiteRunnerWorker.java:52)
	at org.testng.SuiteRunnerWorker.run(SuiteRunnerWorker.java:86)
	at org.testng.TestNG.runSuitesSequentially(TestNG.java:1215)
	at org.testng.TestNG.runSuitesLocally(TestNG.java:1140)
	at org.testng.TestNG.run(TestNG.java:1048)
	at com.eduven.utils.RunTestng.main(RunTestng.java:61)
Caused by: org.openqa.selenium.WebDriverException: org.apache.http.conn.HttpHostConnectException: Connect to 127.0.0.1:4723 [/127.0.0.1] failed: Connection refused
Build info: version: '2.51.0', revision: '1af067d', time: '2016-02-05 19:11:55'
System info: host: 'Hitesh-Mac-Mini.local', ip: '10.30.30.98', os.name: 'Mac OS X', os.arch: 'x86_64', os.version: '10.11.6', java.version: '1.8.0_74'
Driver info: driver.version: RemoteWebDriver
	at io.appium.java_client.remote.AppiumCommandExecutor.execute(AppiumCommandExecutor.java:76)
	at org.openqa.selenium.remote.RemoteWebDriver.execute(RemoteWebDriver.java:644)
	... 29 more
Caused by: org.apache.http.conn.HttpHostConnectException: Connect to 127.0.0.1:4723 [/127.0.0.1] failed: Connection refused
	at org.apache.http.impl.conn.DefaultHttpClientConnectionOperator.connect(DefaultHttpClientConnectionOperator.java:151)
	at org.apache.http.impl.conn.PoolingHttpClientConnectionManager.connect(PoolingHttpClientConnectionManager.java:353)
	at org.apache.http.impl.execchain.MainClientExec.establishRoute(MainClientExec.java:380)
	at org.apache.http.impl.execchain.MainClientExec.execute(MainClientExec.java:236)
	at org.apache.http.impl.execchain.ProtocolExec.execute(ProtocolExec.java:184)
	at org.apache.http.impl.execchain.RetryExec.execute(RetryExec.java:88)
	at org.apache.http.impl.execchain.RedirectExec.execute(RedirectExec.java:110)
	at org.apache.http.impl.client.InternalHttpClient.doExecute(InternalHttpClient.java:184)
	at org.apache.http.impl.client.CloseableHttpClient.execute(CloseableHttpClient.java:71)
	at org.apache.http.impl.client.CloseableHttpClient.execute(CloseableHttpClient.java:55)
	at org.openqa.selenium.remote.internal.ApacheHttpClient.fallBackExecute(ApacheHttpClient.java:144)
	at org.openqa.selenium.remote.internal.ApacheHttpClient.execute(ApacheHttpClient.java:90)
	at org.openqa.selenium.remote.HttpCommandExecutor.execute(HttpCommandExecutor.java:142)
	at io.appium.java_client.remote.AppiumCommandExecutor.execute(AppiumCommandExecutor.java:64)
	... 30 more
Caused by: java.net.ConnectException: Connection refused
	at java.net.PlainSocketImpl.socketConnect(Native Method)
	at java.net.AbstractPlainSocketImpl.doConnect(AbstractPlainSocketImpl.java:350)
	at java.net.AbstractPlainSocketImpl.connectToAddress(AbstractPlainSocketImpl.java:206)
	at java.net.AbstractPlainSocketImpl.connect(AbstractPlainSocketImpl.java:188)
	at java.net.SocksSocketImpl.connect(SocksSocketImpl.java:392)
	at java.net.Socket.connect(Socket.java:589)
	at org.apache.http.conn.socket.PlainConnectionSocketFactory.connectSocket(PlainConnectionSocketFactory.java:74)
	at org.apache.http.impl.conn.DefaultHttpClientConnectionOperator.connect(DefaultHttpClientConnectionOperator.java:134)
	... 43 more
]]>
    </error>
  </testcase> <!-- verify_lock_term_appear_as_unlock_term_test -->
  <testcase name="check_premium_term_before_purchase_test" time="0.000" classname="com.eduven.testcase.InAppPurchaseTestCases">
    <error type="org.openqa.selenium.remote.UnreachableBrowserException" message="Error communicating with the remote browser. It may have died.
Build info: version: &#039;2.51.0&#039;, revision: &#039;1af067d&#039;, time: &#039;2016-02-05 19:11:55&#039;
System info: host: &#039;Hitesh-Mac-Mini.local&#039;, ip: &#039;10.30.30.98&#039;, os.name: &#039;Mac OS X&#039;, os.arch: &#039;x86_64&#039;, os.version: &#039;10.11.6&#039;, java.version: &#039;1.8.0_74&#039;
Driver info: driver.version: RemoteWebDriver
Capabilities [{app=/Users/hiteshbhardwaj/Desktop/Automation/app/DictionaryFrameworkAndroid/apps-finance-debug.apk, appPackage=com.ma.finance.dictionary.free, networkConnectionEnabled=true, warnings={}, appiumVersion=1.4.13, databaseEnabled=false, deviceName=ZX1G4228HP, platform=LINUX, appActivity=com.eduven.ld.dict.activity.SplashActivity, desired={app=/Users/hiteshbhardwaj/Desktop/Automation/app/DictionaryFrameworkAndroid/apps-finance-debug.apk, appPackage=com.ma.finance.dictionary.free, appActivity=com.eduven.ld.dict.activity.SplashActivity, newCommandTimeout=2000, platformVersion=6.0.1, appiumVersion=1.4.13, automationName=Appium, platformName=Android, deviceName=ZX1G4228HP}, newCommandTimeout=2000, platformVersion=6.0.1, webStorageEnabled=false, locationContextEnabled=false, automationName=Appium, browserName=Android, takesScreenshot=true, javascriptEnabled=true, platformName=Android}]
Session ID: 75c8afd0-560a-480a-9e91-ab2226b3637c">
      <![CDATA[org.openqa.selenium.remote.UnreachableBrowserException: Error communicating with the remote browser. It may have died.
Build info: version: '2.51.0', revision: '1af067d', time: '2016-02-05 19:11:55'
System info: host: 'Hitesh-Mac-Mini.local', ip: '10.30.30.98', os.name: 'Mac OS X', os.arch: 'x86_64', os.version: '10.11.6', java.version: '1.8.0_74'
Driver info: driver.version: RemoteWebDriver
Capabilities [{app=/Users/hiteshbhardwaj/Desktop/Automation/app/DictionaryFrameworkAndroid/apps-finance-debug.apk, appPackage=com.ma.finance.dictionary.free, networkConnectionEnabled=true, warnings={}, appiumVersion=1.4.13, databaseEnabled=false, deviceName=ZX1G4228HP, platform=LINUX, appActivity=com.eduven.ld.dict.activity.SplashActivity, desired={app=/Users/hiteshbhardwaj/Desktop/Automation/app/DictionaryFrameworkAndroid/apps-finance-debug.apk, appPackage=com.ma.finance.dictionary.free, appActivity=com.eduven.ld.dict.activity.SplashActivity, newCommandTimeout=2000, platformVersion=6.0.1, appiumVersion=1.4.13, automationName=Appium, platformName=Android, deviceName=ZX1G4228HP}, newCommandTimeout=2000, platformVersion=6.0.1, webStorageEnabled=false, locationContextEnabled=false, automationName=Appium, browserName=Android, takesScreenshot=true, javascriptEnabled=true, platformName=Android}]
Session ID: 75c8afd0-560a-480a-9e91-ab2226b3637c
	at org.openqa.selenium.remote.RemoteWebDriver.execute(RemoteWebDriver.java:665)
	at io.appium.java_client.DefaultGenericMobileDriver.execute(DefaultGenericMobileDriver.java:43)
	at io.appium.java_client.AppiumDriver.execute(AppiumDriver.java:216)
	at org.openqa.selenium.remote.RemoteWebDriver.getScreenshotAs(RemoteWebDriver.java:335)
	at com.eduven.utils.ScreenShot.takescreenShotCapture(ScreenShot.java:28)
	at com.eduven.testcase.TermDetailPageTestCases.tearDown(TermDetailPageTestCases.java:118)
	at sun.reflect.NativeMethodAccessorImpl.invoke0(Native Method)
	at sun.reflect.NativeMethodAccessorImpl.invoke(NativeMethodAccessorImpl.java:62)
	at sun.reflect.DelegatingMethodAccessorImpl.invoke(DelegatingMethodAccessorImpl.java:43)
	at java.lang.reflect.Method.invoke(Method.java:498)
	at org.testng.internal.MethodInvocationHelper.invokeMethod(MethodInvocationHelper.java:85)
	at org.testng.internal.Invoker.invokeConfigurationMethod(Invoker.java:510)
	at org.testng.internal.Invoker.invokeConfigurations(Invoker.java:211)
	at org.testng.internal.Invoker.invokeMethod(Invoker.java:703)
	at org.testng.internal.Invoker.invokeTestMethod(Invoker.java:816)
	at org.testng.internal.Invoker.invokeTestMethods(Invoker.java:1124)
	at org.testng.internal.TestMethodWorker.invokeTestMethods(TestMethodWorker.java:125)
	at org.testng.internal.TestMethodWorker.run(TestMethodWorker.java:108)
	at org.testng.TestRunner.privateRun(TestRunner.java:774)
	at org.testng.TestRunner.run(TestRunner.java:624)
	at org.testng.SuiteRunner.runTest(SuiteRunner.java:359)
	at org.testng.SuiteRunner.runSequentially(SuiteRunner.java:354)
	at org.testng.SuiteRunner.privateRun(SuiteRunner.java:312)
	at org.testng.SuiteRunner.run(SuiteRunner.java:261)
	at org.testng.SuiteRunnerWorker.runSuite(SuiteRunnerWorker.java:52)
	at org.testng.SuiteRunnerWorker.run(SuiteRunnerWorker.java:86)
	at org.testng.TestNG.runSuitesSequentially(TestNG.java:1215)
	at org.testng.TestNG.runSuitesLocally(TestNG.java:1140)
	at org.testng.TestNG.run(TestNG.java:1048)
	at com.eduven.utils.RunTestng.main(RunTestng.java:61)
Caused by: org.openqa.selenium.WebDriverException: org.apache.http.conn.HttpHostConnectException: Connect to 127.0.0.1:4723 [/127.0.0.1] failed: Connection refused
Build info: version: '2.51.0', revision: '1af067d', time: '2016-02-05 19:11:55'
System info: host: 'Hitesh-Mac-Mini.local', ip: '10.30.30.98', os.name: 'Mac OS X', os.arch: 'x86_64', os.version: '10.11.6', java.version: '1.8.0_74'
Driver info: driver.version: RemoteWebDriver
	at io.appium.java_client.remote.AppiumCommandExecutor.execute(AppiumCommandExecutor.java:76)
	at org.openqa.selenium.remote.RemoteWebDriver.execute(RemoteWebDriver.java:644)
	... 29 more
Caused by: org.apache.http.conn.HttpHostConnectException: Connect to 127.0.0.1:4723 [/127.0.0.1] failed: Connection refused
	at org.apache.http.impl.conn.DefaultHttpClientConnectionOperator.connect(DefaultHttpClientConnectionOperator.java:151)
	at org.apache.http.impl.conn.PoolingHttpClientConnectionManager.connect(PoolingHttpClientConnectionManager.java:353)
	at org.apache.http.impl.execchain.MainClientExec.establishRoute(MainClientExec.java:380)
	at org.apache.http.impl.execchain.MainClientExec.execute(MainClientExec.java:236)
	at org.apache.http.impl.execchain.ProtocolExec.execute(ProtocolExec.java:184)
	at org.apache.http.impl.execchain.RetryExec.execute(RetryExec.java:88)
	at org.apache.http.impl.execchain.RedirectExec.execute(RedirectExec.java:110)
	at org.apache.http.impl.client.InternalHttpClient.doExecute(InternalHttpClient.java:184)
	at org.apache.http.impl.client.CloseableHttpClient.execute(CloseableHttpClient.java:71)
	at org.apache.http.impl.client.CloseableHttpClient.execute(CloseableHttpClient.java:55)
	at org.openqa.selenium.remote.internal.ApacheHttpClient.fallBackExecute(ApacheHttpClient.java:144)
	at org.openqa.selenium.remote.internal.ApacheHttpClient.execute(ApacheHttpClient.java:90)
	at org.openqa.selenium.remote.HttpCommandExecutor.execute(HttpCommandExecutor.java:142)
	at io.appium.java_client.remote.AppiumCommandExecutor.execute(AppiumCommandExecutor.java:64)
	... 30 more
Caused by: java.net.ConnectException: Connection refused
	at java.net.PlainSocketImpl.socketConnect(Native Method)
	at java.net.AbstractPlainSocketImpl.doConnect(AbstractPlainSocketImpl.java:350)
	at java.net.AbstractPlainSocketImpl.connectToAddress(AbstractPlainSocketImpl.java:206)
	at java.net.AbstractPlainSocketImpl.connect(AbstractPlainSocketImpl.java:188)
	at java.net.SocksSocketImpl.connect(SocksSocketImpl.java:392)
	at java.net.Socket.connect(Socket.java:589)
	at org.apache.http.conn.socket.PlainConnectionSocketFactory.connectSocket(PlainConnectionSocketFactory.java:74)
	at org.apache.http.impl.conn.DefaultHttpClientConnectionOperator.connect(DefaultHttpClientConnectionOperator.java:134)
	... 43 more
]]>
    </error>
  </testcase> <!-- check_premium_term_before_purchase_test -->
  <testcase name="inAppPurchase_test" time="0.000" classname="com.eduven.testcase.InAppPurchaseTestCases">
    <error type="org.openqa.selenium.remote.UnreachableBrowserException" message="Error communicating with the remote browser. It may have died.
Build info: version: &#039;2.51.0&#039;, revision: &#039;1af067d&#039;, time: &#039;2016-02-05 19:11:55&#039;
System info: host: &#039;Hitesh-Mac-Mini.local&#039;, ip: &#039;10.30.30.98&#039;, os.name: &#039;Mac OS X&#039;, os.arch: &#039;x86_64&#039;, os.version: &#039;10.11.6&#039;, java.version: &#039;1.8.0_74&#039;
Driver info: driver.version: RemoteWebDriver
Capabilities [{app=/Users/hiteshbhardwaj/Desktop/Automation/app/DictionaryFrameworkAndroid/apps-finance-debug.apk, appPackage=com.ma.finance.dictionary.free, networkConnectionEnabled=true, warnings={}, appiumVersion=1.4.13, databaseEnabled=false, deviceName=ZX1G4228HP, platform=LINUX, appActivity=com.eduven.ld.dict.activity.SplashActivity, desired={app=/Users/hiteshbhardwaj/Desktop/Automation/app/DictionaryFrameworkAndroid/apps-finance-debug.apk, appPackage=com.ma.finance.dictionary.free, appActivity=com.eduven.ld.dict.activity.SplashActivity, newCommandTimeout=2000, platformVersion=6.0.1, appiumVersion=1.4.13, automationName=Appium, platformName=Android, deviceName=ZX1G4228HP}, newCommandTimeout=2000, platformVersion=6.0.1, webStorageEnabled=false, locationContextEnabled=false, automationName=Appium, browserName=Android, takesScreenshot=true, javascriptEnabled=true, platformName=Android}]
Session ID: 75c8afd0-560a-480a-9e91-ab2226b3637c">
      <![CDATA[org.openqa.selenium.remote.UnreachableBrowserException: Error communicating with the remote browser. It may have died.
Build info: version: '2.51.0', revision: '1af067d', time: '2016-02-05 19:11:55'
System info: host: 'Hitesh-Mac-Mini.local', ip: '10.30.30.98', os.name: 'Mac OS X', os.arch: 'x86_64', os.version: '10.11.6', java.version: '1.8.0_74'
Driver info: driver.version: RemoteWebDriver
Capabilities [{app=/Users/hiteshbhardwaj/Desktop/Automation/app/DictionaryFrameworkAndroid/apps-finance-debug.apk, appPackage=com.ma.finance.dictionary.free, networkConnectionEnabled=true, warnings={}, appiumVersion=1.4.13, databaseEnabled=false, deviceName=ZX1G4228HP, platform=LINUX, appActivity=com.eduven.ld.dict.activity.SplashActivity, desired={app=/Users/hiteshbhardwaj/Desktop/Automation/app/DictionaryFrameworkAndroid/apps-finance-debug.apk, appPackage=com.ma.finance.dictionary.free, appActivity=com.eduven.ld.dict.activity.SplashActivity, newCommandTimeout=2000, platformVersion=6.0.1, appiumVersion=1.4.13, automationName=Appium, platformName=Android, deviceName=ZX1G4228HP}, newCommandTimeout=2000, platformVersion=6.0.1, webStorageEnabled=false, locationContextEnabled=false, automationName=Appium, browserName=Android, takesScreenshot=true, javascriptEnabled=true, platformName=Android}]
Session ID: 75c8afd0-560a-480a-9e91-ab2226b3637c
	at org.openqa.selenium.remote.RemoteWebDriver.execute(RemoteWebDriver.java:665)
	at io.appium.java_client.DefaultGenericMobileDriver.execute(DefaultGenericMobileDriver.java:43)
	at io.appium.java_client.AppiumDriver.execute(AppiumDriver.java:216)
	at org.openqa.selenium.remote.RemoteWebDriver.getScreenshotAs(RemoteWebDriver.java:335)
	at com.eduven.utils.ScreenShot.takescreenShotCapture(ScreenShot.java:28)
	at com.eduven.testcase.TermDetailPageTestCases.tearDown(TermDetailPageTestCases.java:118)
	at sun.reflect.NativeMethodAccessorImpl.invoke0(Native Method)
	at sun.reflect.NativeMethodAccessorImpl.invoke(NativeMethodAccessorImpl.java:62)
	at sun.reflect.DelegatingMethodAccessorImpl.invoke(DelegatingMethodAccessorImpl.java:43)
	at java.lang.reflect.Method.invoke(Method.java:498)
	at org.testng.internal.MethodInvocationHelper.invokeMethod(MethodInvocationHelper.java:85)
	at org.testng.internal.Invoker.invokeConfigurationMethod(Invoker.java:510)
	at org.testng.internal.Invoker.invokeConfigurations(Invoker.java:211)
	at org.testng.internal.Invoker.invokeMethod(Invoker.java:703)
	at org.testng.internal.Invoker.invokeTestMethod(Invoker.java:816)
	at org.testng.internal.Invoker.invokeTestMethods(Invoker.java:1124)
	at org.testng.internal.TestMethodWorker.invokeTestMethods(TestMethodWorker.java:125)
	at org.testng.internal.TestMethodWorker.run(TestMethodWorker.java:108)
	at org.testng.TestRunner.privateRun(TestRunner.java:774)
	at org.testng.TestRunner.run(TestRunner.java:624)
	at org.testng.SuiteRunner.runTest(SuiteRunner.java:359)
	at org.testng.SuiteRunner.runSequentially(SuiteRunner.java:354)
	at org.testng.SuiteRunner.privateRun(SuiteRunner.java:312)
	at org.testng.SuiteRunner.run(SuiteRunner.java:261)
	at org.testng.SuiteRunnerWorker.runSuite(SuiteRunnerWorker.java:52)
	at org.testng.SuiteRunnerWorker.run(SuiteRunnerWorker.java:86)
	at org.testng.TestNG.runSuitesSequentially(TestNG.java:1215)
	at org.testng.TestNG.runSuitesLocally(TestNG.java:1140)
	at org.testng.TestNG.run(TestNG.java:1048)
	at com.eduven.utils.RunTestng.main(RunTestng.java:61)
Caused by: org.openqa.selenium.WebDriverException: org.apache.http.conn.HttpHostConnectException: Connect to 127.0.0.1:4723 [/127.0.0.1] failed: Connection refused
Build info: version: '2.51.0', revision: '1af067d', time: '2016-02-05 19:11:55'
System info: host: 'Hitesh-Mac-Mini.local', ip: '10.30.30.98', os.name: 'Mac OS X', os.arch: 'x86_64', os.version: '10.11.6', java.version: '1.8.0_74'
Driver info: driver.version: RemoteWebDriver
	at io.appium.java_client.remote.AppiumCommandExecutor.execute(AppiumCommandExecutor.java:76)
	at org.openqa.selenium.remote.RemoteWebDriver.execute(RemoteWebDriver.java:644)
	... 29 more
Caused by: org.apache.http.conn.HttpHostConnectException: Connect to 127.0.0.1:4723 [/127.0.0.1] failed: Connection refused
	at org.apache.http.impl.conn.DefaultHttpClientConnectionOperator.connect(DefaultHttpClientConnectionOperator.java:151)
	at org.apache.http.impl.conn.PoolingHttpClientConnectionManager.connect(PoolingHttpClientConnectionManager.java:353)
	at org.apache.http.impl.execchain.MainClientExec.establishRoute(MainClientExec.java:380)
	at org.apache.http.impl.execchain.MainClientExec.execute(MainClientExec.java:236)
	at org.apache.http.impl.execchain.ProtocolExec.execute(ProtocolExec.java:184)
	at org.apache.http.impl.execchain.RetryExec.execute(RetryExec.java:88)
	at org.apache.http.impl.execchain.RedirectExec.execute(RedirectExec.java:110)
	at org.apache.http.impl.client.InternalHttpClient.doExecute(InternalHttpClient.java:184)
	at org.apache.http.impl.client.CloseableHttpClient.execute(CloseableHttpClient.java:71)
	at org.apache.http.impl.client.CloseableHttpClient.execute(CloseableHttpClient.java:55)
	at org.openqa.selenium.remote.internal.ApacheHttpClient.fallBackExecute(ApacheHttpClient.java:144)
	at org.openqa.selenium.remote.internal.ApacheHttpClient.execute(ApacheHttpClient.java:90)
	at org.openqa.selenium.remote.HttpCommandExecutor.execute(HttpCommandExecutor.java:142)
	at io.appium.java_client.remote.AppiumCommandExecutor.execute(AppiumCommandExecutor.java:64)
	... 30 more
Caused by: java.net.ConnectException: Connection refused
	at java.net.PlainSocketImpl.socketConnect(Native Method)
	at java.net.AbstractPlainSocketImpl.doConnect(AbstractPlainSocketImpl.java:350)
	at java.net.AbstractPlainSocketImpl.connectToAddress(AbstractPlainSocketImpl.java:206)
	at java.net.AbstractPlainSocketImpl.connect(AbstractPlainSocketImpl.java:188)
	at java.net.SocksSocketImpl.connect(SocksSocketImpl.java:392)
	at java.net.Socket.connect(Socket.java:589)
	at org.apache.http.conn.socket.PlainConnectionSocketFactory.connectSocket(PlainConnectionSocketFactory.java:74)
	at org.apache.http.impl.conn.DefaultHttpClientConnectionOperator.connect(DefaultHttpClientConnectionOperator.java:134)
	... 43 more
]]>
    </error>
  </testcase> <!-- inAppPurchase_test -->
</testsuite> <!-- com.eduven.testcase.InAppPurchaseTestCases -->
