<?xml version="1.0" encoding="UTF-8"?>
<!-- Generated by org.testng.reporters.JUnitReportReporter -->
<testsuite name="com.eduven.testcase.EduBankPageTestCases" tests="16" time="496.753" ignored="0" failures="0" timestamp="20 Dec 2016 06:31:54 GMT" skipped="0" hostname="Hitesh-Mac-Mini.local" errors="0">
  <testcase name="createDuplicateCategoryInEdubankTest" time="29.783" classname="com.eduven.testcase.EduBankPageTestCases"/>
  <testcase name="verifyAddedCategoryTest" time="10.153" classname="com.eduven.testcase.EduBankPageTestCases"/>
  <testcase name="verifyAdsBannerTest" time="1.062" classname="com.eduven.testcase.EduBankPageTestCases"/>
  <testcase name="createBlankCategoryInEdubankTest" time="10.310" classname="com.eduven.testcase.EduBankPageTestCases"/>
  <testcase name="verifyDuplicateCategoryInEdubankTest" time="28.181" classname="com.eduven.testcase.EduBankPageTestCases"/>
  <testcase name="deleteCategoryFromEdubankTest" time="4.980" classname="com.eduven.testcase.EduBankPageTestCases"/>
  <testcase name="createAndVerifyCategoryInEdubankForSpecialCharacterTest" time="35.109" classname="com.eduven.testcase.EduBankPageTestCases"/>
  <testcase name="verifyRenameCategoryInEdubankTest" time="2.165" classname="com.eduven.testcase.EduBankPageTestCases"/>
  <testcase name="deleteAndVerifyCategoryFromEdubankTest" time="13.000" classname="com.eduven.testcase.EduBankPageTestCases"/>
  <testcase name="addCategoryFromGivenListTest" time="7.716" classname="com.eduven.testcase.EduBankPageTestCases"/>
  <testcase name="verifyRenameTermNameForSpecialCharacterTest" time="2.173" classname="com.eduven.testcase.EduBankPageTestCases"/>
  <testcase name="navigateToTermDetailPageTest" time="202.990" classname="com.eduven.testcase.EduBankPageTestCases"/>
  <testcase name="modifiedAlreadyAddedCategryInEdubankTest" time="51.279" classname="com.eduven.testcase.EduBankPageTestCases"/>
  <testcase name="verifyNewlyAddedCategoryInEdubankTest" time="31.334" classname="com.eduven.testcase.EduBankPageTestCases"/>
  <testcase name="renameTermNameForSpecialCharacterTest" time="58.966" classname="com.eduven.testcase.EduBankPageTestCases"/>
  <testcase name="verifyEmptyTermInEduBankTest" time="7.552" classname="com.eduven.testcase.EduBankPageTestCases"/>
</testsuite> <!-- com.eduven.testcase.EduBankPageTestCases -->
