<?xml version="1.0" encoding="UTF-8"?>
<!-- Generated by org.testng.reporters.JUnitReportReporter -->
<testsuite name="com.eduven.testcase.CheckInterstetialBeforePurchaseTestCases" tests="4" time="238.550" ignored="0" failures="0" timestamp="20 Dec 2016 07:40:14 GMT" skipped="0" hostname="Hitesh-Mac-Mini.local" errors="0">
  <testcase name="checkInterstetialForCategoryTest" time="109.473" classname="com.eduven.testcase.CheckInterstetialBeforePurchaseTestCases"/>
  <testcase name="checkInterstetialForSearchTest" time="85.334" classname="com.eduven.testcase.CheckInterstetialBeforePurchaseTestCases"/>
  <testcase name="checkInterstetialForInAppTest" time="31.115" classname="com.eduven.testcase.CheckInterstetialBeforePurchaseTestCases"/>
  <testcase name="checkInterstetialForTermDetailPageTest" time="12.628" classname="com.eduven.testcase.CheckInterstetialBeforePurchaseTestCases"/>
</testsuite> <!-- com.eduven.testcase.CheckInterstetialBeforePurchaseTestCases -->
