<?xml version="1.0" encoding="UTF-8"?>
<!-- Generated by org.testng.reporters.JUnitReportReporter -->
<testsuite hostname="Hitesh-Mac-Mini.local" name="com.eduven.testcase.CategoriesPageTestcases" tests="2" failures="0" timestamp="30 Jun 2016 12:00:54 GMT" time="275.233" errors="0">
  <testcase name="navigate_to_category_page_test" time="138.619" classname="com.eduven.testcase.CategoriesPageTestcases"/>
  <testcase name="category_verify_category_list_test" time="136.614" classname="com.eduven.testcase.CategoriesPageTestcases"/>
</testsuite> <!-- com.eduven.testcase.CategoriesPageTestcases -->
