<?xml version="1.0" encoding="UTF-8"?>
<!-- Generated by org.testng.reporters.JUnitReportReporter -->
<testsuite hostname="Hitesh-Mac-Mini.local" name="com.eduven.testcase.NetworkRelated" tests="4" failures="0" timestamp="2 Jun 2016 12:37:12 GMT" time="64.336" errors="0">
  <testcase name="test_network_connection_status_test" time="0.002" classname="com.eduven.testcase.NetworkRelated"/>
  <testcase name="handle_splash_screen_test" time="29.993" classname="com.eduven.testcase.NetworkRelated"/>
  <testcase name="check_paid_term_after_network_off_test" time="24.308" classname="com.eduven.testcase.NetworkRelated"/>
  <testcase name="navigate_to_sub_category_page_test" time="10.033" classname="com.eduven.testcase.NetworkRelated"/>
</testsuite> <!-- com.eduven.testcase.NetworkRelated -->
