<?xml version="1.0" encoding="UTF-8"?>
<!-- Generated by org.testng.reporters.JUnitReportReporter -->
<testsuite hostname="Akashs-Mac-mini.local" name="com.eduven.modules.HomePage" tests="1" failures="0" timestamp="12 Feb 2016 11:23:37 GMT" time="0.018" errors="0">
  <testcase name="test" time="0.018" classname="com.eduven.modules.HomePage"/>
</testsuite> <!-- com.eduven.modules.HomePage -->
