<?xml version="1.0" encoding="UTF-8"?>
<!-- Generated by org.testng.reporters.JUnitReportReporter -->
<testsuite hostname="Hitesh-Mac-Mini.local" name="com.eduven.testcase.EduBankPageTestCases" tests="7" failures="0" timestamp="30 Jun 2016 12:00:54 GMT" time="223.721" errors="0">
  <testcase name="eduBank_page_navigate_to_entity_detail_test" time="21.952" classname="com.eduven.testcase.EduBankPageTestCases"/>
  <testcase name="eduBank_page_check_favourite_and_alert_test" time="15.828" classname="com.eduven.testcase.EduBankPageTestCases"/>
  <testcase name="eduBank_page_add_favourite_to_eduBank_test" time="8.175" classname="com.eduven.testcase.EduBankPageTestCases"/>
  <testcase name="navigate_to_edubank_test" time="6.778" classname="com.eduven.testcase.EduBankPageTestCases"/>
  <testcase name="verify_eduBank_add_entity_test" time="9.722" classname="com.eduven.testcase.EduBankPageTestCases"/>
  <testcase name="remove_entity_from_eduBank" time="22.262" classname="com.eduven.testcase.EduBankPageTestCases"/>
  <testcase name="eduBank_page_splash_screen_test" time="139.004" classname="com.eduven.testcase.EduBankPageTestCases"/>
</testsuite> <!-- com.eduven.testcase.EduBankPageTestCases -->
