<?xml version="1.0" encoding="UTF-8"?>
<!-- Generated by org.testng.reporters.JUnitReportReporter -->
<testsuite hostname="Hitesh-Mac-Mini.local" name="com.eduven.testcase.TransportationPageTestCases" tests="5" failures="0" timestamp="30 Jun 2016 12:00:54 GMT" time="766.725" errors="0">
  <testcase name="transportation_page_premium_entity_test" time="386.569" classname="com.eduven.testcase.TransportationPageTestCases"/>
  <testcase name="transportation_page_header_test" time="18.001" classname="com.eduven.testcase.TransportationPageTestCases"/>
  <testcase name="transportation_page_free_entity_test" time="203.400" classname="com.eduven.testcase.TransportationPageTestCases"/>
  <testcase name="transportation_page_test" time="138.733" classname="com.eduven.testcase.TransportationPageTestCases"/>
  <testcase name="transportation_page_entity_test" time="20.022" classname="com.eduven.testcase.TransportationPageTestCases"/>
</testsuite> <!-- com.eduven.testcase.TransportationPageTestCases -->
