<?xml version="1.0" encoding="UTF-8"?>
<!-- Generated by org.testng.reporters.JUnitReportReporter -->
<testsuite hostname="Hitesh-Mac-Mini.local" name="com.eduven.testcase.SpiritualSanctuariesPageTestCases" tests="6" failures="0" timestamp="30 Jun 2016 12:00:54 GMT" time="329.565" errors="0">
  <testcase name="spiritual_sanctuaries_page_entity_test" time="39.530" classname="com.eduven.testcase.SpiritualSanctuariesPageTestCases"/>
  <testcase name="spiritual_sanctuaries_page_premium_entity_test" time="72.633" classname="com.eduven.testcase.SpiritualSanctuariesPageTestCases"/>
  <testcase name="spiritual_sanctuaries_page_test" time="138.817" classname="com.eduven.testcase.SpiritualSanctuariesPageTestCases"/>
  <testcase name="spiritual_sanctuaries_page_verify_contribute_entity_test" time="14.958" classname="com.eduven.testcase.SpiritualSanctuariesPageTestCases"/>
  <testcase name="spiritual_sanctuaries_page_header_test" time="17.915" classname="com.eduven.testcase.SpiritualSanctuariesPageTestCases"/>
  <testcase name="spiritual_sanctuaries_page_free_entity_test" time="45.712" classname="com.eduven.testcase.SpiritualSanctuariesPageTestCases"/>
</testsuite> <!-- com.eduven.testcase.SpiritualSanctuariesPageTestCases -->
