<?xml version="1.0" encoding="UTF-8"?>
<!-- Generated by org.testng.reporters.JUnitReportReporter -->
<testsuite hostname="Hitesh-Mac-Mini.local" name="com.eduven.testcase.HistoricalEventsPageTestCases" tests="2" failures="0" timestamp="4 Jul 2016 11:02:45 GMT" time="157.416" errors="0">
  <testcase name="historical_events_page_header_test" time="18.499" classname="com.eduven.testcase.HistoricalEventsPageTestCases"/>
  <testcase name="historical_events_page_test" time="138.917" classname="com.eduven.testcase.HistoricalEventsPageTestCases"/>
</testsuite> <!-- com.eduven.testcase.HistoricalEventsPageTestCases -->
