<?xml version="1.0" encoding="UTF-8"?>
<!-- Generated by org.testng.reporters.JUnitReportReporter -->
<testsuite hostname="Hitesh-Mac-Mini.local" name="com.eduven.testcase.WildlifeWanderingsPageTestCases" tests="5" failures="0" timestamp="4 Jul 2016 08:24:47 GMT" time="262.833" errors="0">
  <testcase name="home_page_test" time="153.242" classname="com.eduven.testcase.WildlifeWanderingsPageTestCases"/>
  <testcase name="willife_wanderings_page_entity_test" time="23.385" classname="com.eduven.testcase.WildlifeWanderingsPageTestCases"/>
  <testcase name="wildlife_wanderings_page_header_test" time="17.786" classname="com.eduven.testcase.WildlifeWanderingsPageTestCases"/>
  <testcase name="wildlife_wanderings_page_premium_entity_test" time="39.026" classname="com.eduven.testcase.WildlifeWanderingsPageTestCases"/>
  <testcase name="wildlife_wanderings_page_free_entity_test" time="29.394" classname="com.eduven.testcase.WildlifeWanderingsPageTestCases"/>
</testsuite> <!-- com.eduven.testcase.WildlifeWanderingsPageTestCases -->
