<?xml version="1.0" encoding="UTF-8"?>
<!-- Generated by org.testng.reporters.JUnitReportReporter -->
<testsuite hostname="Hitesh-Mac-Mini.local" name="com.eduven.testcase.ArtAficionadosPageTestCases" tests="8" failures="0" timestamp="7 Jul 2016 08:02:37 GMT" time="541.501" errors="0">
  <testcase name="art_aficionados_page_test" time="273.097" classname="com.eduven.testcase.ArtAficionadosPageTestCases"/>
  <testcase name="art_aficionados_page_header_test" time="24.682" classname="com.eduven.testcase.ArtAficionadosPageTestCases"/>
  <testcase name="art_aficionados_page_free_entity_test" time="30.978" classname="com.eduven.testcase.ArtAficionadosPageTestCases"/>
  <testcase name="verify_contribute_entity_test" time="11.499" classname="com.eduven.testcase.ArtAficionadosPageTestCases"/>
  <testcase name="art_aficionados_page_entity_test" time="38.797" classname="com.eduven.testcase.ArtAficionadosPageTestCases"/>
  <testcase name="verify_city_name_and_header_text_inside_term_test" time="60.126" classname="com.eduven.testcase.ArtAficionadosPageTestCases"/>
  <testcase name="art_aficionados_page_premium_entity_test" time="51.403" classname="com.eduven.testcase.ArtAficionadosPageTestCases"/>
  <testcase name="search_with_special_character_and_others_test" time="50.919" classname="com.eduven.testcase.ArtAficionadosPageTestCases"/>
</testsuite> <!-- com.eduven.testcase.ArtAficionadosPageTestCases -->
