<?xml version="1.0" encoding="UTF-8"?>
<!-- Generated by org.testng.reporters.JUnitReportReporter -->
<testsuite hostname="Hitesh-Mac-Mini.local" name="com.eduven.testcase.RoutesPageTestCases" tests="13" failures="0" timestamp="4 Jul 2016 07:53:41 GMT" time="303.355" errors="0">
  <testcase name="routes_page_test" time="152.850" classname="com.eduven.testcase.RoutesPageTestCases"/>
  <testcase name="routes_page_entity_detail_speed_up_button_existance_test" time="2.207" classname="com.eduven.testcase.RoutesPageTestCases"/>
  <testcase name="routes_page_entity_detail_street_view_button_existance_test" time="2.085" classname="com.eduven.testcase.RoutesPageTestCases"/>
  <testcase name="routes_page_entity_test" time="26.904" classname="com.eduven.testcase.RoutesPageTestCases"/>
  <testcase name="routes_page_premium_entity_test" time="8.052" classname="com.eduven.testcase.RoutesPageTestCases"/>
  <testcase name="routes_page_entity_detail_pause_button_action_test" time="5.571" classname="com.eduven.testcase.RoutesPageTestCases"/>
  <testcase name="route_page_entity_detail_speed_up_button_test" time="11.113" classname="com.eduven.testcase.RoutesPageTestCases"/>
  <testcase name="routes_page_entity_detail_street_view_button_action_test" time="8.087" classname="com.eduven.testcase.RoutesPageTestCases"/>
  <testcase name="routes_page_entity_detail_play_button_action_existance_test" time="5.896" classname="com.eduven.testcase.RoutesPageTestCases"/>
  <testcase name="route_page_entity_detail_verify_coordinates_test" time="26.485" classname="com.eduven.testcase.RoutesPageTestCases"/>
  <testcase name="routes_page_header_test" time="17.886" classname="com.eduven.testcase.RoutesPageTestCases"/>
  <testcase name="routes_page_free_entity_test" time="20.921" classname="com.eduven.testcase.RoutesPageTestCases"/>
  <testcase name="routes_page_entity_detail_play_button_existance_test" time="15.298" classname="com.eduven.testcase.RoutesPageTestCases"/>
</testsuite> <!-- com.eduven.testcase.RoutesPageTestCases -->
