<?xml version="1.0" encoding="UTF-8"?>
<!-- Generated by org.testng.reporters.JUnitReportReporter -->
<testsuite hostname="Akashs-Mac-mini.local" name="com.eduven.testcase.HomeTest2" tests="4" failures="0" timestamp="1 Mar 2016 04:45:24 GMT" time="3.005" errors="0">
  <testcase name="test2" time="3.001" classname="com.eduven.testcase.HomeTest2"/>
  <testcase name="test4" time="0.002" classname="com.eduven.testcase.HomeTest2"/>
  <testcase name="test1" time="0.000" classname="com.eduven.testcase.HomeTest2"/>
  <testcase name="test3" time="0.002" classname="com.eduven.testcase.HomeTest2"/>
</testsuite> <!-- com.eduven.testcase.HomeTest2 -->
