<?xml version="1.0" encoding="UTF-8"?>
<!-- Generated by org.testng.reporters.JUnitReportReporter -->
<testsuite hostname="Hitesh-Mac-Mini.local" name="com.eduven.testcase.NearByPageTestCases" tests="4" failures="0" timestamp="5 Jul 2016 11:59:09 GMT" time="170.900" errors="0">
  <testcase name="verify_element_on_near_by_page_test" time="6.671" classname="com.eduven.testcase.NearByPageTestCases"/>
  <testcase name="splash_screen_handling_test" time="24.530" classname="com.eduven.testcase.NearByPageTestCases"/>
  <testcase name="navigate_to_nearBy_page_test" time="131.732" classname="com.eduven.testcase.NearByPageTestCases"/>
  <testcase name="draw_map_test" time="7.967" classname="com.eduven.testcase.NearByPageTestCases"/>
</testsuite> <!-- com.eduven.testcase.NearByPageTestCases -->
