<?xml version="1.0" encoding="UTF-8"?>
<!-- Generated by org.testng.reporters.JUnitReportReporter -->
<testsuite hostname="Hitesh-Mac-Mini.local" name="com.eduven.testcase.SportsPageTestCases" tests="6" failures="0" timestamp="4 Jul 2016 11:02:45 GMT" time="242.934" errors="0">
  <testcase name="sports_page_header_test" time="18.182" classname="com.eduven.testcase.SportsPageTestCases"/>
  <testcase name="sports_page_free_entity_test" time="20.990" classname="com.eduven.testcase.SportsPageTestCases"/>
  <testcase name="sports_page_premium_entity_test" time="7.887" classname="com.eduven.testcase.SportsPageTestCases"/>
  <testcase name="sports_page_entity_test" time="46.179" classname="com.eduven.testcase.SportsPageTestCases"/>
  <testcase name="sports_page_test" time="138.843" classname="com.eduven.testcase.SportsPageTestCases"/>
  <testcase name="verify_contribute_entity_test" time="10.853" classname="com.eduven.testcase.SportsPageTestCases"/>
</testsuite> <!-- com.eduven.testcase.SportsPageTestCases -->
