<?xml version="1.0" encoding="UTF-8"?>
<!-- Generated by org.testng.reporters.JUnitReportReporter -->
<testsuite hostname="Hitesh-Mac-Mini.local" name="com.eduven.testcase.MoviesPageTestCases" tests="5" failures="0" timestamp="30 Jun 2016 12:00:54 GMT" time="298.132" errors="0">
  <testcase name="movies_page_premium_entity_test" time="38.846" classname="com.eduven.testcase.MoviesPageTestCases"/>
  <testcase name="movies_page_entity_test" time="39.456" classname="com.eduven.testcase.MoviesPageTestCases"/>
  <testcase name="movies_page_test" time="138.905" classname="com.eduven.testcase.MoviesPageTestCases"/>
  <testcase name="movies_page_free_entity_test" time="62.815" classname="com.eduven.testcase.MoviesPageTestCases"/>
  <testcase name="movies_page_header_test" time="18.110" classname="com.eduven.testcase.MoviesPageTestCases"/>
</testsuite> <!-- com.eduven.testcase.MoviesPageTestCases -->
