<?xml version="1.0" encoding="UTF-8"?>
<!-- Generated by org.testng.reporters.JUnitReportReporter -->
<testsuite hostname="Hitesh-Mac-Mini.local" name="com.eduven.testcase.LanguagePhrasesPageTestCases" tests="7" failures="0" timestamp="5 Jul 2016 10:54:48 GMT" time="440.196" errors="0">
  <testcase name="language_phrases_page_header_test" time="22.467" classname="com.eduven.testcase.LanguagePhrasesPageTestCases"/>
  <testcase name="language_phrase_page_select_random_category_test" time="39.245" classname="com.eduven.testcase.LanguagePhrasesPageTestCases"/>
  <testcase name="language_phrases_test" time="24.995" classname="com.eduven.testcase.LanguagePhrasesPageTestCases"/>
  <testcase name="verify_term_name_on_termdetail_page_test" time="5.722" classname="com.eduven.testcase.LanguagePhrasesPageTestCases"/>
  <testcase name="language_phrases_page_verify_lock_unlock_btn_test" time="3.611" classname="com.eduven.testcase.LanguagePhrasesPageTestCases"/>
  <testcase name="language_phrases_page_entity_test" time="219.153" classname="com.eduven.testcase.LanguagePhrasesPageTestCases"/>
  <testcase name="language_phrase_page_select_language_from_language_menu_test" time="125.003" classname="com.eduven.testcase.LanguagePhrasesPageTestCases"/>
</testsuite> <!-- com.eduven.testcase.LanguagePhrasesPageTestCases -->
