<?xml version="1.0" encoding="UTF-8"?>
<!-- Generated by org.testng.reporters.JUnitReportReporter -->
<testsuite hostname="Hitesh-Mac-Mini.local" name="com.eduven.testcase.NatureNomadsPageTestCases" tests="7" failures="0" timestamp="5 Jul 2016 09:52:47 GMT" time="272.289" errors="0">
  <testcase name="nature_nomads_page_header_test" time="15.810" classname="com.eduven.testcase.NatureNomadsPageTestCases"/>
  <testcase name="verify_contribute_entity_test" time="10.576" classname="com.eduven.testcase.NatureNomadsPageTestCases"/>
  <testcase name="nature_nomads_page_test" time="23.765" classname="com.eduven.testcase.NatureNomadsPageTestCases"/>
  <testcase name="nature_nomads_page_free_entity_test" time="46.873" classname="com.eduven.testcase.NatureNomadsPageTestCases"/>
  <testcase name="nature_nomads_page_premium_entity_test" time="13.167" classname="com.eduven.testcase.NatureNomadsPageTestCases"/>
  <testcase name="nature_nomads_page_entity_test" time="78.676" classname="com.eduven.testcase.NatureNomadsPageTestCases"/>
  <testcase name="verify_city_name_and_header_text_inside_term_test" time="83.422" classname="com.eduven.testcase.NatureNomadsPageTestCases"/>
</testsuite> <!-- com.eduven.testcase.NatureNomadsPageTestCases -->
