<?xml version="1.0" encoding="UTF-8"?>
<!-- Generated by org.testng.reporters.JUnitReportReporter -->
<testsuite hostname="Hitesh-Mac-Mini.local" name="com.eduven.testcase.HistoricalHangoutsPageTestCases" tests="28" failures="0" timestamp="7 Jul 2016 08:42:47 GMT" time="2308.566" errors="0">
  <testcase name="verify_city_name_and_header_text_inside_term_test" time="70.778" classname="com.eduven.testcase.HistoricalHangoutsPageTestCases"/>
  <testcase name="verify_city_name_and_header_text_inside_term_test" time="71.084" classname="com.eduven.testcase.HistoricalHangoutsPageTestCases"/>
  <testcase name="historical_hangouts_page_test" time="261.824" classname="com.eduven.testcase.HistoricalHangoutsPageTestCases"/>
  <testcase name="verify_contribute_entity_test" time="12.109" classname="com.eduven.testcase.HistoricalHangoutsPageTestCases"/>
  <testcase name="historical_hangouts_page_test" time="262.074" classname="com.eduven.testcase.HistoricalHangoutsPageTestCases"/>
  <testcase name="historical_hangouts_page_test" time="273.118" classname="com.eduven.testcase.HistoricalHangoutsPageTestCases"/>
  <testcase name="verify_contribute_entity_test" time="16.219" classname="com.eduven.testcase.HistoricalHangoutsPageTestCases"/>
  <testcase name="historical_hangout_page_entity_test" time="64.718" classname="com.eduven.testcase.HistoricalHangoutsPageTestCases"/>
  <testcase name="historical_hangout_page_free_entity_test" time="28.934" classname="com.eduven.testcase.HistoricalHangoutsPageTestCases"/>
  <testcase name="historical_hangout_page_paid_entity_test" time="51.559" classname="com.eduven.testcase.HistoricalHangoutsPageTestCases"/>
  <testcase name="historical_hangout_page_header_test" time="15.571" classname="com.eduven.testcase.HistoricalHangoutsPageTestCases"/>
  <testcase name="historical_hangout_page_paid_entity_test" time="57.671" classname="com.eduven.testcase.HistoricalHangoutsPageTestCases"/>
  <testcase name="historical_hangout_page_free_entity_test" time="24.917" classname="com.eduven.testcase.HistoricalHangoutsPageTestCases"/>
  <testcase name="historical_hangout_page_entity_test" time="65.696" classname="com.eduven.testcase.HistoricalHangoutsPageTestCases"/>
  <testcase name="historical_hangout_page_paid_entity_test" time="202.099" classname="com.eduven.testcase.HistoricalHangoutsPageTestCases"/>
  <testcase name="verify_contribute_entity_test" time="11.245" classname="com.eduven.testcase.HistoricalHangoutsPageTestCases"/>
  <testcase name="historical_hangout_page_free_entity_test" time="35.449" classname="com.eduven.testcase.HistoricalHangoutsPageTestCases"/>
  <testcase name="historical_hangout_page_entity_test" time="64.577" classname="com.eduven.testcase.HistoricalHangoutsPageTestCases"/>
  <testcase name="historical_hangout_page_header_test" time="15.754" classname="com.eduven.testcase.HistoricalHangoutsPageTestCases"/>
  <testcase name="historical_hangout_page_free_entity_test" time="35.179" classname="com.eduven.testcase.HistoricalHangoutsPageTestCases"/>
  <testcase name="verify_contribute_entity_test" time="32.979" classname="com.eduven.testcase.HistoricalHangoutsPageTestCases"/>
  <testcase name="historical_hangout_page_paid_entity_test" time="93.724" classname="com.eduven.testcase.HistoricalHangoutsPageTestCases"/>
  <testcase name="historical_hangout_page_header_test" time="15.702" classname="com.eduven.testcase.HistoricalHangoutsPageTestCases"/>
  <testcase name="verify_city_name_and_header_text_inside_term_test" time="88.394" classname="com.eduven.testcase.HistoricalHangoutsPageTestCases"/>
  <testcase name="verify_city_name_and_header_text_inside_term_test" time="94.925" classname="com.eduven.testcase.HistoricalHangoutsPageTestCases"/>
  <testcase name="historical_hangout_page_header_test" time="15.762" classname="com.eduven.testcase.HistoricalHangoutsPageTestCases"/>
  <testcase name="historical_hangouts_page_test" time="261.916" classname="com.eduven.testcase.HistoricalHangoutsPageTestCases"/>
  <testcase name="historical_hangout_page_entity_test" time="64.589" classname="com.eduven.testcase.HistoricalHangoutsPageTestCases"/>
</testsuite> <!-- com.eduven.testcase.HistoricalHangoutsPageTestCases -->
