<?xml version="1.0" encoding="UTF-8"?>
<!-- Generated by org.testng.reporters.JUnitReportReporter -->
<testsuite hostname="Hitesh-Mac-Mini.local" name="com.eduven.testcase.CelebritiesCellsPageTestCases" tests="6" failures="0" timestamp="30 Jun 2016 12:00:54 GMT" time="513.330" errors="0">
  <testcase name="celebrities_cells_page_header_test" time="135.689" classname="com.eduven.testcase.CelebritiesCellsPageTestCases"/>
  <testcase name="celebrities_cells_page_test" time="138.703" classname="com.eduven.testcase.CelebritiesCellsPageTestCases"/>
  <testcase name="celebrities_cells_page_free_entity_test" time="47.899" classname="com.eduven.testcase.CelebritiesCellsPageTestCases"/>
  <testcase name="celebrities_cells_page_premium_entity_test" time="134.673" classname="com.eduven.testcase.CelebritiesCellsPageTestCases"/>
  <testcase name="celebrities_cells_page_verify_contribute_entity" time="20.684" classname="com.eduven.testcase.CelebritiesCellsPageTestCases"/>
  <testcase name="celebrities_cells_page_entity_test" time="35.682" classname="com.eduven.testcase.CelebritiesCellsPageTestCases"/>
</testsuite> <!-- com.eduven.testcase.CelebritiesCellsPageTestCases -->
