<?xml version="1.0" encoding="UTF-8"?>
<!-- Generated by org.testng.reporters.JUnitReportReporter -->
<testsuite hostname="Hitesh-Mac-Mini.local" name="testing.NewTest1" tests="2" failures="0" timestamp="9 Dec 2016 05:06:26 GMT" time="0.006" errors="0">
  <testcase name="testB" time="0.001" classname="testing.NewTest1"/>
  <testcase name="testA" time="0.005" classname="testing.NewTest1"/>
</testsuite> <!-- testing.NewTest1 -->
