<?xml version="1.0" encoding="UTF-8"?>
<!-- Generated by org.testng.reporters.JUnitReportReporter -->
<testsuite hostname="Hitesh-Mac-Mini.local" name="testing.SafariLauncher"
	tests="1" failures="0" timestamp="11 May 2016 05:16:44 GMT" time="26.021"
	errors="0">
	<testcase name="test_safari" time="26.021" classname="testing.SafariLauncher" />
</testsuite> <!-- testing.SafariLauncher -->
