<?xml version="1.0" encoding="UTF-8"?>
<!-- Generated by org.testng.reporters.JUnitReportReporter -->
<testsuite hostname="Hitesh-Mac-Mini.local" name="testing.NewTest" tests="5" failures="0" timestamp="2 Sep 2016 11:38:19 GMT" time="0.013" errors="0">
  <testcase name="tst1" time="0.001" classname="testing.NewTest"/>
  <testcase name="tst" time="0.006" classname="testing.NewTest"/>
  <testcase name="test" time="0.002" classname="testing.NewTest"/>
  <testcase name="tst0" time="0.002" classname="testing.NewTest"/>
  <testcase name="testTe" time="0.002" classname="testing.NewTest"/>
</testsuite> <!-- testing.NewTest -->
