<?xml version="1.0" encoding="UTF-8"?>
<!-- Generated by org.testng.reporters.JUnitReportReporter -->
<testsuite hostname="Hitesh-Mac-Mini.local" name="testing.TestSimulatorForApp"
	tests="1" failures="0" timestamp="29 Jun 2016 06:07:44 GMT" time="5.002"
	errors="0">
	<testcase name="testSafari" time="5.002" classname="testing.TestSimulatorForApp" />
</testsuite> <!-- testing.TestSimulatorForApp -->
