<?xml version="1.0" encoding="UTF-8"?>
<!-- Generated by org.testng.reporters.JUnitReportReporter -->
<testsuite hostname="Hitesh-Mac-Mini.local" name="testing.DataProviderTest"
	tests="7" failures="0" timestamp="29 Apr 2016 10:21:02 GMT" time="0.016"
	errors="0">
	<testcase name="f" time="0.009" classname="testing.DataProviderTest" />
	<testcase name="test1" time="0.002" classname="testing.DataProviderTest" />
	<testcase name="f" time="0.002" classname="testing.DataProviderTest" />
	<testcase name="test1" time="0.000" classname="testing.DataProviderTest" />
	<testcase name="test" time="0.001" classname="testing.DataProviderTest" />
	<testcase name="test" time="0.001" classname="testing.DataProviderTest" />
	<testcase name="test" time="0.001" classname="testing.DataProviderTest" />
</testsuite> <!-- testing.DataProviderTest -->
