<?xml version="1.0" encoding="UTF-8"?>
<!-- Generated by org.testng.reporters.JUnitReportReporter -->
<testsuite hostname="Akashs-Mac-mini.local" name="testing.TestTestng"
	tests="1" failures="0" timestamp="9 Feb 2016 05:10:44 GMT" time="0.006"
	errors="0">
	<testcase name="testAnnotations" time="0.006" classname="testing.TestTestng" />
</testsuite> <!-- testing.TestTestng -->
