<?xml version="1.0" encoding="UTF-8"?>
<!-- Generated by org.testng.reporters.JUnitReportReporter -->
<testsuite hostname="Hitesh-Mac-Mini.local" name="testing.LaunchSafariInDevice"
	tests="1" failures="0" timestamp="28 Jun 2016 06:51:54 GMT" time="100.682"
	errors="0">
	<testcase name="testSafari" time="100.682"
		classname="testing.LaunchSafariInDevice" />
</testsuite> <!-- testing.LaunchSafariInDevice -->
