<?xml version="1.0" encoding="UTF-8"?>
<!-- Generated by org.testng.reporters.JUnitReportReporter -->
<testsuite hostname="Hitesh-Mac-Mini.local" name="testing.Test1" tests="4" failures="0" timestamp="12 Dec 2016 10:37:57 GMT" time="5.020" errors="0">
  <testcase name="test1" time="5.014" classname="testing.Test1"/>
  <testcase name="test4" time="0.002" classname="testing.Test1"/>
  <testcase name="test2" time="0.002" classname="testing.Test1"/>
  <testcase name="test3" time="0.002" classname="testing.Test1"/>
</testsuite> <!-- testing.Test1 -->
