<?xml version="1.0" encoding="UTF-8"?>
<!-- Generated by org.testng.reporters.JUnitReportReporter -->
<testsuite hostname="Hitesh-Mac-Mini.local" name="parallelTesting.TestFirefox" tests="1" failures="0" timestamp="28 Nov 2016 11:46:08 GMT" time="8.510" errors="0">
  <testcase name="testF" time="8.510" classname="parallelTesting.TestFirefox"/>
</testsuite> <!-- parallelTesting.TestFirefox -->
