<?xml version="1.0" encoding="UTF-8"?>
<!-- Generated by org.testng.reporters.JUnitReportReporter -->
<testsuite hostname="Hitesh-Mac-Mini.local" name="com.eduven.testcase.CelebritiesCellsPageTestCases" tests="6" failures="0" timestamp="8 Jul 2016 15:41:55 GMT" time="412.833" errors="0">
  <testcase name="celebrities_cells_page_free_entity_test" time="40.282" classname="com.eduven.testcase.CelebritiesCellsPageTestCases"/>
  <testcase name="celebrities_cells_page_verify_contribute_entity" time="54.340" classname="com.eduven.testcase.CelebritiesCellsPageTestCases"/>
  <testcase name="close_flyer_popup_test" time="85.461" classname="com.eduven.testcase.CelebritiesCellsPageTestCases"/>
  <testcase name="verify_celebrities_cells_page_header_test" time="45.035" classname="com.eduven.testcase.CelebritiesCellsPageTestCases"/>
  <testcase name="celebrities_cells_page_entity_test" time="11.687" classname="com.eduven.testcase.CelebritiesCellsPageTestCases"/>
  <testcase name="celebrities_cells_page_premium_entity_test" time="176.028" classname="com.eduven.testcase.CelebritiesCellsPageTestCases"/>
</testsuite> <!-- com.eduven.testcase.CelebritiesCellsPageTestCases -->
