<?xml version="1.0" encoding="UTF-8"?>
<!-- Generated by org.testng.reporters.JUnitReportReporter -->
<testsuite hostname="Hitesh-Mac-Mini.local" name="com.eduven.testcase.SportsPageTestCases" tests="7" failures="0" timestamp="8 Jul 2016 15:41:55 GMT" time="522.700" errors="0">
  <testcase name="sports_page_entity_test" time="10.175" classname="com.eduven.testcase.SportsPageTestCases"/>
  <testcase name="sports_page_free_entity_test" time="31.775" classname="com.eduven.testcase.SportsPageTestCases"/>
  <testcase name="sports_page_premium_entity_test" time="34.243" classname="com.eduven.testcase.SportsPageTestCases"/>
  <testcase name="verify_city_name_and_header_text_inside_term_test" time="207.523" classname="com.eduven.testcase.SportsPageTestCases"/>
  <testcase name="sports_page_verify_contribute_entity_test" time="10.404" classname="com.eduven.testcase.SportsPageTestCases"/>
  <testcase name="close_flyer_popup_test" time="85.459" classname="com.eduven.testcase.SportsPageTestCases"/>
  <testcase name="verify_sports_page_header_test" time="143.121" classname="com.eduven.testcase.SportsPageTestCases"/>
</testsuite> <!-- com.eduven.testcase.SportsPageTestCases -->
