<?xml version="1.0" encoding="UTF-8"?>
<!-- Generated by org.testng.reporters.JUnitReportReporter -->
<testsuite hostname="Hitesh-Mac-Mini.local" name="com.eduven.testcase.EduBankPageTestCases" tests="7" failures="0" timestamp="8 Jul 2016 15:41:55 GMT" time="172.142" errors="0">
  <testcase name="eduBank_page_check_entity_in_eduBank_test" time="8.952" classname="com.eduven.testcase.EduBankPageTestCases"/>
  <testcase name="remove_entity_from_eduBank" time="14.902" classname="com.eduven.testcase.EduBankPageTestCases"/>
  <testcase name="verify_eduBank_add_entity_test" time="9.059" classname="com.eduven.testcase.EduBankPageTestCases"/>
  <testcase name="eduBank_page_add_favourite_to_eduBank_test" time="5.375" classname="com.eduven.testcase.EduBankPageTestCases"/>
  <testcase name="close_flyer_popup_test" time="85.685" classname="com.eduven.testcase.EduBankPageTestCases"/>
  <testcase name="eduBank_page_navigate_to_entity_detail_test" time="44.780" classname="com.eduven.testcase.EduBankPageTestCases"/>
  <testcase name="navigate_to_edubank_test" time="3.389" classname="com.eduven.testcase.EduBankPageTestCases"/>
</testsuite> <!-- com.eduven.testcase.EduBankPageTestCases -->
