<?xml version="1.0" encoding="UTF-8"?>
<!-- Generated by org.testng.reporters.JUnitReportReporter -->
<testsuite hostname="Hitesh-Mac-Mini.local" name="com.eduven.testcase.CuisinePageTestCases" tests="11" failures="0" timestamp="8 Jul 2016 15:41:55 GMT" time="321.112" errors="0">
  <testcase name="close_flyer_popup_test" time="85.178" classname="com.eduven.testcase.CuisinePageTestCases"/>
  <testcase name="cuisine_page_verify_ingredients_and_directions_button_test" time="2.339" classname="com.eduven.testcase.CuisinePageTestCases"/>
  <testcase name="cuisine_page_verify_ingredients_and_directions_button_action_test" time="9.297" classname="com.eduven.testcase.CuisinePageTestCases"/>
  <testcase name="cuisine_page_entity_test" time="18.228" classname="com.eduven.testcase.CuisinePageTestCases"/>
  <testcase name="cuisine_page_verify_cooking_servings_test" time="0.824" classname="com.eduven.testcase.CuisinePageTestCases"/>
  <testcase name="cuisine_page_verify_contibute_entity" time="12.111" classname="com.eduven.testcase.CuisinePageTestCases"/>
  <testcase name="cuisine_page_free_entity_test" time="50.493" classname="com.eduven.testcase.CuisinePageTestCases"/>
  <testcase name="cuisine_page_navigate_to_entity_detail_test" time="18.263" classname="com.eduven.testcase.CuisinePageTestCases"/>
  <testcase name="cuisine_page_premium_entity_test" time="37.829" classname="com.eduven.testcase.CuisinePageTestCases"/>
  <testcase name="cuisine_page_verify_nutrition_test" time="6.550" classname="com.eduven.testcase.CuisinePageTestCases"/>
  <testcase name="verify_cuisine_page_header_test" time="80.000" classname="com.eduven.testcase.CuisinePageTestCases"/>
</testsuite> <!-- com.eduven.testcase.CuisinePageTestCases -->
