<?xml version="1.0" encoding="UTF-8"?>
<!-- Generated by org.testng.reporters.JUnitReportReporter -->
<testsuite hostname="Hitesh-Mac-Mini.local" name="com.eduven.testcase.NatureNomadsPageTestCases" tests="7" failures="0" timestamp="8 Jul 2016 15:41:55 GMT" time="390.459" errors="0">
  <testcase name="verify_city_name_and_header_text_inside_term_test" time="138.892" classname="com.eduven.testcase.NatureNomadsPageTestCases"/>
  <testcase name="nature_nomads_page_free_entity_test" time="76.098" classname="com.eduven.testcase.NatureNomadsPageTestCases"/>
  <testcase name="nature_nomads_page_premium_entity_test" time="40.157" classname="com.eduven.testcase.NatureNomadsPageTestCases"/>
  <testcase name="close_flyer_popup_test" time="84.893" classname="com.eduven.testcase.NatureNomadsPageTestCases"/>
  <testcase name="nature_nomads_page_verify_contribute_entity_test" time="11.185" classname="com.eduven.testcase.NatureNomadsPageTestCases"/>
  <testcase name="nature_nomads_page_entity_test" time="12.831" classname="com.eduven.testcase.NatureNomadsPageTestCases"/>
  <testcase name="verify_nature_nomads_page_header_test" time="26.403" classname="com.eduven.testcase.NatureNomadsPageTestCases"/>
</testsuite> <!-- com.eduven.testcase.NatureNomadsPageTestCases -->
