<?xml version="1.0" encoding="UTF-8"?>
<!-- Generated by org.testng.reporters.JUnitReportReporter -->
<testsuite hostname="Hitesh-Mac-Mini.local" name="com.eduven.testcase.MoviesPageTestCases" tests="6" failures="0" timestamp="8 Jul 2016 15:41:55 GMT" time="285.202" errors="0">
  <testcase name="close_flyer_popup_test" time="85.397" classname="com.eduven.testcase.MoviesPageTestCases"/>
  <testcase name="movies_page_entity_test" time="9.196" classname="com.eduven.testcase.MoviesPageTestCases"/>
  <testcase name="verify_movies_page_header_test" time="109.387" classname="com.eduven.testcase.MoviesPageTestCases"/>
  <testcase name="movies_page_verify_contribute_entity_test" time="14.235" classname="com.eduven.testcase.MoviesPageTestCases"/>
  <testcase name="movies_page_free_entity_test" time="29.714" classname="com.eduven.testcase.MoviesPageTestCases"/>
  <testcase name="movies_page_premium_entity_test" time="37.273" classname="com.eduven.testcase.MoviesPageTestCases"/>
</testsuite> <!-- com.eduven.testcase.MoviesPageTestCases -->
