<?xml version="1.0" encoding="UTF-8"?>
<!-- Generated by org.testng.reporters.JUnitReportReporter -->
<testsuite hostname="Hitesh-Mac-Mini.local" name="com.eduven.testcase.WildlifeWanderingsPageTestCases" tests="7" failures="0" timestamp="8 Jul 2016 15:41:55 GMT" time="399.623" errors="0">
  <testcase name="verify_city_name_and_header_text_inside_term_test" time="175.711" classname="com.eduven.testcase.WildlifeWanderingsPageTestCases"/>
  <testcase name="verify_wildlife_wanderings_page_header_test" time="46.419" classname="com.eduven.testcase.WildlifeWanderingsPageTestCases"/>
  <testcase name="willife_wanderings_page_entity_test" time="8.959" classname="com.eduven.testcase.WildlifeWanderingsPageTestCases"/>
  <testcase name="wildlife_wanderings_page_premium_entity_test" time="31.746" classname="com.eduven.testcase.WildlifeWanderingsPageTestCases"/>
  <testcase name="wildlife_wanderings_page_free_entity_test" time="41.289" classname="com.eduven.testcase.WildlifeWanderingsPageTestCases"/>
  <testcase name="wildlife_wanderings_page_verfiy_contribute_entity_test" time="9.757" classname="com.eduven.testcase.WildlifeWanderingsPageTestCases"/>
  <testcase name="close_flyer_popup_test" time="85.742" classname="com.eduven.testcase.WildlifeWanderingsPageTestCases"/>
</testsuite> <!-- com.eduven.testcase.WildlifeWanderingsPageTestCases -->
