<?xml version="1.0" encoding="UTF-8"?>
<!-- Generated by org.testng.reporters.JUnitReportReporter -->
<testsuite hostname="Hitesh-Mac-Mini.local" name="com.eduven.testcase.CitiesPageTestCases" tests="8" failures="0" timestamp="8 Jul 2016 15:41:55 GMT" time="811.929" errors="0">
  <testcase name="remove_random_category_from_filter_layout_test" time="10.749" classname="com.eduven.testcase.CitiesPageTestCases"/>
  <testcase name="verify_city_name_correspond_to_country_name_test" time="607.509" classname="com.eduven.testcase.CitiesPageTestCases"/>
  <testcase name="cities_page_verify_contribute_entity_test" time="14.334" classname="com.eduven.testcase.CitiesPageTestCases"/>
  <testcase name="handling_splash_screen_test" time="88.061" classname="com.eduven.testcase.CitiesPageTestCases"/>
  <testcase name="verify_random_city_header_txt_and_sub_category_header_test" time="4.767" classname="com.eduven.testcase.CitiesPageTestCases"/>
  <testcase name="verify_cities_page_cities_list_test" time="27.939" classname="com.eduven.testcase.CitiesPageTestCases"/>
  <testcase name="cities_page_icon_test" time="2.302" classname="com.eduven.testcase.CitiesPageTestCases"/>
  <testcase name="click_on_random_city_test" time="56.268" classname="com.eduven.testcase.CitiesPageTestCases"/>
</testsuite> <!-- com.eduven.testcase.CitiesPageTestCases -->
