<?xml version="1.0" encoding="UTF-8"?>
<!-- Generated by org.testng.reporters.JUnitReportReporter -->
<testsuite hostname="Hitesh-Mac-Mini.local" name="com.eduven.testcase.LanguagePhrasesPageTestCases" tests="7" failures="0" timestamp="8 Jul 2016 15:41:55 GMT" time="485.236" errors="0">
  <testcase name="language_phrases_page_verify_lock_unlock_btn_test" time="2.832" classname="com.eduven.testcase.LanguagePhrasesPageTestCases"/>
  <testcase name="language_phrases_page_entity_test" time="136.828" classname="com.eduven.testcase.LanguagePhrasesPageTestCases"/>
  <testcase name="verify_language_phrases_page_header_test" time="147.269" classname="com.eduven.testcase.LanguagePhrasesPageTestCases"/>
  <testcase name="language_phrase_page_open_first_lock_word" time="6.540" classname="com.eduven.testcase.LanguagePhrasesPageTestCases"/>
  <testcase name="language_phrase_page_select_language_from_language_menu_test" time="31.912" classname="com.eduven.testcase.LanguagePhrasesPageTestCases"/>
  <testcase name="close_flyer_popup_test" time="86.143" classname="com.eduven.testcase.LanguagePhrasesPageTestCases"/>
  <testcase name="language_phrase_page_select_random_category_test" time="73.712" classname="com.eduven.testcase.LanguagePhrasesPageTestCases"/>
</testsuite> <!-- com.eduven.testcase.LanguagePhrasesPageTestCases -->
