<?xml version="1.0" encoding="UTF-8"?>
<!-- Generated by org.testng.reporters.JUnitReportReporter -->
<testsuite hostname="Hitesh-Mac-Mini.local" name="com.eduven.testcase.NetworkRelatedPageTestCases" tests="6" failures="0" timestamp="8 Jul 2016 15:41:55 GMT" time="306.951" errors="0">
  <testcase name="check_paid_term_after_network_off_for_airplane_mode_test" time="75.148" classname="com.eduven.testcase.NetworkRelatedPageTestCases"/>
  <testcase name="check_evMenu_for_network_connection_test" time="57.560" classname="com.eduven.testcase.NetworkRelatedPageTestCases"/>
  <testcase name="close_flyer_popup_test" time="85.002" classname="com.eduven.testcase.NetworkRelatedPageTestCases"/>
  <testcase name="navigate_to_sub_category_page_test" time="15.647" classname="com.eduven.testcase.NetworkRelatedPageTestCases"/>
  <testcase name="test_network_turnoff_network_connection_test" time="30.429" classname="com.eduven.testcase.NetworkRelatedPageTestCases"/>
  <testcase name="test_network_turnon_network_connection_test" time="43.165" classname="com.eduven.testcase.NetworkRelatedPageTestCases"/>
</testsuite> <!-- com.eduven.testcase.NetworkRelatedPageTestCases -->
