<?xml version="1.0" encoding="UTF-8"?>
<!-- Generated by org.testng.reporters.JUnitReportReporter -->
<testsuite hostname="Hitesh-Mac-Mini.local" name="com.eduven.testcase.HomePageTestCases" tests="7" failures="0" timestamp="8 Jul 2016 15:41:55 GMT" time="93.440" errors="0">
  <testcase name="home_page_evMenu_test" time="0.150" classname="com.eduven.testcase.HomePageTestCases"/>
  <testcase name="home_page_cities_test" time="3.081" classname="com.eduven.testcase.HomePageTestCases"/>
  <testcase name="home_page_categories_test" time="0.255" classname="com.eduven.testcase.HomePageTestCases"/>
  <testcase name="close_flyer_popup_test" time="87.470" classname="com.eduven.testcase.HomePageTestCases"/>
  <testcase name="verify_home_page_app_header_txt_test" time="1.446" classname="com.eduven.testcase.HomePageTestCases"/>
  <testcase name="home_page_header_txt_test" time="0.735" classname="com.eduven.testcase.HomePageTestCases"/>
  <testcase name="home_page_ev_menu_test" time="0.303" classname="com.eduven.testcase.HomePageTestCases"/>
</testsuite> <!-- com.eduven.testcase.HomePageTestCases -->
