<?xml version="1.0" encoding="UTF-8"?>
<!-- Generated by org.testng.reporters.JUnitReportReporter -->
<testsuite hostname="Hitesh-Mac-Mini.local" name="com.eduven.testcase.NearBySearchPageTestCases" tests="3" failures="0" timestamp="8 Jul 2016 15:41:55 GMT" time="95.058" errors="0">
  <testcase name="navigate_to_nearBy_page_test" time="4.390" classname="com.eduven.testcase.NearBySearchPageTestCases"/>
  <testcase name="close_flyer_popup_test" time="86.048" classname="com.eduven.testcase.NearBySearchPageTestCases"/>
  <testcase name="nearby_page_verify_button_instances_test" time="4.620" classname="com.eduven.testcase.NearBySearchPageTestCases"/>
</testsuite> <!-- com.eduven.testcase.NearBySearchPageTestCases -->
