<?xml version="1.0" encoding="UTF-8"?>
<!-- Generated by org.testng.reporters.JUnitReportReporter -->
<testsuite hostname="Hitesh-Mac-Mini.local" name="com.eduven.testcase.HistoricalHangoutsPageTestCases" tests="7" failures="0" timestamp="8 Jul 2016 15:41:55 GMT" time="459.153" errors="0">
  <testcase name="verify_city_name_and_header_text_inside_term_test" time="216.787" classname="com.eduven.testcase.HistoricalHangoutsPageTestCases"/>
  <testcase name="close_flyer_popup_test" time="125.144" classname="com.eduven.testcase.HistoricalHangoutsPageTestCases"/>
  <testcase name="historical_hangout_page_free_entity_test" time="37.648" classname="com.eduven.testcase.HistoricalHangoutsPageTestCases"/>
  <testcase name="historical_hangout_page_paid_entity_test" time="36.280" classname="com.eduven.testcase.HistoricalHangoutsPageTestCases"/>
  <testcase name="historical_hangout_page_verify_contribute_entity" time="13.841" classname="com.eduven.testcase.HistoricalHangoutsPageTestCases"/>
  <testcase name="verify_historical_hangout_page_header_test" time="13.262" classname="com.eduven.testcase.HistoricalHangoutsPageTestCases"/>
  <testcase name="historical_hangout_page_entity_test" time="16.191" classname="com.eduven.testcase.HistoricalHangoutsPageTestCases"/>
</testsuite> <!-- com.eduven.testcase.HistoricalHangoutsPageTestCases -->
