<?xml version="1.0" encoding="UTF-8"?>
<!-- Generated by org.testng.reporters.JUnitReportReporter -->
<testsuite hostname="Hitesh-Mac-Mini.local" name="com.eduven.testcase.CategoriesPageTestcases" tests="2" failures="0" timestamp="8 Jul 2016 15:41:55 GMT" time="101.705" errors="0">
  <testcase name="verify_category_list_test" time="16.447" classname="com.eduven.testcase.CategoriesPageTestcases"/>
  <testcase name="close_flyer_popup_test" time="85.258" classname="com.eduven.testcase.CategoriesPageTestcases"/>
</testsuite> <!-- com.eduven.testcase.CategoriesPageTestcases -->
