<?xml version="1.0" encoding="UTF-8"?>
<!-- Generated by org.testng.reporters.JUnitReportReporter -->
<testsuite hostname="Hitesh-Mac-Mini.local" name="com.eduven.testcase.HistoricalEventsPageTestCases" tests="6" failures="0" timestamp="8 Jul 2016 15:41:55 GMT" time="252.362" errors="0">
  <testcase name="historical_events_page_get_event_message_text_test" time="2.504" classname="com.eduven.testcase.HistoricalEventsPageTestCases"/>
  <testcase name="verify_historical_events_page_header_test" time="87.916" classname="com.eduven.testcase.HistoricalEventsPageTestCases"/>
  <testcase name="verify_event_message_text_for_specific_date_test" time="2.104" classname="com.eduven.testcase.HistoricalEventsPageTestCases"/>
  <testcase name="close_flyer_popup_test" time="85.748" classname="com.eduven.testcase.HistoricalEventsPageTestCases"/>
  <testcase name="historical_page_enter_date_test" time="71.501" classname="com.eduven.testcase.HistoricalEventsPageTestCases"/>
  <testcase name="verify_event_description_text_test" time="2.589" classname="com.eduven.testcase.HistoricalEventsPageTestCases"/>
</testsuite> <!-- com.eduven.testcase.HistoricalEventsPageTestCases -->
