<?xml version="1.0" encoding="UTF-8"?>
<!-- Generated by org.testng.reporters.JUnitReportReporter -->
<testsuite hostname="Hitesh-Mac-Mini.local" name="com.eduven.testcase.BusinessBoulevardsPageTestCases" tests="7" failures="0" timestamp="8 Jul 2016 15:41:55 GMT" time="541.495" errors="0">
  <testcase name="business_boulevards_page_premium_entity_test" time="43.034" classname="com.eduven.testcase.BusinessBoulevardsPageTestCases"/>
  <testcase name="close_flyer_popup_test" time="85.288" classname="com.eduven.testcase.BusinessBoulevardsPageTestCases"/>
  <testcase name="verify_business_boulevards_page_header_test" time="55.025" classname="com.eduven.testcase.BusinessBoulevardsPageTestCases"/>
  <testcase name="business_boulevards_page_entity_test" time="5.080" classname="com.eduven.testcase.BusinessBoulevardsPageTestCases"/>
  <testcase name="verify_city_name_and_header_text_inside_term_test" time="223.094" classname="com.eduven.testcase.BusinessBoulevardsPageTestCases"/>
  <testcase name="business_boulevards_page_verify_contribute_entity" time="34.655" classname="com.eduven.testcase.BusinessBoulevardsPageTestCases"/>
  <testcase name="business_boulevards_page_free_entity_test" time="95.319" classname="com.eduven.testcase.BusinessBoulevardsPageTestCases"/>
</testsuite> <!-- com.eduven.testcase.BusinessBoulevardsPageTestCases -->
