<?xml version="1.0" encoding="UTF-8"?>
<!-- Generated by org.testng.reporters.JUnitReportReporter -->
<testsuite hostname="Hitesh-Mac-Mini.local" name="com.eduven.testcase.WildlifePageTestCases" tests="6" failures="0" timestamp="8 Jul 2016 15:41:55 GMT" time="1153.262" errors="0">
  <testcase name="verify_wildlife_page_header_test" time="122.871" classname="com.eduven.testcase.WildlifePageTestCases"/>
  <testcase name="wildlif_page_free_entity_test" time="542.357" classname="com.eduven.testcase.WildlifePageTestCases"/>
  <testcase name="wildlif_page_premium_entity_test" time="142.739" classname="com.eduven.testcase.WildlifePageTestCases"/>
  <testcase name="wildlife_page_entity_test" time="15.051" classname="com.eduven.testcase.WildlifePageTestCases"/>
  <testcase name="wildlife_page_verify_contribute_entity_test" time="244.525" classname="com.eduven.testcase.WildlifePageTestCases"/>
  <testcase name="close_flyer_popup_test" time="85.719" classname="com.eduven.testcase.WildlifePageTestCases"/>
</testsuite> <!-- com.eduven.testcase.WildlifePageTestCases -->
