<?xml version="1.0" encoding="UTF-8"?>
<!-- Generated by org.testng.reporters.JUnitReportReporter -->
<testsuite hostname="Hitesh-Mac-Mini.local" name="com.eduven.testcase.SpiritualSanctuariesPageTestCases" tests="7" failures="0" timestamp="8 Jul 2016 15:41:55 GMT" time="408.764" errors="0">
  <testcase name="close_flyer_popup_test" time="86.260" classname="com.eduven.testcase.SpiritualSanctuariesPageTestCases"/>
  <testcase name="spiritual_sanctuaries_page_premium_entity_test" time="39.057" classname="com.eduven.testcase.SpiritualSanctuariesPageTestCases"/>
  <testcase name="verify_city_name_and_header_text_inside_term_test" time="176.868" classname="com.eduven.testcase.SpiritualSanctuariesPageTestCases"/>
  <testcase name="spiritual_sanctuaries_page_verify_contribute_entity_test" time="20.892" classname="com.eduven.testcase.SpiritualSanctuariesPageTestCases"/>
  <testcase name="spiritual_sanctuaries_page_entity_test" time="7.492" classname="com.eduven.testcase.SpiritualSanctuariesPageTestCases"/>
  <testcase name="spiritual_sanctuaries_page_free_entity_test" time="33.085" classname="com.eduven.testcase.SpiritualSanctuariesPageTestCases"/>
  <testcase name="verify_spiritual_sanctuaries_page_header_test" time="45.110" classname="com.eduven.testcase.SpiritualSanctuariesPageTestCases"/>
</testsuite> <!-- com.eduven.testcase.SpiritualSanctuariesPageTestCases -->
