<?xml version="1.0" encoding="UTF-8"?>
<!-- Generated by org.testng.reporters.JUnitReportReporter -->
<testsuite hostname="Hitesh-Mac-Mini.local" name="com.eduven.testcase.PurchaseTestCases" tests="10" failures="0" timestamp="25 Nov 2016 15:43:11 GMT" time="1795.589" errors="0">
  <testcase name="verify_more_app_btn_after_purchase" time="5.096" classname="com.eduven.testcase.PurchaseTestCases"/>
  <testcase name="verify_interstetial_for_word_list_test" time="796.366" classname="com.eduven.testcase.PurchaseTestCases"/>
  <testcase name="verify_lock_term_appear_as_unlock_term_test" time="169.289" classname="com.eduven.testcase.PurchaseTestCases"/>
  <testcase name="premium_word_purchase_test" time="47.680" classname="com.eduven.testcase.PurchaseTestCases"/>
  <testcase name="verify_interstetial_for_search_test" time="113.800" classname="com.eduven.testcase.PurchaseTestCases"/>
  <testcase name="navigate_to_buy_test" time="4.617" classname="com.eduven.testcase.PurchaseTestCases"/>
  <testcase name="verify_interstetial_for_quicklist_test" time="50.988" classname="com.eduven.testcase.PurchaseTestCases"/>
  <testcase name="installAppAndLanguageSelectionTest" time="35.396" classname="com.eduven.testcase.PurchaseTestCases"/>
  <testcase name="verify_interstetial_for_games_test" time="235.409" classname="com.eduven.testcase.PurchaseTestCases"/>
  <testcase name="verify_lock_term_before_purchase_test" time="336.948" classname="com.eduven.testcase.PurchaseTestCases"/>
</testsuite> <!-- com.eduven.testcase.PurchaseTestCases -->
