<?xml version="1.0" encoding="UTF-8"?>
<!-- Generated by org.testng.reporters.JUnitReportReporter -->
<testsuite hostname="Hitesh-Mac-Mini.local" name="com.eduven.testcase.SearchPageTestCases" tests="6" failures="0" timestamp="25 Nov 2016 15:43:11 GMT" time="125.788" errors="0">
  <testcase name="verify_search_page_header_test" time="2.147" classname="com.eduven.testcase.SearchPageTestCases"/>
  <testcase name="install_app_and_language_selection_test" time="34.325" classname="com.eduven.testcase.SearchPageTestCases"/>
  <testcase name="search_word_for_Unlock_term_test" time="60.180" classname="com.eduven.testcase.SearchPageTestCases"/>
  <testcase name="navigate_to_search_page_test" time="2.210" classname="com.eduven.testcase.SearchPageTestCases"/>
  <testcase name="search_word_test" time="19.703" classname="com.eduven.testcase.SearchPageTestCases"/>
  <testcase name="search_page_audio_test" time="7.223" classname="com.eduven.testcase.SearchPageTestCases"/>
</testsuite> <!-- com.eduven.testcase.SearchPageTestCases -->
