<?xml version="1.0" encoding="UTF-8"?>
<!-- Generated by org.testng.reporters.JUnitReportReporter -->
<testsuite hostname="Hitesh-Mac-Mini.local" name="com.eduven.testcase.EduBankPageTestCases" tests="16" failures="0" timestamp="25 Nov 2016 15:43:11 GMT" time="391.294" errors="0">
  <testcase name="navigateToEdubankQuicklistTest" time="49.493" classname="com.eduven.testcase.EduBankPageTestCases"/>
  <testcase name="navigateToQuicklistTermPageTest" time="25.325" classname="com.eduven.testcase.EduBankPageTestCases"/>
  <testcase name="addTermInEdubankForQuicklistTest" time="9.901" classname="com.eduven.testcase.EduBankPageTestCases"/>
  <testcase name="addTermInEdubankTest" time="6.635" classname="com.eduven.testcase.EduBankPageTestCases"/>
  <testcase name="verifyAddedTermInEdubankTest" time="6.763" classname="com.eduven.testcase.EduBankPageTestCases"/>
  <testcase name="removeAllTermsFromEdubankForQuicklistTest" time="1.367" classname="com.eduven.testcase.EduBankPageTestCases"/>
  <testcase name="removeTermsFromEdubankForQuicklistTest" time="4.475" classname="com.eduven.testcase.EduBankPageTestCases"/>
  <testcase name="navigateToTermPageTest" time="133.780" classname="com.eduven.testcase.EduBankPageTestCases"/>
  <testcase name="navigateToEquicklistPageTest" time="7.953" classname="com.eduven.testcase.EduBankPageTestCases"/>
  <testcase name="verifyAddedTermInEdubankForQuicklistAfterRemoveOnTermTest" time="23.355" classname="com.eduven.testcase.EduBankPageTestCases"/>
  <testcase name="navigateToEdubankTest" time="49.571" classname="com.eduven.testcase.EduBankPageTestCases"/>
  <testcase name="installAppAndLanguageSelectionTest" time="35.356" classname="com.eduven.testcase.EduBankPageTestCases"/>
  <testcase name="verifyAddedTermInEdubankForQuicklistTest" time="6.836" classname="com.eduven.testcase.EduBankPageTestCases"/>
  <testcase name="verifyAddedTermInEdubankAfterRemoveOneTermTest" time="23.535" classname="com.eduven.testcase.EduBankPageTestCases"/>
  <testcase name="removeAllTermsFromEdubankTest" time="2.481" classname="com.eduven.testcase.EduBankPageTestCases"/>
  <testcase name="remove_terms_from_Edubank_test" time="4.468" classname="com.eduven.testcase.EduBankPageTestCases"/>
</testsuite> <!-- com.eduven.testcase.EduBankPageTestCases -->
