<?xml version="1.0" encoding="UTF-8"?>
<!-- Generated by org.testng.reporters.JUnitReportReporter -->
<testsuite hostname="Hitesh-Mac-Mini.local" name="com.eduven.testcase.NetworkRelatedTestCases" tests="6" failures="0" timestamp="25 Nov 2016 15:43:11 GMT" time="203.478" errors="0">
  <testcase name="turnoffNetworkConnectionTest" time="31.899" classname="com.eduven.testcase.NetworkRelatedTestCases"/>
  <testcase name="verifyEVMenuForNetworkConnectionTest" time="36.464" classname="com.eduven.testcase.NetworkRelatedTestCases"/>
  <testcase name="verifyPurchaseAppRelatedNetworkConnectionTest" time="17.911" classname="com.eduven.testcase.NetworkRelatedTestCases"/>
  <testcase name="installAppAndLanguageSelectionTest" time="34.955" classname="com.eduven.testcase.NetworkRelatedTestCases"/>
  <testcase name="verifySwicthLingoRelatedNetworkConnectionTest" time="39.487" classname="com.eduven.testcase.NetworkRelatedTestCases"/>
  <testcase name="turnOnNetworkConnectionTest" time="42.762" classname="com.eduven.testcase.NetworkRelatedTestCases"/>
</testsuite> <!-- com.eduven.testcase.NetworkRelatedTestCases -->
