<?xml version="1.0" encoding="UTF-8"?>
<!-- Generated by org.testng.reporters.JUnitReportReporter -->
<testsuite hostname="Hitesh-Mac-Mini.local" name="com.eduven.testcase.HomePageTestCases" tests="3" failures="0" timestamp="25 Nov 2016 15:43:11 GMT" time="126.368" errors="0">
  <testcase name="verify_element_on_homePage_test" time="3.947" classname="com.eduven.testcase.HomePageTestCases"/>
  <testcase name="verify_footer_element_on_home_page_test" time="1.357" classname="com.eduven.testcase.HomePageTestCases"/>
  <testcase name="install_app_and_language_selection_test" time="121.064" classname="com.eduven.testcase.HomePageTestCases"/>
</testsuite> <!-- com.eduven.testcase.HomePageTestCases -->
