<?xml version="1.0" encoding="UTF-8"?>
<!-- Generated by org.testng.reporters.JUnitReportReporter -->
<testsuite hostname="Hitesh-Mac-Mini.local" name="com.eduven.testcase.GamesPageTestCases" tests="11" failures="0" timestamp="25 Nov 2016 15:43:11 GMT" time="1094.882" errors="0">
  <testcase name="verifyElementOnMainGamePageScreenTest" time="9.703" classname="com.eduven.testcase.GamesPageTestCases"/>
  <testcase name="verifyElementOnGameHomeScreenTest" time="2.953" classname="com.eduven.testcase.GamesPageTestCases"/>
  <testcase name="navigateToGaemPageTest" time="8.447" classname="com.eduven.testcase.GamesPageTestCases"/>
  <testcase name="verifyGameListNavigationTest" time="966.165" classname="com.eduven.testcase.GamesPageTestCases"/>
  <testcase name="installAppAndLanguageSelectionTest" time="34.850" classname="com.eduven.testcase.GamesPageTestCases"/>
  <testcase name="verifyWrongAttemptedQuestionOnScoreBoardTest" time="1.103" classname="com.eduven.testcase.GamesPageTestCases"/>
  <testcase name="selectGameFromGameListTest" time="14.193" classname="com.eduven.testcase.GamesPageTestCases"/>
  <testcase name="questionCountTest" time="1.166" classname="com.eduven.testcase.GamesPageTestCases"/>
  <testcase name="verifyAttemptedQuestionOnScoreBoardTest" time="0.000" classname="com.eduven.testcase.GamesPageTestCases"/>
  <testcase name="startGameTest" time="44.817" classname="com.eduven.testcase.GamesPageTestCases"/>
  <testcase name="selectRandomOptionForQuestionTest" time="11.485" classname="com.eduven.testcase.GamesPageTestCases"/>
</testsuite> <!-- com.eduven.testcase.GamesPageTestCases -->
