<?xml version="1.0" encoding="UTF-8"?>
<!-- Generated by org.testng.reporters.JUnitReportReporter -->
<testsuite hostname="Hitesh-Mac-Mini.local" name="com.eduven.testcase.TermListPageTestCases" tests="4" failures="0" timestamp="25 Nov 2016 15:43:11 GMT" time="289.918" errors="0">
  <testcase name="navigateToEditTermPageTest" time="158.662" classname="com.eduven.testcase.TermListPageTestCases"/>
  <testcase name="verifyContributePageWithoutTextTest" time="15.572" classname="com.eduven.testcase.TermListPageTestCases"/>
  <testcase name="verifyContributePageWithTest" time="80.660" classname="com.eduven.testcase.TermListPageTestCases"/>
  <testcase name="installAppAndLanguageSelectionTest" time="35.024" classname="com.eduven.testcase.TermListPageTestCases"/>
</testsuite> <!-- com.eduven.testcase.TermListPageTestCases -->
