<?xml version="1.0" encoding="UTF-8"?>
<!-- Generated by org.testng.reporters.JUnitReportReporter -->
<testsuite hostname="Hitesh-Mac-Mini.local" name="com.eduven.testcase.AutoPlayPageTestCases" tests="10" failures="0" timestamp="25 Nov 2016 15:43:11 GMT" time="159.421" errors="0">
  <testcase name="verifyButtonsRelatedAutPlayTest" time="4.587" classname="com.eduven.testcase.AutoPlayPageTestCases"/>
  <testcase name="verifyAutoPlayWorksTest" time="21.127" classname="com.eduven.testcase.AutoPlayPageTestCases"/>
  <testcase name="getFirstTermNameBeforeStartTest" time="0.409" classname="com.eduven.testcase.AutoPlayPageTestCases"/>
  <testcase name="startTurboPlayTest" time="22.430" classname="com.eduven.testcase.AutoPlayPageTestCases"/>
  <testcase name="selectRandomCategoryTest" time="58.538" classname="com.eduven.testcase.AutoPlayPageTestCases"/>
  <testcase name="verifyCategoryHeaderTxt" time="3.094" classname="com.eduven.testcase.AutoPlayPageTestCases"/>
  <testcase name="installAppAndLanguageSelectionTest" time="34.493" classname="com.eduven.testcase.AutoPlayPageTestCases"/>
  <testcase name="handlingRateAppPopupTest" time="0.000" classname="com.eduven.testcase.AutoPlayPageTestCases"/>
  <testcase name="verifyElementAfterStartTurboPlayTest" time="6.292" classname="com.eduven.testcase.AutoPlayPageTestCases"/>
  <testcase name="increaseDelayTimeTest" time="8.451" classname="com.eduven.testcase.AutoPlayPageTestCases"/>
</testsuite> <!-- com.eduven.testcase.AutoPlayPageTestCases -->
