<?xml version="1.0" encoding="UTF-8"?>
<!-- Generated by org.testng.reporters.JUnitReportReporter -->
<testsuite hostname="Hitesh-Mac-Mini.local" name="com.eduven.testcase.EvMenuPageTestCases" tests="19" failures="0" timestamp="25 Nov 2016 15:43:11 GMT" time="948.836" errors="0">
  <testcase name="categorySettingPageTest" time="236.931" classname="com.eduven.testcase.EvMenuPageTestCases"/>
  <testcase name="verifyContributePageWithRequiredTextTest" time="85.198" classname="com.eduven.testcase.EvMenuPageTestCases"/>
  <testcase name="verifyContributePageWithoutTextTest" time="15.236" classname="com.eduven.testcase.EvMenuPageTestCases"/>
  <testcase name="navigateToAppListPageTest" time="4.671" classname="com.eduven.testcase.EvMenuPageTestCases"/>
  <testcase name="verifyPrivacyPolicyTest" time="36.993" classname="com.eduven.testcase.EvMenuPageTestCases"/>
  <testcase name="verifyTermAndConditionTest" time="36.050" classname="com.eduven.testcase.EvMenuPageTestCases"/>
  <testcase name="verifyRateThisAppTest" time="67.556" classname="com.eduven.testcase.EvMenuPageTestCases"/>
  <testcase name="verifyMoreAppsPageLoadedTest" time="3.693" classname="com.eduven.testcase.EvMenuPageTestCases"/>
  <testcase name="verifyContributePageWithCategoryTest" time="36.956" classname="com.eduven.testcase.EvMenuPageTestCases"/>
  <testcase name="verifyFaqsTest" time="14.393" classname="com.eduven.testcase.EvMenuPageTestCases"/>
  <testcase name="verifyDislcaimerTest" time="14.204" classname="com.eduven.testcase.EvMenuPageTestCases"/>
  <testcase name="installAppAndLanguageSelectionTest" time="35.572" classname="com.eduven.testcase.EvMenuPageTestCases"/>
  <testcase name="navigateContributePageTest" time="5.524" classname="com.eduven.testcase.EvMenuPageTestCases"/>
  <testcase name="getInTouchPageTest" time="43.682" classname="com.eduven.testcase.EvMenuPageTestCases"/>
  <testcase name="verifyGooglePlayStorePageLoadedTest" time="7.802" classname="com.eduven.testcase.EvMenuPageTestCases"/>
  <testcase name="checkAllCategoryInCategorySettingTest" time="234.348" classname="com.eduven.testcase.EvMenuPageTestCases"/>
  <testcase name="navigateToMoreAppsPageTest" time="7.384" classname="com.eduven.testcase.EvMenuPageTestCases"/>
  <testcase name="wordOfDayTest" time="19.372" classname="com.eduven.testcase.EvMenuPageTestCases"/>
  <testcase name="verifyContributePageWithWordTest" time="43.271" classname="com.eduven.testcase.EvMenuPageTestCases"/>
</testsuite> <!-- com.eduven.testcase.EvMenuPageTestCases -->
