<?xml version="1.0" encoding="UTF-8"?>
<!-- Generated by org.testng.reporters.JUnitReportReporter -->
<testsuite hostname="Bhardwaj.local" name="com.eduven.testcase.ThirtyPercentageFeatureTestCase" tests="3" failures="0" timestamp="27 Oct 2016 14:26:13 GMT" time="3619.196" errors="0">
  <testcase name="checkFirstTermAsUnlockTermTest" time="3579.099" classname="com.eduven.testcase.ThirtyPercentageFeatureTestCase"/>
  <testcase name="installAppAndLanguageSelectionTest" time="40.097" classname="com.eduven.testcase.ThirtyPercentageFeatureTestCase"/>
  <testcase name="check_thirty_percentage_feature_test" time="0.000" classname="com.eduven.testcase.ThirtyPercentageFeatureTestCase"/>
</testsuite> <!-- com.eduven.testcase.ThirtyPercentageFeatureTestCase -->
