<?xml version="1.0" encoding="UTF-8"?>
<!-- Generated by org.testng.reporters.JUnitReportReporter -->
<testsuite hostname="Hitesh-Mac-Mini.local" name="com.eduven.testcase.CategoryPageTestCases" tests="4" failures="0" timestamp="25 Nov 2016 15:43:11 GMT" time="848.869" errors="0">
  <testcase name="verifyCategoryHeaderTxtTest" time="3.208" classname="com.eduven.testcase.CategoryPageTestCases"/>
  <testcase name="installAppAndLanguageSelectionTest" time="35.639" classname="com.eduven.testcase.CategoryPageTestCases"/>
  <testcase name="verifyCategoryTermCountTest" time="520.482" classname="com.eduven.testcase.CategoryPageTestCases"/>
  <testcase name="verifyCategoryListTest" time="289.540" classname="com.eduven.testcase.CategoryPageTestCases"/>
</testsuite> <!-- com.eduven.testcase.CategoryPageTestCases -->
