<?xml version="1.0" encoding="UTF-8"?>
<!-- Generated by org.testng.reporters.JUnitReportReporter -->
<testsuite hostname="Hitesh-Mac-Mini.local" name="com.eduven.testcase.SwitchLanguagePageTestCases" tests="11" failures="0" timestamp="25 Nov 2016 15:43:11 GMT" time="1568.160" errors="0">
  <testcase name="switch_lingo_change_base_language_test" time="23.000" classname="com.eduven.testcase.SwitchLanguagePageTestCases"/>
  <testcase name="verify_quick_list_headertxt_test" time="1.445" classname="com.eduven.testcase.SwitchLanguagePageTestCases"/>
  <testcase name="navigate_to_switch_lingo_page_test" time="12.715" classname="com.eduven.testcase.SwitchLanguagePageTestCases"/>
  <testcase name="verify_quick_list_category_test" time="95.880" classname="com.eduven.testcase.SwitchLanguagePageTestCases"/>
  <testcase name="purchase_native_langugae_test" time="20.516" classname="com.eduven.testcase.SwitchLanguagePageTestCases"/>
  <testcase name="navigate_to_quick_list_test" time="6.022" classname="com.eduven.testcase.SwitchLanguagePageTestCases"/>
  <testcase name="verify_category_list_after_base_language_change_test" time="287.918" classname="com.eduven.testcase.SwitchLanguagePageTestCases"/>
  <testcase name="install_app_and_language_selection_test" time="35.882" classname="com.eduven.testcase.SwitchLanguagePageTestCases"/>
  <testcase name="navigate_to_quick_list_term_test" time="70.359" classname="com.eduven.testcase.SwitchLanguagePageTestCases"/>
  <testcase name="verify_term_header_and_term_name_test" time="1013.234" classname="com.eduven.testcase.SwitchLanguagePageTestCases"/>
  <testcase name="verify_terms_name_on_termlist_page_test" time="1.189" classname="com.eduven.testcase.SwitchLanguagePageTestCases"/>
</testsuite> <!-- com.eduven.testcase.SwitchLanguagePageTestCases -->
