<?xml version="1.0" encoding="UTF-8"?>
<!-- Generated by org.testng.reporters.JUnitReportReporter -->
<testsuite hostname="Hitesh-Mac-Mini.local" name="com.eduven.testcase.CheckInterstetialBeforePurchase" tests="7" failures="0" timestamp="25 Nov 2016 15:43:11 GMT" time="922.706" errors="0">
  <testcase name="verifyInterstetialForGamesTest" time="196.062" classname="com.eduven.testcase.CheckInterstetialBeforePurchase"/>
  <testcase name="verifyInterstetialForSearchTest" time="94.506" classname="com.eduven.testcase.CheckInterstetialBeforePurchase"/>
  <testcase name="verifyInterstetialForQuicklistTest" time="31.381" classname="com.eduven.testcase.CheckInterstetialBeforePurchase"/>
  <testcase name="verifyInterstetialForInAppTest" time="32.103" classname="com.eduven.testcase.CheckInterstetialBeforePurchase"/>
  <testcase name="installAppAndLanguageSelectionTest" time="35.429" classname="com.eduven.testcase.CheckInterstetialBeforePurchase"/>
  <testcase name="handlingRateAppPopupTest" time="0.001" classname="com.eduven.testcase.CheckInterstetialBeforePurchase"/>
  <testcase name="verifyInterstetialForWordListTest" time="533.224" classname="com.eduven.testcase.CheckInterstetialBeforePurchase"/>
</testsuite> <!-- com.eduven.testcase.CheckInterstetialBeforePurchase -->
