<?xml version="1.0" encoding="UTF-8"?>
<!-- Generated by org.testng.reporters.JUnitReportReporter -->
<testsuite hostname="Hitesh-Mac-Mini.local" name="testing.Test2" tests="4" failures="0" timestamp="12 Dec 2016 11:04:38 GMT" time="0.006" errors="0">
  <testcase name="test2" time="0.002" classname="testing.Test2"/>
  <testcase name="test1" time="0.001" classname="testing.Test2"/>
  <testcase name="test3" time="0.002" classname="testing.Test2"/>
  <testcase name="test4" time="0.001" classname="testing.Test2"/>
</testsuite> <!-- testing.Test2 -->
