<?xml version="1.0" encoding="UTF-8"?>
<!-- Generated by org.testng.reporters.JUnitReportReporter -->
<testsuite hostname="Hitesh-Mac-Mini.local" name="testing.Test1" tests="4" failures="0" timestamp="12 Dec 2016 11:04:38 GMT" time="5.022" errors="0">
  <testcase name="test4" time="0.001" classname="testing.Test1"/>
  <testcase name="test3" time="0.001" classname="testing.Test1"/>
  <testcase name="test1" time="5.016" classname="testing.Test1"/>
  <testcase name="test2" time="0.004" classname="testing.Test1"/>
</testsuite> <!-- testing.Test1 -->
