<?xml version="1.0" encoding="UTF-8"?>
<!-- Generated by org.testng.reporters.JUnitReportReporter -->
<testsuite hostname="Hitesh-Mac-Mini.local" name="com.eduven.testcase.PurchaseTestCases" tests="7" failures="0" timestamp="9 Dec 2016 10:31:31 GMT" time="663.262" errors="0">
  <testcase name="verifyLockTermAppearAsUnlockTermTest" time="87.876" classname="com.eduven.testcase.PurchaseTestCases"/>
  <testcase name="handlingRateTheAppPopupTest" time="62.875" classname="com.eduven.testcase.PurchaseTestCases"/>
  <testcase name="verifyLockTermBeforePurchaseTest" time="81.240" classname="com.eduven.testcase.PurchaseTestCases"/>
  <testcase name="navigateToBuyTest" time="27.854" classname="com.eduven.testcase.PurchaseTestCases"/>
  <testcase name="verifyPurchaseBtnAfterPurchase" time="7.338" classname="com.eduven.testcase.PurchaseTestCases"/>
  <testcase name="languageSelectionTest" time="113.587" classname="com.eduven.testcase.PurchaseTestCases"/>
  <testcase name="buyAppPurchaseTest" time="282.492" classname="com.eduven.testcase.PurchaseTestCases"/>
</testsuite> <!-- com.eduven.testcase.PurchaseTestCases -->
