<?xml version="1.0" encoding="UTF-8"?>
<!-- Generated by org.testng.reporters.JUnitReportReporter -->
<testsuite hostname="Hitesh-Mac-Mini.local" name="com.eduven.testcase.SwitchLanguagePageTestCase" tests="7" failures="0" timestamp="20 Jun 2016 06:51:23 GMT" time="503.199" errors="2">
  <testcase name="install_app_and_language_selection_test" time="0.016" classname="com.eduven.testcase.SwitchLanguagePageTestCase"/>
  <testcase name="navigate_to_switch_lingo_page_test" time="32.025" classname="com.eduven.testcase.SwitchLanguagePageTestCase"/>
  <testcase name="verify_term_header_and_term_name_test" time="0.000" classname="com.eduven.testcase.SwitchLanguagePageTestCase">
    <error type="org.openqa.selenium.remote.UnreachableBrowserException" message="Error communicating with the remote browser. It may have died.
Build info: version: &#039;2.51.0&#039;, revision: &#039;1af067d&#039;, time: &#039;2016-02-05 19:11:55&#039;
System info: host: &#039;Hitesh-Mac-Mini.local&#039;, ip: &#039;10.30.30.97&#039;, os.name: &#039;Mac OS X&#039;, os.arch: &#039;x86_64&#039;, os.version: &#039;10.11.5&#039;, java.version: &#039;1.8.0_74&#039;
Driver info: driver.version: RemoteWebDriver
Capabilities [{app=/Users/hiteshbhardwaj/Desktop/Automation/app/LanguagesForIOS/LingoDiction.ipa, networkConnectionEnabled=false, warnings={}, appiumVersion=1.4.13, databaseEnabled=false, deviceName=MediaAgility’s iPhone (9.3.2), platform=UNIX, desired={app=/Users/hiteshbhardwaj/Desktop/Automation/app/LanguagesForIOS/LingoDiction.ipa, appiumVersion=1.4.13, platformVersion=9.0, automationName=ios_automation, udid=1729b469f8bacbe08fa578a280114ad92400f973, platformName=iOS, deviceName=MediaAgility’s iPhone (9.3.2), platform=Appium}, platformVersion=9.0, webStorageEnabled=false, locationContextEnabled=false, automationName=ios_automation, browserName=iOS, takesScreenshot=true, javascriptEnabled=true, udid=1729b469f8bacbe08fa578a280114ad92400f973, platformName=iOS}]
Session ID: 7283b183-baef-43d7-b9fc-dff64e262bcf">
      <![CDATA[org.openqa.selenium.remote.UnreachableBrowserException: Error communicating with the remote browser. It may have died.
Build info: version: '2.51.0', revision: '1af067d', time: '2016-02-05 19:11:55'
System info: host: 'Hitesh-Mac-Mini.local', ip: '10.30.30.97', os.name: 'Mac OS X', os.arch: 'x86_64', os.version: '10.11.5', java.version: '1.8.0_74'
Driver info: driver.version: RemoteWebDriver
Capabilities [{app=/Users/hiteshbhardwaj/Desktop/Automation/app/LanguagesForIOS/LingoDiction.ipa, networkConnectionEnabled=false, warnings={}, appiumVersion=1.4.13, databaseEnabled=false, deviceName=MediaAgility’s iPhone (9.3.2), platform=UNIX, desired={app=/Users/hiteshbhardwaj/Desktop/Automation/app/LanguagesForIOS/LingoDiction.ipa, appiumVersion=1.4.13, platformVersion=9.0, automationName=ios_automation, udid=1729b469f8bacbe08fa578a280114ad92400f973, platformName=iOS, deviceName=MediaAgility’s iPhone (9.3.2), platform=Appium}, platformVersion=9.0, webStorageEnabled=false, locationContextEnabled=false, automationName=ios_automation, browserName=iOS, takesScreenshot=true, javascriptEnabled=true, udid=1729b469f8bacbe08fa578a280114ad92400f973, platformName=iOS}]
Session ID: 7283b183-baef-43d7-b9fc-dff64e262bcf
	at org.openqa.selenium.remote.RemoteWebDriver.execute(RemoteWebDriver.java:665)
	at io.appium.java_client.DefaultGenericMobileDriver.execute(DefaultGenericMobileDriver.java:43)
	at io.appium.java_client.AppiumDriver.execute(AppiumDriver.java:216)
	at org.openqa.selenium.remote.RemoteWebDriver.getScreenshotAs(RemoteWebDriver.java:335)
	at com.eduven.report.ScreenShot.takescreenShotCapture(ScreenShot.java:30)
	at com.eduven.testcase.SwitchLanguagePageTestCase.tearDown(SwitchLanguagePageTestCase.java:66)
	at sun.reflect.NativeMethodAccessorImpl.invoke0(Native Method)
	at sun.reflect.NativeMethodAccessorImpl.invoke(NativeMethodAccessorImpl.java:62)
	at sun.reflect.DelegatingMethodAccessorImpl.invoke(DelegatingMethodAccessorImpl.java:43)
	at java.lang.reflect.Method.invoke(Method.java:498)
	at org.testng.internal.MethodInvocationHelper.invokeMethod(MethodInvocationHelper.java:85)
	at org.testng.internal.Invoker.invokeConfigurationMethod(Invoker.java:510)
	at org.testng.internal.Invoker.invokeConfigurations(Invoker.java:211)
	at org.testng.internal.Invoker.invokeMethod(Invoker.java:703)
	at org.testng.internal.Invoker.invokeTestMethod(Invoker.java:816)
	at org.testng.internal.Invoker.invokeTestMethods(Invoker.java:1124)
	at org.testng.internal.TestMethodWorker.invokeTestMethods(TestMethodWorker.java:125)
	at org.testng.internal.TestMethodWorker.run(TestMethodWorker.java:108)
	at org.testng.TestRunner.privateRun(TestRunner.java:774)
	at org.testng.TestRunner.run(TestRunner.java:624)
	at org.testng.SuiteRunner.runTest(SuiteRunner.java:359)
	at org.testng.SuiteRunner.runSequentially(SuiteRunner.java:354)
	at org.testng.SuiteRunner.privateRun(SuiteRunner.java:312)
	at org.testng.SuiteRunner.run(SuiteRunner.java:261)
	at org.testng.SuiteRunnerWorker.runSuite(SuiteRunnerWorker.java:52)
	at org.testng.SuiteRunnerWorker.run(SuiteRunnerWorker.java:86)
	at org.testng.TestNG.runSuitesSequentially(TestNG.java:1215)
	at org.testng.TestNG.runSuitesLocally(TestNG.java:1140)
	at org.testng.TestNG.run(TestNG.java:1048)
	at org.testng.remote.RemoteTestNG.run(RemoteTestNG.java:112)
	at org.testng.remote.RemoteTestNG.initAndRun(RemoteTestNG.java:205)
	at org.testng.remote.RemoteTestNG.main(RemoteTestNG.java:176)
Caused by: org.openqa.selenium.WebDriverException: org.apache.http.conn.HttpHostConnectException: Connect to 127.0.0.1:4723 [/127.0.0.1] failed: Connection refused
Build info: version: '2.51.0', revision: '1af067d', time: '2016-02-05 19:11:55'
System info: host: 'Hitesh-Mac-Mini.local', ip: '10.30.30.97', os.name: 'Mac OS X', os.arch: 'x86_64', os.version: '10.11.5', java.version: '1.8.0_74'
Driver info: driver.version: RemoteWebDriver
	at io.appium.java_client.remote.AppiumCommandExecutor.execute(AppiumCommandExecutor.java:76)
	at org.openqa.selenium.remote.RemoteWebDriver.execute(RemoteWebDriver.java:644)
	... 31 more
Caused by: org.apache.http.conn.HttpHostConnectException: Connect to 127.0.0.1:4723 [/127.0.0.1] failed: Connection refused
	at org.apache.http.impl.conn.DefaultHttpClientConnectionOperator.connect(DefaultHttpClientConnectionOperator.java:151)
	at org.apache.http.impl.conn.PoolingHttpClientConnectionManager.connect(PoolingHttpClientConnectionManager.java:353)
	at org.apache.http.impl.execchain.MainClientExec.establishRoute(MainClientExec.java:380)
	at org.apache.http.impl.execchain.MainClientExec.execute(MainClientExec.java:236)
	at org.apache.http.impl.execchain.ProtocolExec.execute(ProtocolExec.java:184)
	at org.apache.http.impl.execchain.RetryExec.execute(RetryExec.java:88)
	at org.apache.http.impl.execchain.RedirectExec.execute(RedirectExec.java:110)
	at org.apache.http.impl.client.InternalHttpClient.doExecute(InternalHttpClient.java:184)
	at org.apache.http.impl.client.CloseableHttpClient.execute(CloseableHttpClient.java:71)
	at org.apache.http.impl.client.CloseableHttpClient.execute(CloseableHttpClient.java:55)
	at org.openqa.selenium.remote.internal.ApacheHttpClient.fallBackExecute(ApacheHttpClient.java:144)
	at org.openqa.selenium.remote.internal.ApacheHttpClient.execute(ApacheHttpClient.java:90)
	at org.openqa.selenium.remote.HttpCommandExecutor.execute(HttpCommandExecutor.java:142)
	at io.appium.java_client.remote.AppiumCommandExecutor.execute(AppiumCommandExecutor.java:64)
	... 32 more
Caused by: java.net.ConnectException: Connection refused
	at java.net.PlainSocketImpl.socketConnect(Native Method)
	at java.net.AbstractPlainSocketImpl.doConnect(AbstractPlainSocketImpl.java:350)
	at java.net.AbstractPlainSocketImpl.connectToAddress(AbstractPlainSocketImpl.java:206)
	at java.net.AbstractPlainSocketImpl.connect(AbstractPlainSocketImpl.java:188)
	at java.net.SocksSocketImpl.connect(SocksSocketImpl.java:392)
	at java.net.Socket.connect(Socket.java:589)
	at org.apache.http.conn.socket.PlainConnectionSocketFactory.connectSocket(PlainConnectionSocketFactory.java:74)
	at org.apache.http.impl.conn.DefaultHttpClientConnectionOperator.connect(DefaultHttpClientConnectionOperator.java:134)
	... 45 more
]]>
    </error>
  </testcase> <!-- verify_term_header_and_term_name_test -->
  <testcase name="handling_rate_app_popup_test" time="0.001" classname="com.eduven.testcase.SwitchLanguagePageTestCase"/>
  <testcase name="purchase_native_langugae_test" time="37.853" classname="com.eduven.testcase.SwitchLanguagePageTestCase"/>
  <testcase name="switch_lingo_change_base_language_test" time="36.716" classname="com.eduven.testcase.SwitchLanguagePageTestCase"/>
  <testcase name="verify_category_list_after_base_language_change_test" time="396.588" classname="com.eduven.testcase.SwitchLanguagePageTestCase">
    <error type="org.openqa.selenium.remote.UnreachableBrowserException" message="Error communicating with the remote browser. It may have died.
Build info: version: &#039;2.51.0&#039;, revision: &#039;1af067d&#039;, time: &#039;2016-02-05 19:11:55&#039;
System info: host: &#039;Hitesh-Mac-Mini.local&#039;, ip: &#039;10.30.30.97&#039;, os.name: &#039;Mac OS X&#039;, os.arch: &#039;x86_64&#039;, os.version: &#039;10.11.5&#039;, java.version: &#039;1.8.0_74&#039;
Driver info: driver.version: AppiumDriver
Capabilities [{app=/Users/hiteshbhardwaj/Desktop/Automation/app/LanguagesForIOS/LingoDiction.ipa, networkConnectionEnabled=false, warnings={}, appiumVersion=1.4.13, databaseEnabled=false, deviceName=MediaAgility’s iPhone (9.3.2), platform=UNIX, desired={app=/Users/hiteshbhardwaj/Desktop/Automation/app/LanguagesForIOS/LingoDiction.ipa, appiumVersion=1.4.13, platformVersion=9.0, automationName=ios_automation, udid=1729b469f8bacbe08fa578a280114ad92400f973, platformName=iOS, deviceName=MediaAgility’s iPhone (9.3.2), platform=Appium}, platformVersion=9.0, webStorageEnabled=false, locationContextEnabled=false, automationName=ios_automation, browserName=iOS, takesScreenshot=true, javascriptEnabled=true, udid=1729b469f8bacbe08fa578a280114ad92400f973, platformName=iOS}]
Session ID: 7283b183-baef-43d7-b9fc-dff64e262bcf">
      <![CDATA[org.openqa.selenium.remote.UnreachableBrowserException: Error communicating with the remote browser. It may have died.
Build info: version: '2.51.0', revision: '1af067d', time: '2016-02-05 19:11:55'
System info: host: 'Hitesh-Mac-Mini.local', ip: '10.30.30.97', os.name: 'Mac OS X', os.arch: 'x86_64', os.version: '10.11.5', java.version: '1.8.0_74'
Driver info: driver.version: AppiumDriver
Capabilities [{app=/Users/hiteshbhardwaj/Desktop/Automation/app/LanguagesForIOS/LingoDiction.ipa, networkConnectionEnabled=false, warnings={}, appiumVersion=1.4.13, databaseEnabled=false, deviceName=MediaAgility’s iPhone (9.3.2), platform=UNIX, desired={app=/Users/hiteshbhardwaj/Desktop/Automation/app/LanguagesForIOS/LingoDiction.ipa, appiumVersion=1.4.13, platformVersion=9.0, automationName=ios_automation, udid=1729b469f8bacbe08fa578a280114ad92400f973, platformName=iOS, deviceName=MediaAgility’s iPhone (9.3.2), platform=Appium}, platformVersion=9.0, webStorageEnabled=false, locationContextEnabled=false, automationName=ios_automation, browserName=iOS, takesScreenshot=true, javascriptEnabled=true, udid=1729b469f8bacbe08fa578a280114ad92400f973, platformName=iOS}]
Session ID: 7283b183-baef-43d7-b9fc-dff64e262bcf
	at org.openqa.selenium.remote.RemoteWebDriver.execute(RemoteWebDriver.java:665)
	at io.appium.java_client.DefaultGenericMobileDriver.execute(DefaultGenericMobileDriver.java:43)
	at io.appium.java_client.AppiumDriver.execute(AppiumDriver.java:1)
	at io.appium.java_client.ios.IOSDriver.execute(IOSDriver.java:1)
	at org.openqa.selenium.remote.RemoteWebDriver.findElements(RemoteWebDriver.java:388)
	at org.openqa.selenium.remote.RemoteWebDriver.findElementsByName(RemoteWebDriver.java:469)
	at io.appium.java_client.DefaultGenericMobileDriver.findElementsByName(DefaultGenericMobileDriver.java:103)
	at io.appium.java_client.AppiumDriver.findElementsByName(AppiumDriver.java:196)
	at org.openqa.selenium.By$ByName.findElements(By.java:295)
	at org.openqa.selenium.remote.RemoteWebDriver.findElements(RemoteWebDriver.java:351)
	at io.appium.java_client.DefaultGenericMobileDriver.findElements(DefaultGenericMobileDriver.java:47)
	at io.appium.java_client.AppiumDriver.findElements(AppiumDriver.java:176)
	at com.eduven.utils.Reusables.getElementsList(Reusables.java:703)
	at com.eduven.modules.Categories.clickOnRandomCategory(Categories.java:153)
	at com.eduven.testcase.SwitchLanguagePageTestCase.verify_category_list_after_base_language_change_test(SwitchLanguagePageTestCase.java:55)
	at sun.reflect.NativeMethodAccessorImpl.invoke0(Native Method)
	at sun.reflect.NativeMethodAccessorImpl.invoke(NativeMethodAccessorImpl.java:62)
	at sun.reflect.DelegatingMethodAccessorImpl.invoke(DelegatingMethodAccessorImpl.java:43)
	at java.lang.reflect.Method.invoke(Method.java:498)
	at org.testng.internal.MethodInvocationHelper.invokeMethod(MethodInvocationHelper.java:85)
	at org.testng.internal.Invoker.invokeMethod(Invoker.java:639)
	at org.testng.internal.Invoker.invokeTestMethod(Invoker.java:816)
	at org.testng.internal.Invoker.invokeTestMethods(Invoker.java:1124)
	at org.testng.internal.TestMethodWorker.invokeTestMethods(TestMethodWorker.java:125)
	at org.testng.internal.TestMethodWorker.run(TestMethodWorker.java:108)
	at org.testng.TestRunner.privateRun(TestRunner.java:774)
	at org.testng.TestRunner.run(TestRunner.java:624)
	at org.testng.SuiteRunner.runTest(SuiteRunner.java:359)
	at org.testng.SuiteRunner.runSequentially(SuiteRunner.java:354)
	at org.testng.SuiteRunner.privateRun(SuiteRunner.java:312)
	at org.testng.SuiteRunner.run(SuiteRunner.java:261)
	at org.testng.SuiteRunnerWorker.runSuite(SuiteRunnerWorker.java:52)
	at org.testng.SuiteRunnerWorker.run(SuiteRunnerWorker.java:86)
	at org.testng.TestNG.runSuitesSequentially(TestNG.java:1215)
	at org.testng.TestNG.runSuitesLocally(TestNG.java:1140)
	at org.testng.TestNG.run(TestNG.java:1048)
	at org.testng.remote.RemoteTestNG.run(RemoteTestNG.java:112)
	at org.testng.remote.RemoteTestNG.initAndRun(RemoteTestNG.java:205)
	at org.testng.remote.RemoteTestNG.main(RemoteTestNG.java:176)
Caused by: org.openqa.selenium.WebDriverException: org.apache.http.conn.HttpHostConnectException: Connect to 127.0.0.1:4723 [/127.0.0.1] failed: Connection refused
Build info: version: '2.51.0', revision: '1af067d', time: '2016-02-05 19:11:55'
System info: host: 'Hitesh-Mac-Mini.local', ip: '10.30.30.97', os.name: 'Mac OS X', os.arch: 'x86_64', os.version: '10.11.5', java.version: '1.8.0_74'
Driver info: driver.version: AppiumDriver
	at io.appium.java_client.remote.AppiumCommandExecutor.execute(AppiumCommandExecutor.java:76)
	at org.openqa.selenium.remote.RemoteWebDriver.execute(RemoteWebDriver.java:644)
	... 38 more
Caused by: org.apache.http.conn.HttpHostConnectException: Connect to 127.0.0.1:4723 [/127.0.0.1] failed: Connection refused
	at org.apache.http.impl.conn.DefaultHttpClientConnectionOperator.connect(DefaultHttpClientConnectionOperator.java:151)
	at org.apache.http.impl.conn.PoolingHttpClientConnectionManager.connect(PoolingHttpClientConnectionManager.java:353)
	at org.apache.http.impl.execchain.MainClientExec.establishRoute(MainClientExec.java:380)
	at org.apache.http.impl.execchain.MainClientExec.execute(MainClientExec.java:236)
	at org.apache.http.impl.execchain.ProtocolExec.execute(ProtocolExec.java:184)
	at org.apache.http.impl.execchain.RetryExec.execute(RetryExec.java:88)
	at org.apache.http.impl.execchain.RedirectExec.execute(RedirectExec.java:110)
	at org.apache.http.impl.client.InternalHttpClient.doExecute(InternalHttpClient.java:184)
	at org.apache.http.impl.client.CloseableHttpClient.execute(CloseableHttpClient.java:71)
	at org.apache.http.impl.client.CloseableHttpClient.execute(CloseableHttpClient.java:55)
	at org.openqa.selenium.remote.internal.ApacheHttpClient.fallBackExecute(ApacheHttpClient.java:162)
	at org.openqa.selenium.remote.internal.ApacheHttpClient.execute(ApacheHttpClient.java:90)
	at org.openqa.selenium.remote.HttpCommandExecutor.execute(HttpCommandExecutor.java:142)
	at io.appium.java_client.remote.AppiumCommandExecutor.execute(AppiumCommandExecutor.java:64)
	... 39 more
Caused by: java.net.ConnectException: Connection refused
	at java.net.PlainSocketImpl.socketConnect(Native Method)
	at java.net.AbstractPlainSocketImpl.doConnect(AbstractPlainSocketImpl.java:350)
	at java.net.AbstractPlainSocketImpl.connectToAddress(AbstractPlainSocketImpl.java:206)
	at java.net.AbstractPlainSocketImpl.connect(AbstractPlainSocketImpl.java:188)
	at java.net.SocksSocketImpl.connect(SocksSocketImpl.java:392)
	at java.net.Socket.connect(Socket.java:589)
	at org.apache.http.conn.socket.PlainConnectionSocketFactory.connectSocket(PlainConnectionSocketFactory.java:74)
	at org.apache.http.impl.conn.DefaultHttpClientConnectionOperator.connect(DefaultHttpClientConnectionOperator.java:134)
	... 52 more
]]>
    </error>
  </testcase> <!-- verify_category_list_after_base_language_change_test -->
</testsuite> <!-- com.eduven.testcase.SwitchLanguagePageTestCase -->
