<?xml version="1.0" encoding="UTF-8"?>
<!-- Generated by org.testng.reporters.JUnitReportReporter -->
<testsuite hostname="Hitesh-Mac-Mini.local" name="com.eduven.testcase.AutoPlayPageTestCases" tests="8" failures="0" timestamp="9 Dec 2016 10:31:31 GMT" time="257.339" errors="0">
  <testcase name="handlingRateTheAppPopupTest" time="63.237" classname="com.eduven.testcase.AutoPlayPageTestCases"/>
  <testcase name="verifyCategoryHeaderTxt" time="2.189" classname="com.eduven.testcase.AutoPlayPageTestCases"/>
  <testcase name="verify_auto_play_works_test" time="0.000" classname="com.eduven.testcase.AutoPlayPageTestCases"/>
  <testcase name="languageSelectionTest" time="111.976" classname="com.eduven.testcase.AutoPlayPageTestCases"/>
  <testcase name="autoPlayButtonForPlayButtonTest" time="15.955" classname="com.eduven.testcase.AutoPlayPageTestCases"/>
  <testcase name="selectRandomCategoryTest" time="36.258" classname="com.eduven.testcase.AutoPlayPageTestCases"/>
  <testcase name="increaseDealayTimeTest" time="5.513" classname="com.eduven.testcase.AutoPlayPageTestCases"/>
  <testcase name="verifyAutoPlayButtonTest" time="22.211" classname="com.eduven.testcase.AutoPlayPageTestCases"/>
</testsuite> <!-- com.eduven.testcase.AutoPlayPageTestCases -->
