<?xml version="1.0" encoding="UTF-8"?>
<!-- Generated by org.testng.reporters.JUnitReportReporter -->
<testsuite hostname="Hitesh-Mac-Mini.local" name="com.eduven.testcase.LanguageSelectionPageTestCases" tests="1" failures="0" timestamp="8 Jun 2016 13:07:43 GMT" time="573.956" errors="0">
  <testcase name="install_app_and_select_language_test" time="573.956" classname="com.eduven.testcase.LanguageSelectionPageTestCases"/>
</testsuite> <!-- com.eduven.testcase.LanguageSelectionPageTestCases -->
