<?xml version="1.0" encoding="UTF-8"?>
<!-- Generated by org.testng.reporters.JUnitReportReporter -->
<testsuite hostname="Hitesh-Mac-Mini.local" name="com.eduven.testcase.CheckInterstetialAfterPurchase" tests="3" failures="0" timestamp="9 Dec 2016 10:31:31 GMT" time="305.983" errors="0">
  <testcase name="verifyInterstetialForQuizTest" time="127.677" classname="com.eduven.testcase.CheckInterstetialAfterPurchase"/>
  <testcase name="handlingRateTheAppPopupTest" time="67.537" classname="com.eduven.testcase.CheckInterstetialAfterPurchase"/>
  <testcase name="languageSelectionTest" time="110.769" classname="com.eduven.testcase.CheckInterstetialAfterPurchase"/>
</testsuite> <!-- com.eduven.testcase.CheckInterstetialAfterPurchase -->
