<?xml version="1.0" encoding="UTF-8"?>
<!-- Generated by org.testng.reporters.JUnitReportReporter -->
<testsuite hostname="Hitesh-Mac-Mini.local" name="com.eduven.testcase.TermListPageTestCases" tests="9" failures="0" timestamp="9 Dec 2016 10:31:31 GMT" time="733.965" errors="0">
  <testcase name="navigateToTermlistPageTest" time="45.577" classname="com.eduven.testcase.TermListPageTestCases"/>
  <testcase name="verifyContributePageWithoutTextTest" time="22.892" classname="com.eduven.testcase.TermListPageTestCases"/>
  <testcase name="languageSelectionTest" time="113.827" classname="com.eduven.testcase.TermListPageTestCases"/>
  <testcase name="verifyTermsNameOnTermlistPageTest" time="153.294" classname="com.eduven.testcase.TermListPageTestCases"/>
  <testcase name="handlingRateTheAppPopupTest" time="63.308" classname="com.eduven.testcase.TermListPageTestCases"/>
  <testcase name="verifyContributePageWithWordTest" time="43.519" classname="com.eduven.testcase.TermListPageTestCases"/>
  <testcase name="verifyLockTermNameTest" time="150.183" classname="com.eduven.testcase.TermListPageTestCases"/>
  <testcase name="verifyUnlockTermNameTest" time="71.544" classname="com.eduven.testcase.TermListPageTestCases"/>
  <testcase name="navigateToEditTermPageTest" time="69.821" classname="com.eduven.testcase.TermListPageTestCases"/>
</testsuite> <!-- com.eduven.testcase.TermListPageTestCases -->
