<?xml version="1.0" encoding="UTF-8"?>
<!-- Generated by org.testng.reporters.JUnitReportReporter -->
<testsuite hostname="Hitesh-Mac-Mini.local" name="com.eduven.testcase.HomePageTestCases" tests="8" failures="0" timestamp="9 Dec 2016 10:31:31 GMT" time="162.691" errors="0">
  <testcase name="languageSelectionTest" time="77.818" classname="com.eduven.testcase.HomePageTestCases"/>
  <testcase name="handlingRateTheAppPopupTest" time="64.281" classname="com.eduven.testcase.HomePageTestCases"/>
  <testcase name="verifyFooterSwitchLingoButtonOnHomePageTest" time="2.053" classname="com.eduven.testcase.HomePageTestCases"/>
  <testcase name="verifyFooterEdubankButtonOnHomePageTest" time="2.080" classname="com.eduven.testcase.HomePageTestCases"/>
  <testcase name="verifyFooterPurchaseButtonOnHomePageTest" time="2.203" classname="com.eduven.testcase.HomePageTestCases"/>
  <testcase name="verifyElementOnHomePageTest" time="9.826" classname="com.eduven.testcase.HomePageTestCases"/>
  <testcase name="verifyFooterQuicklistButtonOnHomePageTest" time="2.216" classname="com.eduven.testcase.HomePageTestCases"/>
  <testcase name="verifyFooterGameButtonOnHomePageTest" time="2.214" classname="com.eduven.testcase.HomePageTestCases"/>
</testsuite> <!-- com.eduven.testcase.HomePageTestCases -->
