<?xml version="1.0" encoding="UTF-8"?>
<!-- Generated by org.testng.reporters.JUnitReportReporter -->
<testsuite hostname="Hitesh-Mac-Mini.local" name="com.eduven.testcase.EduBankPageTestCases" tests="17" failures="0" timestamp="9 Dec 2016 10:31:31 GMT" time="747.396" errors="0">
  <testcase name="removeTermsFromEdubankTest" time="6.650" classname="com.eduven.testcase.EduBankPageTestCases"/>
  <testcase name="handlingRateAppPopupTest" time="62.378" classname="com.eduven.testcase.EduBankPageTestCases"/>
  <testcase name="verifyAddedTermInEdubankForQuicklistTest" time="36.045" classname="com.eduven.testcase.EduBankPageTestCases"/>
  <testcase name="navigateToQuicklistTermPageTest" time="29.449" classname="com.eduven.testcase.EduBankPageTestCases"/>
  <testcase name="navigateToQuicklistPageTest" time="29.467" classname="com.eduven.testcase.EduBankPageTestCases"/>
  <testcase name="navigateToEdubankQuicklistTest" time="90.405" classname="com.eduven.testcase.EduBankPageTestCases"/>
  <testcase name="removeAllTermsFromEdubankForQuicklistTest" time="3.566" classname="com.eduven.testcase.EduBankPageTestCases"/>
  <testcase name="removeAllTermsFromEdubankTest" time="7.668" classname="com.eduven.testcase.EduBankPageTestCases"/>
  <testcase name="languageSelectionTest" time="113.092" classname="com.eduven.testcase.EduBankPageTestCases"/>
  <testcase name="navigateToTermPageTest" time="24.238" classname="com.eduven.testcase.EduBankPageTestCases"/>
  <testcase name="navigateToEdubankTest" time="90.273" classname="com.eduven.testcase.EduBankPageTestCases"/>
  <testcase name="addTermInEdubankTest" time="43.379" classname="com.eduven.testcase.EduBankPageTestCases"/>
  <testcase name="addTermInEdubankForQuicklistTest" time="87.187" classname="com.eduven.testcase.EduBankPageTestCases"/>
  <testcase name="removeTermsFromEdubankForQuicklistTest" time="6.639" classname="com.eduven.testcase.EduBankPageTestCases"/>
  <testcase name="verifyAddedTermInEdubankTest" time="53.770" classname="com.eduven.testcase.EduBankPageTestCases"/>
  <testcase name="verifyAddedTermInEdubankAfterRemovedItTest" time="31.518" classname="com.eduven.testcase.EduBankPageTestCases"/>
  <testcase name="verifyAddedTermInEdubankForQuicklistAfterRemoveOneTermTest" time="31.672" classname="com.eduven.testcase.EduBankPageTestCases"/>
</testsuite> <!-- com.eduven.testcase.EduBankPageTestCases -->
