<?xml version="1.0" encoding="UTF-8"?>
<!-- Generated by org.testng.reporters.JUnitReportReporter -->
<testsuite hostname="Hitesh-Mac-Mini.local" name="com.eduven.testcase.ThirtyPercentageFeatureTestCase" tests="2" failures="0" timestamp="7 Nov 2016 07:11:39 GMT" time="61.476" errors="0">
  <testcase name="install_app_and_language_selection_test" time="0.013" classname="com.eduven.testcase.ThirtyPercentageFeatureTestCase"/>
  <testcase name="check_thirty_percentage_feature_test" time="61.463" classname="com.eduven.testcase.ThirtyPercentageFeatureTestCase"/>
</testsuite> <!-- com.eduven.testcase.ThirtyPercentageFeatureTestCase -->
