<?xml version="1.0" encoding="UTF-8"?>
<!-- Generated by org.testng.reporters.JUnitReportReporter -->
<testsuite hostname="Hitesh-Mac-Mini.local" name="com.eduven.testcase.QuickListPageTestCases" tests="9" failures="0" timestamp="9 Dec 2016 10:31:31 GMT" time="519.731" errors="0">
  <testcase name="verifyUnlockTermNameTest" time="89.805" classname="com.eduven.testcase.QuickListPageTestCases"/>
  <testcase name="handlingRateTheAppPopupTest" time="62.978" classname="com.eduven.testcase.QuickListPageTestCases"/>
  <testcase name="navigateToQuickListTest" time="22.462" classname="com.eduven.testcase.QuickListPageTestCases"/>
  <testcase name="verifyTermsNameOnTermlistPageTest" time="105.696" classname="com.eduven.testcase.QuickListPageTestCases"/>
  <testcase name="verifyQuickListHeadertxtTest" time="6.227" classname="com.eduven.testcase.QuickListPageTestCases"/>
  <testcase name="verifyQuickListCategoryTest" time="26.056" classname="com.eduven.testcase.QuickListPageTestCases"/>
  <testcase name="languageSelectionTest" time="112.001" classname="com.eduven.testcase.QuickListPageTestCases"/>
  <testcase name="verifyLockTermNameTest" time="58.990" classname="com.eduven.testcase.QuickListPageTestCases"/>
  <testcase name="navigateToQuickListTermTest" time="35.516" classname="com.eduven.testcase.QuickListPageTestCases"/>
</testsuite> <!-- com.eduven.testcase.QuickListPageTestCases -->
