<?xml version="1.0" encoding="UTF-8"?>
<!-- Generated by org.testng.reporters.JUnitReportReporter -->
<testsuite hostname="Hitesh-Mac-Mini.local" name="com.eduven.testcase.CategoryPageTestCases" tests="4" failures="0" timestamp="9 Dec 2016 10:31:31 GMT" time="630.303" errors="0">
  <testcase name="verifyCategoryHeaderTxt" time="2.187" classname="com.eduven.testcase.CategoryPageTestCases"/>
  <testcase name="handlingRateTheAppPopupTest" time="63.536" classname="com.eduven.testcase.CategoryPageTestCases"/>
  <testcase name="languageSelectionTest" time="113.520" classname="com.eduven.testcase.CategoryPageTestCases"/>
  <testcase name="verifyCategoriesList" time="451.060" classname="com.eduven.testcase.CategoryPageTestCases"/>
</testsuite> <!-- com.eduven.testcase.CategoryPageTestCases -->
