<?xml version="1.0" encoding="UTF-8"?>
<!-- Generated by org.testng.reporters.JUnitReportReporter -->
<testsuite hostname="Bhardwaj.local" name="com.eduven.testcase.SearchPageTestCases" tests="16" failures="0" timestamp="8 Nov 2016 07:43:40 GMT" time="3126.872" errors="0">
  <testcase name="selectFirstTypeOfDietTest" time="68.816" classname="com.eduven.testcase.SearchPageTestCases"/>
  <testcase name="searchPageHeaderTextTest" time="4.467" classname="com.eduven.testcase.SearchPageTestCases"/>
  <testcase name="searchByLookupByIngredientForVegTest" time="251.665" classname="com.eduven.testcase.SearchPageTestCases"/>
  <testcase name="verifyAppNameTest" time="59.881" classname="com.eduven.testcase.SearchPageTestCases"/>
  <testcase name="homePageAppHeaderTextTest" time="2.660" classname="com.eduven.testcase.SearchPageTestCases"/>
  <testcase name="searchByLookupByIngredientForNonVegTest" time="245.690" classname="com.eduven.testcase.SearchPageTestCases"/>
  <testcase name="searchPageVerifySearchCategoryAndSubCategryValueTest" time="1.229" classname="com.eduven.testcase.SearchPageTestCases"/>
  <testcase name="inAppPurchaseTest" time="53.323" classname="com.eduven.testcase.SearchPageTestCases"/>
  <testcase name="searchByLookupByRecipeForNonVegetarianTest" time="240.018" classname="com.eduven.testcase.SearchPageTestCases"/>
  <testcase name="searchPageSelectSearchCategoryFromTurboTest" time="4.943" classname="com.eduven.testcase.SearchPageTestCases"/>
  <testcase name="searchByLookupByRecipeForVegetarianTest" time="114.939" classname="com.eduven.testcase.SearchPageTestCases"/>
  <testcase name="searchByLookupByRecipeForAllTest" time="238.666" classname="com.eduven.testcase.SearchPageTestCases"/>
  <testcase name="searchByLookupByRecipeForVeganTest" time="238.401" classname="com.eduven.testcase.SearchPageTestCases"/>
  <testcase name="searchPageVerifyTurboSearchTest" time="100.077" classname="com.eduven.testcase.SearchPageTestCases"/>
  <testcase name="searchPageNaviagateToTurboSearchPageTest" time="57.284" classname="com.eduven.testcase.SearchPageTestCases"/>
  <testcase name="verifyTurboSearchRecipeTest" time="1444.813" classname="com.eduven.testcase.SearchPageTestCases"/>
</testsuite> <!-- com.eduven.testcase.SearchPageTestCases -->
