<?xml version="1.0" encoding="UTF-8"?>
<!-- Generated by org.testng.reporters.JUnitReportReporter -->
<testsuite hostname="Bhardwaj.local" name="com.eduven.testcase.TypeOfDietPageTestCases" tests="4" failures="0" timestamp="8 Nov 2016 04:17:21 GMT" time="129.145" errors="0">
  <testcase name="verifyHomePageHeaderTest" time="1.305" classname="com.eduven.testcase.TypeOfDietPageTestCases"/>
  <testcase name="selectFirstTypeOfDietTest" time="66.340" classname="com.eduven.testcase.TypeOfDietPageTestCases"/>
  <testcase name="verifyTypeOfDietNameTest" time="4.719" classname="com.eduven.testcase.TypeOfDietPageTestCases"/>
  <testcase name="verifyAppNameTest" time="56.781" classname="com.eduven.testcase.TypeOfDietPageTestCases"/>
</testsuite> <!-- com.eduven.testcase.TypeOfDietPageTestCases -->
