<?xml version="1.0" encoding="UTF-8"?>
<!-- Generated by org.testng.reporters.JUnitReportReporter -->
<testsuite hostname="Hitesh-Mac-Mini.local" name="com.eduven.testcase.CookingTypePageTestCases" tests="6" failures="0" timestamp="25 May 2016 10:46:37 GMT" time="106.691" errors="5">
  <testcase name="cooking_type_page_random_term_click_test" time="0.001" classname="com.eduven.testcase.CookingTypePageTestCases">
    <error type="org.openqa.selenium.remote.UnreachableBrowserException" message="Error communicating with the remote browser. It may have died.
Build info: version: &#039;2.51.0&#039;, revision: &#039;1af067d&#039;, time: &#039;2016-02-05 19:11:55&#039;
System info: host: &#039;Hitesh-Mac-Mini.local&#039;, ip: &#039;10.30.30.97&#039;, os.name: &#039;Mac OS X&#039;, os.arch: &#039;x86_64&#039;, os.version: &#039;10.11.5&#039;, java.version: &#039;1.8.0_74&#039;
Driver info: driver.version: RemoteWebDriver
Capabilities [{app=/Users/hiteshbhardwaj/Desktop/Automation/app/RecipeFrameworkForAndroid/app-indian-debug-5.apk, appPackage=com.ma.cc.indian, networkConnectionEnabled=true, warnings={}, appiumVersion=1.4.13, databaseEnabled=false, deviceName=ZX1G4228HP, platform=LINUX, appActivity=cc.eduven.com.chefchili.activity.Splash, desired={app=/Users/hiteshbhardwaj/Desktop/Automation/app/RecipeFrameworkForAndroid/app-indian-debug-5.apk, appPackage=com.ma.cc.indian, appActivity=cc.eduven.com.chefchili.activity.Splash, platformVersion=5.1, appiumVersion=1.4.13, automationName=Appium, platformName=Android, deviceName=ZX1G4228HP}, platformVersion=6.0.1, webStorageEnabled=false, locationContextEnabled=false, automationName=Appium, browserName=Android, takesScreenshot=true, javascriptEnabled=true, platformName=Android}]
Session ID: 5d1bbf91-e483-4049-890d-7a2d934fbbcd">
      <![CDATA[org.openqa.selenium.remote.UnreachableBrowserException: Error communicating with the remote browser. It may have died.
Build info: version: '2.51.0', revision: '1af067d', time: '2016-02-05 19:11:55'
System info: host: 'Hitesh-Mac-Mini.local', ip: '10.30.30.97', os.name: 'Mac OS X', os.arch: 'x86_64', os.version: '10.11.5', java.version: '1.8.0_74'
Driver info: driver.version: RemoteWebDriver
Capabilities [{app=/Users/hiteshbhardwaj/Desktop/Automation/app/RecipeFrameworkForAndroid/app-indian-debug-5.apk, appPackage=com.ma.cc.indian, networkConnectionEnabled=true, warnings={}, appiumVersion=1.4.13, databaseEnabled=false, deviceName=ZX1G4228HP, platform=LINUX, appActivity=cc.eduven.com.chefchili.activity.Splash, desired={app=/Users/hiteshbhardwaj/Desktop/Automation/app/RecipeFrameworkForAndroid/app-indian-debug-5.apk, appPackage=com.ma.cc.indian, appActivity=cc.eduven.com.chefchili.activity.Splash, platformVersion=5.1, appiumVersion=1.4.13, automationName=Appium, platformName=Android, deviceName=ZX1G4228HP}, platformVersion=6.0.1, webStorageEnabled=false, locationContextEnabled=false, automationName=Appium, browserName=Android, takesScreenshot=true, javascriptEnabled=true, platformName=Android}]
Session ID: 5d1bbf91-e483-4049-890d-7a2d934fbbcd
	at org.openqa.selenium.remote.RemoteWebDriver.execute(RemoteWebDriver.java:665)
	at io.appium.java_client.DefaultGenericMobileDriver.execute(DefaultGenericMobileDriver.java:43)
	at io.appium.java_client.AppiumDriver.execute(AppiumDriver.java:216)
	at org.openqa.selenium.remote.RemoteWebDriver.getScreenshotAs(RemoteWebDriver.java:335)
	at com.eduven.utils.ScreenShot.takescreenShotCapture(ScreenShot.java:30)
	at com.eduven.testcase.CookingTypePageTestCases.tearDown(CookingTypePageTestCases.java:55)
	at sun.reflect.NativeMethodAccessorImpl.invoke0(Native Method)
	at sun.reflect.NativeMethodAccessorImpl.invoke(NativeMethodAccessorImpl.java:62)
	at sun.reflect.DelegatingMethodAccessorImpl.invoke(DelegatingMethodAccessorImpl.java:43)
	at java.lang.reflect.Method.invoke(Method.java:498)
	at org.testng.internal.MethodInvocationHelper.invokeMethod(MethodInvocationHelper.java:85)
	at org.testng.internal.Invoker.invokeConfigurationMethod(Invoker.java:510)
	at org.testng.internal.Invoker.invokeConfigurations(Invoker.java:211)
	at org.testng.internal.Invoker.invokeMethod(Invoker.java:703)
	at org.testng.internal.Invoker.invokeTestMethod(Invoker.java:816)
	at org.testng.internal.Invoker.invokeTestMethods(Invoker.java:1124)
	at org.testng.internal.TestMethodWorker.invokeTestMethods(TestMethodWorker.java:125)
	at org.testng.internal.TestMethodWorker.run(TestMethodWorker.java:108)
	at org.testng.TestRunner.privateRun(TestRunner.java:774)
	at org.testng.TestRunner.run(TestRunner.java:624)
	at org.testng.SuiteRunner.runTest(SuiteRunner.java:359)
	at org.testng.SuiteRunner.runSequentially(SuiteRunner.java:354)
	at org.testng.SuiteRunner.privateRun(SuiteRunner.java:312)
	at org.testng.SuiteRunner.run(SuiteRunner.java:261)
	at org.testng.SuiteRunnerWorker.runSuite(SuiteRunnerWorker.java:52)
	at org.testng.SuiteRunnerWorker.run(SuiteRunnerWorker.java:86)
	at org.testng.TestNG.runSuitesSequentially(TestNG.java:1215)
	at org.testng.TestNG.runSuitesLocally(TestNG.java:1140)
	at org.testng.TestNG.run(TestNG.java:1048)
	at com.eduven.utils.RunTestng.main(RunTestng.java:64)
Caused by: org.openqa.selenium.WebDriverException: org.apache.http.conn.HttpHostConnectException: Connect to 127.0.0.1:4723 [/127.0.0.1] failed: Connection refused
Build info: version: '2.51.0', revision: '1af067d', time: '2016-02-05 19:11:55'
System info: host: 'Hitesh-Mac-Mini.local', ip: '10.30.30.97', os.name: 'Mac OS X', os.arch: 'x86_64', os.version: '10.11.5', java.version: '1.8.0_74'
Driver info: driver.version: RemoteWebDriver
	at io.appium.java_client.remote.AppiumCommandExecutor.execute(AppiumCommandExecutor.java:76)
	at org.openqa.selenium.remote.RemoteWebDriver.execute(RemoteWebDriver.java:644)
	... 29 more
Caused by: org.apache.http.conn.HttpHostConnectException: Connect to 127.0.0.1:4723 [/127.0.0.1] failed: Connection refused
	at org.apache.http.impl.conn.DefaultHttpClientConnectionOperator.connect(DefaultHttpClientConnectionOperator.java:151)
	at org.apache.http.impl.conn.PoolingHttpClientConnectionManager.connect(PoolingHttpClientConnectionManager.java:353)
	at org.apache.http.impl.execchain.MainClientExec.establishRoute(MainClientExec.java:380)
	at org.apache.http.impl.execchain.MainClientExec.execute(MainClientExec.java:236)
	at org.apache.http.impl.execchain.ProtocolExec.execute(ProtocolExec.java:184)
	at org.apache.http.impl.execchain.RetryExec.execute(RetryExec.java:88)
	at org.apache.http.impl.execchain.RedirectExec.execute(RedirectExec.java:110)
	at org.apache.http.impl.client.InternalHttpClient.doExecute(InternalHttpClient.java:184)
	at org.apache.http.impl.client.CloseableHttpClient.execute(CloseableHttpClient.java:71)
	at org.apache.http.impl.client.CloseableHttpClient.execute(CloseableHttpClient.java:55)
	at org.openqa.selenium.remote.internal.ApacheHttpClient.fallBackExecute(ApacheHttpClient.java:144)
	at org.openqa.selenium.remote.internal.ApacheHttpClient.execute(ApacheHttpClient.java:90)
	at org.openqa.selenium.remote.HttpCommandExecutor.execute(HttpCommandExecutor.java:142)
	at io.appium.java_client.remote.AppiumCommandExecutor.execute(AppiumCommandExecutor.java:64)
	... 30 more
Caused by: java.net.ConnectException: Connection refused
	at java.net.PlainSocketImpl.socketConnect(Native Method)
	at java.net.AbstractPlainSocketImpl.doConnect(AbstractPlainSocketImpl.java:350)
	at java.net.AbstractPlainSocketImpl.connectToAddress(AbstractPlainSocketImpl.java:206)
	at java.net.AbstractPlainSocketImpl.connect(AbstractPlainSocketImpl.java:188)
	at java.net.SocksSocketImpl.connect(SocksSocketImpl.java:392)
	at java.net.Socket.connect(Socket.java:589)
	at org.apache.http.conn.socket.PlainConnectionSocketFactory.connectSocket(PlainConnectionSocketFactory.java:74)
	at org.apache.http.impl.conn.DefaultHttpClientConnectionOperator.connect(DefaultHttpClientConnectionOperator.java:134)
	... 43 more
]]>
    </error>
  </testcase> <!-- cooking_type_page_random_term_click_test -->
  <testcase name="cooking_type_page_verify_cooking_terms_test" time="0.000" classname="com.eduven.testcase.CookingTypePageTestCases">
    <error type="org.openqa.selenium.remote.UnreachableBrowserException" message="Error communicating with the remote browser. It may have died.
Build info: version: &#039;2.51.0&#039;, revision: &#039;1af067d&#039;, time: &#039;2016-02-05 19:11:55&#039;
System info: host: &#039;Hitesh-Mac-Mini.local&#039;, ip: &#039;10.30.30.97&#039;, os.name: &#039;Mac OS X&#039;, os.arch: &#039;x86_64&#039;, os.version: &#039;10.11.5&#039;, java.version: &#039;1.8.0_74&#039;
Driver info: driver.version: RemoteWebDriver
Capabilities [{app=/Users/hiteshbhardwaj/Desktop/Automation/app/RecipeFrameworkForAndroid/app-indian-debug-5.apk, appPackage=com.ma.cc.indian, networkConnectionEnabled=true, warnings={}, appiumVersion=1.4.13, databaseEnabled=false, deviceName=ZX1G4228HP, platform=LINUX, appActivity=cc.eduven.com.chefchili.activity.Splash, desired={app=/Users/hiteshbhardwaj/Desktop/Automation/app/RecipeFrameworkForAndroid/app-indian-debug-5.apk, appPackage=com.ma.cc.indian, appActivity=cc.eduven.com.chefchili.activity.Splash, platformVersion=5.1, appiumVersion=1.4.13, automationName=Appium, platformName=Android, deviceName=ZX1G4228HP}, platformVersion=6.0.1, webStorageEnabled=false, locationContextEnabled=false, automationName=Appium, browserName=Android, takesScreenshot=true, javascriptEnabled=true, platformName=Android}]
Session ID: 5d1bbf91-e483-4049-890d-7a2d934fbbcd">
      <![CDATA[org.openqa.selenium.remote.UnreachableBrowserException: Error communicating with the remote browser. It may have died.
Build info: version: '2.51.0', revision: '1af067d', time: '2016-02-05 19:11:55'
System info: host: 'Hitesh-Mac-Mini.local', ip: '10.30.30.97', os.name: 'Mac OS X', os.arch: 'x86_64', os.version: '10.11.5', java.version: '1.8.0_74'
Driver info: driver.version: RemoteWebDriver
Capabilities [{app=/Users/hiteshbhardwaj/Desktop/Automation/app/RecipeFrameworkForAndroid/app-indian-debug-5.apk, appPackage=com.ma.cc.indian, networkConnectionEnabled=true, warnings={}, appiumVersion=1.4.13, databaseEnabled=false, deviceName=ZX1G4228HP, platform=LINUX, appActivity=cc.eduven.com.chefchili.activity.Splash, desired={app=/Users/hiteshbhardwaj/Desktop/Automation/app/RecipeFrameworkForAndroid/app-indian-debug-5.apk, appPackage=com.ma.cc.indian, appActivity=cc.eduven.com.chefchili.activity.Splash, platformVersion=5.1, appiumVersion=1.4.13, automationName=Appium, platformName=Android, deviceName=ZX1G4228HP}, platformVersion=6.0.1, webStorageEnabled=false, locationContextEnabled=false, automationName=Appium, browserName=Android, takesScreenshot=true, javascriptEnabled=true, platformName=Android}]
Session ID: 5d1bbf91-e483-4049-890d-7a2d934fbbcd
	at org.openqa.selenium.remote.RemoteWebDriver.execute(RemoteWebDriver.java:665)
	at io.appium.java_client.DefaultGenericMobileDriver.execute(DefaultGenericMobileDriver.java:43)
	at io.appium.java_client.AppiumDriver.execute(AppiumDriver.java:216)
	at org.openqa.selenium.remote.RemoteWebDriver.getScreenshotAs(RemoteWebDriver.java:335)
	at com.eduven.utils.ScreenShot.takescreenShotCapture(ScreenShot.java:30)
	at com.eduven.testcase.CookingTypePageTestCases.tearDown(CookingTypePageTestCases.java:55)
	at sun.reflect.NativeMethodAccessorImpl.invoke0(Native Method)
	at sun.reflect.NativeMethodAccessorImpl.invoke(NativeMethodAccessorImpl.java:62)
	at sun.reflect.DelegatingMethodAccessorImpl.invoke(DelegatingMethodAccessorImpl.java:43)
	at java.lang.reflect.Method.invoke(Method.java:498)
	at org.testng.internal.MethodInvocationHelper.invokeMethod(MethodInvocationHelper.java:85)
	at org.testng.internal.Invoker.invokeConfigurationMethod(Invoker.java:510)
	at org.testng.internal.Invoker.invokeConfigurations(Invoker.java:211)
	at org.testng.internal.Invoker.invokeMethod(Invoker.java:703)
	at org.testng.internal.Invoker.invokeTestMethod(Invoker.java:816)
	at org.testng.internal.Invoker.invokeTestMethods(Invoker.java:1124)
	at org.testng.internal.TestMethodWorker.invokeTestMethods(TestMethodWorker.java:125)
	at org.testng.internal.TestMethodWorker.run(TestMethodWorker.java:108)
	at org.testng.TestRunner.privateRun(TestRunner.java:774)
	at org.testng.TestRunner.run(TestRunner.java:624)
	at org.testng.SuiteRunner.runTest(SuiteRunner.java:359)
	at org.testng.SuiteRunner.runSequentially(SuiteRunner.java:354)
	at org.testng.SuiteRunner.privateRun(SuiteRunner.java:312)
	at org.testng.SuiteRunner.run(SuiteRunner.java:261)
	at org.testng.SuiteRunnerWorker.runSuite(SuiteRunnerWorker.java:52)
	at org.testng.SuiteRunnerWorker.run(SuiteRunnerWorker.java:86)
	at org.testng.TestNG.runSuitesSequentially(TestNG.java:1215)
	at org.testng.TestNG.runSuitesLocally(TestNG.java:1140)
	at org.testng.TestNG.run(TestNG.java:1048)
	at com.eduven.utils.RunTestng.main(RunTestng.java:64)
Caused by: org.openqa.selenium.WebDriverException: org.apache.http.conn.HttpHostConnectException: Connect to 127.0.0.1:4723 [/127.0.0.1] failed: Connection refused
Build info: version: '2.51.0', revision: '1af067d', time: '2016-02-05 19:11:55'
System info: host: 'Hitesh-Mac-Mini.local', ip: '10.30.30.97', os.name: 'Mac OS X', os.arch: 'x86_64', os.version: '10.11.5', java.version: '1.8.0_74'
Driver info: driver.version: RemoteWebDriver
	at io.appium.java_client.remote.AppiumCommandExecutor.execute(AppiumCommandExecutor.java:76)
	at org.openqa.selenium.remote.RemoteWebDriver.execute(RemoteWebDriver.java:644)
	... 29 more
Caused by: org.apache.http.conn.HttpHostConnectException: Connect to 127.0.0.1:4723 [/127.0.0.1] failed: Connection refused
	at org.apache.http.impl.conn.DefaultHttpClientConnectionOperator.connect(DefaultHttpClientConnectionOperator.java:151)
	at org.apache.http.impl.conn.PoolingHttpClientConnectionManager.connect(PoolingHttpClientConnectionManager.java:353)
	at org.apache.http.impl.execchain.MainClientExec.establishRoute(MainClientExec.java:380)
	at org.apache.http.impl.execchain.MainClientExec.execute(MainClientExec.java:236)
	at org.apache.http.impl.execchain.ProtocolExec.execute(ProtocolExec.java:184)
	at org.apache.http.impl.execchain.RetryExec.execute(RetryExec.java:88)
	at org.apache.http.impl.execchain.RedirectExec.execute(RedirectExec.java:110)
	at org.apache.http.impl.client.InternalHttpClient.doExecute(InternalHttpClient.java:184)
	at org.apache.http.impl.client.CloseableHttpClient.execute(CloseableHttpClient.java:71)
	at org.apache.http.impl.client.CloseableHttpClient.execute(CloseableHttpClient.java:55)
	at org.openqa.selenium.remote.internal.ApacheHttpClient.fallBackExecute(ApacheHttpClient.java:144)
	at org.openqa.selenium.remote.internal.ApacheHttpClient.execute(ApacheHttpClient.java:90)
	at org.openqa.selenium.remote.HttpCommandExecutor.execute(HttpCommandExecutor.java:142)
	at io.appium.java_client.remote.AppiumCommandExecutor.execute(AppiumCommandExecutor.java:64)
	... 30 more
Caused by: java.net.ConnectException: Connection refused
	at java.net.PlainSocketImpl.socketConnect(Native Method)
	at java.net.AbstractPlainSocketImpl.doConnect(AbstractPlainSocketImpl.java:350)
	at java.net.AbstractPlainSocketImpl.connectToAddress(AbstractPlainSocketImpl.java:206)
	at java.net.AbstractPlainSocketImpl.connect(AbstractPlainSocketImpl.java:188)
	at java.net.SocksSocketImpl.connect(SocksSocketImpl.java:392)
	at java.net.Socket.connect(Socket.java:589)
	at org.apache.http.conn.socket.PlainConnectionSocketFactory.connectSocket(PlainConnectionSocketFactory.java:74)
	at org.apache.http.impl.conn.DefaultHttpClientConnectionOperator.connect(DefaultHttpClientConnectionOperator.java:134)
	... 43 more
]]>
    </error>
  </testcase> <!-- cooking_type_page_verify_cooking_terms_test -->
  <testcase name="homePage_splash_screen_test" time="26.680" classname="com.eduven.testcase.CookingTypePageTestCases"/>
  <testcase name="cooking_type_page_navigation_test" time="80.010" classname="com.eduven.testcase.CookingTypePageTestCases">
    <error type="org.openqa.selenium.remote.UnreachableBrowserException" message="Error communicating with the remote browser. It may have died.
Build info: version: &#039;2.51.0&#039;, revision: &#039;1af067d&#039;, time: &#039;2016-02-05 19:11:55&#039;
System info: host: &#039;Hitesh-Mac-Mini.local&#039;, ip: &#039;10.30.30.97&#039;, os.name: &#039;Mac OS X&#039;, os.arch: &#039;x86_64&#039;, os.version: &#039;10.11.5&#039;, java.version: &#039;1.8.0_74&#039;
Driver info: driver.version: AndroidDriver
Capabilities [{app=/Users/hiteshbhardwaj/Desktop/Automation/app/RecipeFrameworkForAndroid/app-indian-debug-5.apk, appPackage=com.ma.cc.indian, networkConnectionEnabled=true, warnings={}, appiumVersion=1.4.13, databaseEnabled=false, deviceName=ZX1G4228HP, platform=LINUX, appActivity=cc.eduven.com.chefchili.activity.Splash, desired={app=/Users/hiteshbhardwaj/Desktop/Automation/app/RecipeFrameworkForAndroid/app-indian-debug-5.apk, appPackage=com.ma.cc.indian, appActivity=cc.eduven.com.chefchili.activity.Splash, platformVersion=5.1, appiumVersion=1.4.13, automationName=Appium, platformName=Android, deviceName=ZX1G4228HP}, platformVersion=6.0.1, webStorageEnabled=false, locationContextEnabled=false, automationName=Appium, browserName=Android, takesScreenshot=true, javascriptEnabled=true, platformName=Android}]
Session ID: 5d1bbf91-e483-4049-890d-7a2d934fbbcd">
      <![CDATA[org.openqa.selenium.remote.UnreachableBrowserException: Error communicating with the remote browser. It may have died.
Build info: version: '2.51.0', revision: '1af067d', time: '2016-02-05 19:11:55'
System info: host: 'Hitesh-Mac-Mini.local', ip: '10.30.30.97', os.name: 'Mac OS X', os.arch: 'x86_64', os.version: '10.11.5', java.version: '1.8.0_74'
Driver info: driver.version: AndroidDriver
Capabilities [{app=/Users/hiteshbhardwaj/Desktop/Automation/app/RecipeFrameworkForAndroid/app-indian-debug-5.apk, appPackage=com.ma.cc.indian, networkConnectionEnabled=true, warnings={}, appiumVersion=1.4.13, databaseEnabled=false, deviceName=ZX1G4228HP, platform=LINUX, appActivity=cc.eduven.com.chefchili.activity.Splash, desired={app=/Users/hiteshbhardwaj/Desktop/Automation/app/RecipeFrameworkForAndroid/app-indian-debug-5.apk, appPackage=com.ma.cc.indian, appActivity=cc.eduven.com.chefchili.activity.Splash, platformVersion=5.1, appiumVersion=1.4.13, automationName=Appium, platformName=Android, deviceName=ZX1G4228HP}, platformVersion=6.0.1, webStorageEnabled=false, locationContextEnabled=false, automationName=Appium, browserName=Android, takesScreenshot=true, javascriptEnabled=true, platformName=Android}]
Session ID: 5d1bbf91-e483-4049-890d-7a2d934fbbcd
	at org.openqa.selenium.remote.RemoteWebDriver.execute(RemoteWebDriver.java:665)
	at io.appium.java_client.DefaultGenericMobileDriver.execute(DefaultGenericMobileDriver.java:43)
	at io.appium.java_client.AppiumDriver.execute(AppiumDriver.java:1)
	at io.appium.java_client.android.AndroidDriver.execute(AndroidDriver.java:1)
	at org.openqa.selenium.remote.RemoteWebDriver.findElement(RemoteWebDriver.java:363)
	at org.openqa.selenium.remote.RemoteWebDriver.findElementById(RemoteWebDriver.java:413)
	at io.appium.java_client.DefaultGenericMobileDriver.findElementById(DefaultGenericMobileDriver.java:59)
	at io.appium.java_client.AppiumDriver.findElementById(AppiumDriver.java:1)
	at io.appium.java_client.android.AndroidDriver.findElementById(AndroidDriver.java:1)
	at org.openqa.selenium.By$ById.findElement(By.java:218)
	at org.openqa.selenium.remote.RemoteWebDriver.findElement(RemoteWebDriver.java:355)
	at io.appium.java_client.DefaultGenericMobileDriver.findElement(DefaultGenericMobileDriver.java:51)
	at io.appium.java_client.AppiumDriver.findElement(AppiumDriver.java:1)
	at io.appium.java_client.android.AndroidDriver.findElement(AndroidDriver.java:1)
	at com.eduven.utils.Reusables.get_element(Reusables.java:536)
	at com.eduven.utils.Reusables.isElementPresent(Reusables.java:118)
	at com.eduven.modules.CookingType.clickOnCookingTypeButton(CookingType.java:42)
	at com.eduven.testcase.CookingTypePageTestCases.cooking_type_page_navigation_test(CookingTypePageTestCases.java:27)
	at sun.reflect.NativeMethodAccessorImpl.invoke0(Native Method)
	at sun.reflect.NativeMethodAccessorImpl.invoke(NativeMethodAccessorImpl.java:62)
	at sun.reflect.DelegatingMethodAccessorImpl.invoke(DelegatingMethodAccessorImpl.java:43)
	at java.lang.reflect.Method.invoke(Method.java:498)
	at org.testng.internal.MethodInvocationHelper.invokeMethod(MethodInvocationHelper.java:85)
	at org.testng.internal.Invoker.invokeMethod(Invoker.java:639)
	at org.testng.internal.Invoker.invokeTestMethod(Invoker.java:816)
	at org.testng.internal.Invoker.invokeTestMethods(Invoker.java:1124)
	at org.testng.internal.TestMethodWorker.invokeTestMethods(TestMethodWorker.java:125)
	at org.testng.internal.TestMethodWorker.run(TestMethodWorker.java:108)
	at org.testng.TestRunner.privateRun(TestRunner.java:774)
	at org.testng.TestRunner.run(TestRunner.java:624)
	at org.testng.SuiteRunner.runTest(SuiteRunner.java:359)
	at org.testng.SuiteRunner.runSequentially(SuiteRunner.java:354)
	at org.testng.SuiteRunner.privateRun(SuiteRunner.java:312)
	at org.testng.SuiteRunner.run(SuiteRunner.java:261)
	at org.testng.SuiteRunnerWorker.runSuite(SuiteRunnerWorker.java:52)
	at org.testng.SuiteRunnerWorker.run(SuiteRunnerWorker.java:86)
	at org.testng.TestNG.runSuitesSequentially(TestNG.java:1215)
	at org.testng.TestNG.runSuitesLocally(TestNG.java:1140)
	at org.testng.TestNG.run(TestNG.java:1048)
	at com.eduven.utils.RunTestng.main(RunTestng.java:64)
Caused by: org.openqa.selenium.WebDriverException: org.apache.http.conn.HttpHostConnectException: Connect to 127.0.0.1:4723 [/127.0.0.1] failed: Connection refused
Build info: version: '2.51.0', revision: '1af067d', time: '2016-02-05 19:11:55'
System info: host: 'Hitesh-Mac-Mini.local', ip: '10.30.30.97', os.name: 'Mac OS X', os.arch: 'x86_64', os.version: '10.11.5', java.version: '1.8.0_74'
Driver info: driver.version: AndroidDriver
	at io.appium.java_client.remote.AppiumCommandExecutor.execute(AppiumCommandExecutor.java:76)
	at org.openqa.selenium.remote.RemoteWebDriver.execute(RemoteWebDriver.java:644)
	... 39 more
Caused by: org.apache.http.conn.HttpHostConnectException: Connect to 127.0.0.1:4723 [/127.0.0.1] failed: Connection refused
	at org.apache.http.impl.conn.DefaultHttpClientConnectionOperator.connect(DefaultHttpClientConnectionOperator.java:151)
	at org.apache.http.impl.conn.PoolingHttpClientConnectionManager.connect(PoolingHttpClientConnectionManager.java:353)
	at org.apache.http.impl.execchain.MainClientExec.establishRoute(MainClientExec.java:380)
	at org.apache.http.impl.execchain.MainClientExec.execute(MainClientExec.java:236)
	at org.apache.http.impl.execchain.ProtocolExec.execute(ProtocolExec.java:184)
	at org.apache.http.impl.execchain.RetryExec.execute(RetryExec.java:88)
	at org.apache.http.impl.execchain.RedirectExec.execute(RedirectExec.java:110)
	at org.apache.http.impl.client.InternalHttpClient.doExecute(InternalHttpClient.java:184)
	at org.apache.http.impl.client.CloseableHttpClient.execute(CloseableHttpClient.java:71)
	at org.apache.http.impl.client.CloseableHttpClient.execute(CloseableHttpClient.java:55)
	at org.openqa.selenium.remote.internal.ApacheHttpClient.fallBackExecute(ApacheHttpClient.java:162)
	at org.openqa.selenium.remote.internal.ApacheHttpClient.execute(ApacheHttpClient.java:90)
	at org.openqa.selenium.remote.HttpCommandExecutor.execute(HttpCommandExecutor.java:142)
	at io.appium.java_client.remote.AppiumCommandExecutor.execute(AppiumCommandExecutor.java:64)
	... 40 more
Caused by: java.net.ConnectException: Connection refused
	at java.net.PlainSocketImpl.socketConnect(Native Method)
	at java.net.AbstractPlainSocketImpl.doConnect(AbstractPlainSocketImpl.java:350)
	at java.net.AbstractPlainSocketImpl.connectToAddress(AbstractPlainSocketImpl.java:206)
	at java.net.AbstractPlainSocketImpl.connect(AbstractPlainSocketImpl.java:188)
	at java.net.SocksSocketImpl.connect(SocksSocketImpl.java:392)
	at java.net.Socket.connect(Socket.java:589)
	at org.apache.http.conn.socket.PlainConnectionSocketFactory.connectSocket(PlainConnectionSocketFactory.java:74)
	at org.apache.http.impl.conn.DefaultHttpClientConnectionOperator.connect(DefaultHttpClientConnectionOperator.java:134)
	... 53 more
]]>
    </error>
  </testcase> <!-- cooking_type_page_navigation_test -->
  <testcase name="cooking_type_page_select_cooking_type_recipe_test" time="0.000" classname="com.eduven.testcase.CookingTypePageTestCases">
    <error type="org.openqa.selenium.remote.UnreachableBrowserException" message="Error communicating with the remote browser. It may have died.
Build info: version: &#039;2.51.0&#039;, revision: &#039;1af067d&#039;, time: &#039;2016-02-05 19:11:55&#039;
System info: host: &#039;Hitesh-Mac-Mini.local&#039;, ip: &#039;10.30.30.97&#039;, os.name: &#039;Mac OS X&#039;, os.arch: &#039;x86_64&#039;, os.version: &#039;10.11.5&#039;, java.version: &#039;1.8.0_74&#039;
Driver info: driver.version: RemoteWebDriver
Capabilities [{app=/Users/hiteshbhardwaj/Desktop/Automation/app/RecipeFrameworkForAndroid/app-indian-debug-5.apk, appPackage=com.ma.cc.indian, networkConnectionEnabled=true, warnings={}, appiumVersion=1.4.13, databaseEnabled=false, deviceName=ZX1G4228HP, platform=LINUX, appActivity=cc.eduven.com.chefchili.activity.Splash, desired={app=/Users/hiteshbhardwaj/Desktop/Automation/app/RecipeFrameworkForAndroid/app-indian-debug-5.apk, appPackage=com.ma.cc.indian, appActivity=cc.eduven.com.chefchili.activity.Splash, platformVersion=5.1, appiumVersion=1.4.13, automationName=Appium, platformName=Android, deviceName=ZX1G4228HP}, platformVersion=6.0.1, webStorageEnabled=false, locationContextEnabled=false, automationName=Appium, browserName=Android, takesScreenshot=true, javascriptEnabled=true, platformName=Android}]
Session ID: 5d1bbf91-e483-4049-890d-7a2d934fbbcd">
      <![CDATA[org.openqa.selenium.remote.UnreachableBrowserException: Error communicating with the remote browser. It may have died.
Build info: version: '2.51.0', revision: '1af067d', time: '2016-02-05 19:11:55'
System info: host: 'Hitesh-Mac-Mini.local', ip: '10.30.30.97', os.name: 'Mac OS X', os.arch: 'x86_64', os.version: '10.11.5', java.version: '1.8.0_74'
Driver info: driver.version: RemoteWebDriver
Capabilities [{app=/Users/hiteshbhardwaj/Desktop/Automation/app/RecipeFrameworkForAndroid/app-indian-debug-5.apk, appPackage=com.ma.cc.indian, networkConnectionEnabled=true, warnings={}, appiumVersion=1.4.13, databaseEnabled=false, deviceName=ZX1G4228HP, platform=LINUX, appActivity=cc.eduven.com.chefchili.activity.Splash, desired={app=/Users/hiteshbhardwaj/Desktop/Automation/app/RecipeFrameworkForAndroid/app-indian-debug-5.apk, appPackage=com.ma.cc.indian, appActivity=cc.eduven.com.chefchili.activity.Splash, platformVersion=5.1, appiumVersion=1.4.13, automationName=Appium, platformName=Android, deviceName=ZX1G4228HP}, platformVersion=6.0.1, webStorageEnabled=false, locationContextEnabled=false, automationName=Appium, browserName=Android, takesScreenshot=true, javascriptEnabled=true, platformName=Android}]
Session ID: 5d1bbf91-e483-4049-890d-7a2d934fbbcd
	at org.openqa.selenium.remote.RemoteWebDriver.execute(RemoteWebDriver.java:665)
	at io.appium.java_client.DefaultGenericMobileDriver.execute(DefaultGenericMobileDriver.java:43)
	at io.appium.java_client.AppiumDriver.execute(AppiumDriver.java:216)
	at org.openqa.selenium.remote.RemoteWebDriver.getScreenshotAs(RemoteWebDriver.java:335)
	at com.eduven.utils.ScreenShot.takescreenShotCapture(ScreenShot.java:30)
	at com.eduven.testcase.CookingTypePageTestCases.tearDown(CookingTypePageTestCases.java:55)
	at sun.reflect.NativeMethodAccessorImpl.invoke0(Native Method)
	at sun.reflect.NativeMethodAccessorImpl.invoke(NativeMethodAccessorImpl.java:62)
	at sun.reflect.DelegatingMethodAccessorImpl.invoke(DelegatingMethodAccessorImpl.java:43)
	at java.lang.reflect.Method.invoke(Method.java:498)
	at org.testng.internal.MethodInvocationHelper.invokeMethod(MethodInvocationHelper.java:85)
	at org.testng.internal.Invoker.invokeConfigurationMethod(Invoker.java:510)
	at org.testng.internal.Invoker.invokeConfigurations(Invoker.java:211)
	at org.testng.internal.Invoker.invokeMethod(Invoker.java:703)
	at org.testng.internal.Invoker.invokeTestMethod(Invoker.java:816)
	at org.testng.internal.Invoker.invokeTestMethods(Invoker.java:1124)
	at org.testng.internal.TestMethodWorker.invokeTestMethods(TestMethodWorker.java:125)
	at org.testng.internal.TestMethodWorker.run(TestMethodWorker.java:108)
	at org.testng.TestRunner.privateRun(TestRunner.java:774)
	at org.testng.TestRunner.run(TestRunner.java:624)
	at org.testng.SuiteRunner.runTest(SuiteRunner.java:359)
	at org.testng.SuiteRunner.runSequentially(SuiteRunner.java:354)
	at org.testng.SuiteRunner.privateRun(SuiteRunner.java:312)
	at org.testng.SuiteRunner.run(SuiteRunner.java:261)
	at org.testng.SuiteRunnerWorker.runSuite(SuiteRunnerWorker.java:52)
	at org.testng.SuiteRunnerWorker.run(SuiteRunnerWorker.java:86)
	at org.testng.TestNG.runSuitesSequentially(TestNG.java:1215)
	at org.testng.TestNG.runSuitesLocally(TestNG.java:1140)
	at org.testng.TestNG.run(TestNG.java:1048)
	at com.eduven.utils.RunTestng.main(RunTestng.java:64)
Caused by: org.openqa.selenium.WebDriverException: org.apache.http.conn.HttpHostConnectException: Connect to 127.0.0.1:4723 [/127.0.0.1] failed: Connection refused
Build info: version: '2.51.0', revision: '1af067d', time: '2016-02-05 19:11:55'
System info: host: 'Hitesh-Mac-Mini.local', ip: '10.30.30.97', os.name: 'Mac OS X', os.arch: 'x86_64', os.version: '10.11.5', java.version: '1.8.0_74'
Driver info: driver.version: RemoteWebDriver
	at io.appium.java_client.remote.AppiumCommandExecutor.execute(AppiumCommandExecutor.java:76)
	at org.openqa.selenium.remote.RemoteWebDriver.execute(RemoteWebDriver.java:644)
	... 29 more
Caused by: org.apache.http.conn.HttpHostConnectException: Connect to 127.0.0.1:4723 [/127.0.0.1] failed: Connection refused
	at org.apache.http.impl.conn.DefaultHttpClientConnectionOperator.connect(DefaultHttpClientConnectionOperator.java:151)
	at org.apache.http.impl.conn.PoolingHttpClientConnectionManager.connect(PoolingHttpClientConnectionManager.java:353)
	at org.apache.http.impl.execchain.MainClientExec.establishRoute(MainClientExec.java:380)
	at org.apache.http.impl.execchain.MainClientExec.execute(MainClientExec.java:236)
	at org.apache.http.impl.execchain.ProtocolExec.execute(ProtocolExec.java:184)
	at org.apache.http.impl.execchain.RetryExec.execute(RetryExec.java:88)
	at org.apache.http.impl.execchain.RedirectExec.execute(RedirectExec.java:110)
	at org.apache.http.impl.client.InternalHttpClient.doExecute(InternalHttpClient.java:184)
	at org.apache.http.impl.client.CloseableHttpClient.execute(CloseableHttpClient.java:71)
	at org.apache.http.impl.client.CloseableHttpClient.execute(CloseableHttpClient.java:55)
	at org.openqa.selenium.remote.internal.ApacheHttpClient.fallBackExecute(ApacheHttpClient.java:144)
	at org.openqa.selenium.remote.internal.ApacheHttpClient.execute(ApacheHttpClient.java:90)
	at org.openqa.selenium.remote.HttpCommandExecutor.execute(HttpCommandExecutor.java:142)
	at io.appium.java_client.remote.AppiumCommandExecutor.execute(AppiumCommandExecutor.java:64)
	... 30 more
Caused by: java.net.ConnectException: Connection refused
	at java.net.PlainSocketImpl.socketConnect(Native Method)
	at java.net.AbstractPlainSocketImpl.doConnect(AbstractPlainSocketImpl.java:350)
	at java.net.AbstractPlainSocketImpl.connectToAddress(AbstractPlainSocketImpl.java:206)
	at java.net.AbstractPlainSocketImpl.connect(AbstractPlainSocketImpl.java:188)
	at java.net.SocksSocketImpl.connect(SocksSocketImpl.java:392)
	at java.net.Socket.connect(Socket.java:589)
	at org.apache.http.conn.socket.PlainConnectionSocketFactory.connectSocket(PlainConnectionSocketFactory.java:74)
	at org.apache.http.impl.conn.DefaultHttpClientConnectionOperator.connect(DefaultHttpClientConnectionOperator.java:134)
	... 43 more
]]>
    </error>
  </testcase> <!-- cooking_type_page_select_cooking_type_recipe_test -->
  <testcase name="cooking_type_page_verify_selected_recipe_found_test" time="0.000" classname="com.eduven.testcase.CookingTypePageTestCases">
    <error type="org.openqa.selenium.remote.UnreachableBrowserException" message="Error communicating with the remote browser. It may have died.
Build info: version: &#039;2.51.0&#039;, revision: &#039;1af067d&#039;, time: &#039;2016-02-05 19:11:55&#039;
System info: host: &#039;Hitesh-Mac-Mini.local&#039;, ip: &#039;10.30.30.97&#039;, os.name: &#039;Mac OS X&#039;, os.arch: &#039;x86_64&#039;, os.version: &#039;10.11.5&#039;, java.version: &#039;1.8.0_74&#039;
Driver info: driver.version: RemoteWebDriver
Capabilities [{app=/Users/hiteshbhardwaj/Desktop/Automation/app/RecipeFrameworkForAndroid/app-indian-debug-5.apk, appPackage=com.ma.cc.indian, networkConnectionEnabled=true, warnings={}, appiumVersion=1.4.13, databaseEnabled=false, deviceName=ZX1G4228HP, platform=LINUX, appActivity=cc.eduven.com.chefchili.activity.Splash, desired={app=/Users/hiteshbhardwaj/Desktop/Automation/app/RecipeFrameworkForAndroid/app-indian-debug-5.apk, appPackage=com.ma.cc.indian, appActivity=cc.eduven.com.chefchili.activity.Splash, platformVersion=5.1, appiumVersion=1.4.13, automationName=Appium, platformName=Android, deviceName=ZX1G4228HP}, platformVersion=6.0.1, webStorageEnabled=false, locationContextEnabled=false, automationName=Appium, browserName=Android, takesScreenshot=true, javascriptEnabled=true, platformName=Android}]
Session ID: 5d1bbf91-e483-4049-890d-7a2d934fbbcd">
      <![CDATA[org.openqa.selenium.remote.UnreachableBrowserException: Error communicating with the remote browser. It may have died.
Build info: version: '2.51.0', revision: '1af067d', time: '2016-02-05 19:11:55'
System info: host: 'Hitesh-Mac-Mini.local', ip: '10.30.30.97', os.name: 'Mac OS X', os.arch: 'x86_64', os.version: '10.11.5', java.version: '1.8.0_74'
Driver info: driver.version: RemoteWebDriver
Capabilities [{app=/Users/hiteshbhardwaj/Desktop/Automation/app/RecipeFrameworkForAndroid/app-indian-debug-5.apk, appPackage=com.ma.cc.indian, networkConnectionEnabled=true, warnings={}, appiumVersion=1.4.13, databaseEnabled=false, deviceName=ZX1G4228HP, platform=LINUX, appActivity=cc.eduven.com.chefchili.activity.Splash, desired={app=/Users/hiteshbhardwaj/Desktop/Automation/app/RecipeFrameworkForAndroid/app-indian-debug-5.apk, appPackage=com.ma.cc.indian, appActivity=cc.eduven.com.chefchili.activity.Splash, platformVersion=5.1, appiumVersion=1.4.13, automationName=Appium, platformName=Android, deviceName=ZX1G4228HP}, platformVersion=6.0.1, webStorageEnabled=false, locationContextEnabled=false, automationName=Appium, browserName=Android, takesScreenshot=true, javascriptEnabled=true, platformName=Android}]
Session ID: 5d1bbf91-e483-4049-890d-7a2d934fbbcd
	at org.openqa.selenium.remote.RemoteWebDriver.execute(RemoteWebDriver.java:665)
	at io.appium.java_client.DefaultGenericMobileDriver.execute(DefaultGenericMobileDriver.java:43)
	at io.appium.java_client.AppiumDriver.execute(AppiumDriver.java:216)
	at org.openqa.selenium.remote.RemoteWebDriver.getScreenshotAs(RemoteWebDriver.java:335)
	at com.eduven.utils.ScreenShot.takescreenShotCapture(ScreenShot.java:30)
	at com.eduven.testcase.CookingTypePageTestCases.tearDown(CookingTypePageTestCases.java:55)
	at sun.reflect.NativeMethodAccessorImpl.invoke0(Native Method)
	at sun.reflect.NativeMethodAccessorImpl.invoke(NativeMethodAccessorImpl.java:62)
	at sun.reflect.DelegatingMethodAccessorImpl.invoke(DelegatingMethodAccessorImpl.java:43)
	at java.lang.reflect.Method.invoke(Method.java:498)
	at org.testng.internal.MethodInvocationHelper.invokeMethod(MethodInvocationHelper.java:85)
	at org.testng.internal.Invoker.invokeConfigurationMethod(Invoker.java:510)
	at org.testng.internal.Invoker.invokeConfigurations(Invoker.java:211)
	at org.testng.internal.Invoker.invokeMethod(Invoker.java:703)
	at org.testng.internal.Invoker.invokeTestMethod(Invoker.java:816)
	at org.testng.internal.Invoker.invokeTestMethods(Invoker.java:1124)
	at org.testng.internal.TestMethodWorker.invokeTestMethods(TestMethodWorker.java:125)
	at org.testng.internal.TestMethodWorker.run(TestMethodWorker.java:108)
	at org.testng.TestRunner.privateRun(TestRunner.java:774)
	at org.testng.TestRunner.run(TestRunner.java:624)
	at org.testng.SuiteRunner.runTest(SuiteRunner.java:359)
	at org.testng.SuiteRunner.runSequentially(SuiteRunner.java:354)
	at org.testng.SuiteRunner.privateRun(SuiteRunner.java:312)
	at org.testng.SuiteRunner.run(SuiteRunner.java:261)
	at org.testng.SuiteRunnerWorker.runSuite(SuiteRunnerWorker.java:52)
	at org.testng.SuiteRunnerWorker.run(SuiteRunnerWorker.java:86)
	at org.testng.TestNG.runSuitesSequentially(TestNG.java:1215)
	at org.testng.TestNG.runSuitesLocally(TestNG.java:1140)
	at org.testng.TestNG.run(TestNG.java:1048)
	at com.eduven.utils.RunTestng.main(RunTestng.java:64)
Caused by: org.openqa.selenium.WebDriverException: org.apache.http.conn.HttpHostConnectException: Connect to 127.0.0.1:4723 [/127.0.0.1] failed: Connection refused
Build info: version: '2.51.0', revision: '1af067d', time: '2016-02-05 19:11:55'
System info: host: 'Hitesh-Mac-Mini.local', ip: '10.30.30.97', os.name: 'Mac OS X', os.arch: 'x86_64', os.version: '10.11.5', java.version: '1.8.0_74'
Driver info: driver.version: RemoteWebDriver
	at io.appium.java_client.remote.AppiumCommandExecutor.execute(AppiumCommandExecutor.java:76)
	at org.openqa.selenium.remote.RemoteWebDriver.execute(RemoteWebDriver.java:644)
	... 29 more
Caused by: org.apache.http.conn.HttpHostConnectException: Connect to 127.0.0.1:4723 [/127.0.0.1] failed: Connection refused
	at org.apache.http.impl.conn.DefaultHttpClientConnectionOperator.connect(DefaultHttpClientConnectionOperator.java:151)
	at org.apache.http.impl.conn.PoolingHttpClientConnectionManager.connect(PoolingHttpClientConnectionManager.java:353)
	at org.apache.http.impl.execchain.MainClientExec.establishRoute(MainClientExec.java:380)
	at org.apache.http.impl.execchain.MainClientExec.execute(MainClientExec.java:236)
	at org.apache.http.impl.execchain.ProtocolExec.execute(ProtocolExec.java:184)
	at org.apache.http.impl.execchain.RetryExec.execute(RetryExec.java:88)
	at org.apache.http.impl.execchain.RedirectExec.execute(RedirectExec.java:110)
	at org.apache.http.impl.client.InternalHttpClient.doExecute(InternalHttpClient.java:184)
	at org.apache.http.impl.client.CloseableHttpClient.execute(CloseableHttpClient.java:71)
	at org.apache.http.impl.client.CloseableHttpClient.execute(CloseableHttpClient.java:55)
	at org.openqa.selenium.remote.internal.ApacheHttpClient.fallBackExecute(ApacheHttpClient.java:144)
	at org.openqa.selenium.remote.internal.ApacheHttpClient.execute(ApacheHttpClient.java:90)
	at org.openqa.selenium.remote.HttpCommandExecutor.execute(HttpCommandExecutor.java:142)
	at io.appium.java_client.remote.AppiumCommandExecutor.execute(AppiumCommandExecutor.java:64)
	... 30 more
Caused by: java.net.ConnectException: Connection refused
	at java.net.PlainSocketImpl.socketConnect(Native Method)
	at java.net.AbstractPlainSocketImpl.doConnect(AbstractPlainSocketImpl.java:350)
	at java.net.AbstractPlainSocketImpl.connectToAddress(AbstractPlainSocketImpl.java:206)
	at java.net.AbstractPlainSocketImpl.connect(AbstractPlainSocketImpl.java:188)
	at java.net.SocksSocketImpl.connect(SocksSocketImpl.java:392)
	at java.net.Socket.connect(Socket.java:589)
	at org.apache.http.conn.socket.PlainConnectionSocketFactory.connectSocket(PlainConnectionSocketFactory.java:74)
	at org.apache.http.impl.conn.DefaultHttpClientConnectionOperator.connect(DefaultHttpClientConnectionOperator.java:134)
	... 43 more
]]>
    </error>
  </testcase> <!-- cooking_type_page_verify_selected_recipe_found_test -->
</testsuite> <!-- com.eduven.testcase.CookingTypePageTestCases -->
