<?xml version="1.0" encoding="UTF-8"?>
<!-- Generated by org.testng.reporters.JUnitReportReporter -->
<testsuite hostname="Bhardwaj.local" name="com.eduven.testcase.SearchPageTestCasesForMeatLover" tests="12" failures="0" timestamp="18 Oct 2016 09:39:37 GMT" time="333.237" errors="0">
  <testcase name="searchPageSelectSearchCategoryFromTurboTest" time="5.197" classname="com.eduven.testcase.SearchPageTestCasesForMeatLover"/>
  <testcase name="searchPageHeaderTextTest" time="4.335" classname="com.eduven.testcase.SearchPageTestCasesForMeatLover"/>
  <testcase name="searchPageNaviagateToTurboSearchPageTest" time="8.306" classname="com.eduven.testcase.SearchPageTestCasesForMeatLover"/>
  <testcase name="homePageAppHeaderTextTest" time="1.788" classname="com.eduven.testcase.SearchPageTestCasesForMeatLover"/>
  <testcase name="inAppPurchaseTest" time="27.775" classname="com.eduven.testcase.SearchPageTestCasesForMeatLover"/>
  <testcase name="selectFirstTypeOfDietTest" time="8.435" classname="com.eduven.testcase.SearchPageTestCasesForMeatLover"/>
  <testcase name="verifyTurboSearchRecipeTest" time="0.059" classname="com.eduven.testcase.SearchPageTestCasesForMeatLover"/>
  <testcase name="searchByLookupByIngredientForNonVegTest" time="97.768" classname="com.eduven.testcase.SearchPageTestCasesForMeatLover"/>
  <testcase name="searchPageVerifyTurboSearchTest" time="28.553" classname="com.eduven.testcase.SearchPageTestCasesForMeatLover"/>
  <testcase name="searchByLookupByRecipeForNonVegetarianTest" time="92.885" classname="com.eduven.testcase.SearchPageTestCasesForMeatLover"/>
  <testcase name="searchPageVerifySearchCategoryAndSubCategryValueTest" time="1.252" classname="com.eduven.testcase.SearchPageTestCasesForMeatLover"/>
  <testcase name="verifyAppNameTest" time="56.884" classname="com.eduven.testcase.SearchPageTestCasesForMeatLover"/>
</testsuite> <!-- com.eduven.testcase.SearchPageTestCasesForMeatLover -->
