<?xml version="1.0" encoding="UTF-8"?>
<!-- Generated by org.testng.reporters.JUnitReportReporter -->
<testsuite hostname="Hitesh-Mac-Mini.local" name="com.eduven.testcase.SearchPageTestCasesForSeafood" tests="11" failures="0" timestamp="9 Nov 2016 11:33:33 GMT" time="2669.349" errors="0">
  <testcase name="searchPageNaviagateToTurboSearchPageTest" time="8.236" classname="com.eduven.testcase.SearchPageTestCasesForSeafood"/>
  <testcase name="verifyTurboSearchRecipeTest" time="2062.914" classname="com.eduven.testcase.SearchPageTestCasesForSeafood"/>
  <testcase name="inAppPurchaseTest" time="53.720" classname="com.eduven.testcase.SearchPageTestCasesForSeafood"/>
  <testcase name="searchByLookupByIngredientForNonVegTest" time="194.529" classname="com.eduven.testcase.SearchPageTestCasesForSeafood"/>
  <testcase name="searchPageSelectSearchCategoryFromTurboTest" time="5.484" classname="com.eduven.testcase.SearchPageTestCasesForSeafood"/>
  <testcase name="searchPageVerifySearchCategoryAndSubCategryValueTest" time="1.226" classname="com.eduven.testcase.SearchPageTestCasesForSeafood"/>
  <testcase name="verifyAppNameTest" time="114.575" classname="com.eduven.testcase.SearchPageTestCasesForSeafood"/>
  <testcase name="searchPageHeaderTextTest" time="4.648" classname="com.eduven.testcase.SearchPageTestCasesForSeafood"/>
  <testcase name="searchByLookupByRecipeForNonVegetarianTest" time="149.877" classname="com.eduven.testcase.SearchPageTestCasesForSeafood"/>
  <testcase name="searchPageVerifyTurboSearchTest" time="71.268" classname="com.eduven.testcase.SearchPageTestCasesForSeafood"/>
  <testcase name="homePageAppHeaderTextTest" time="2.872" classname="com.eduven.testcase.SearchPageTestCasesForSeafood"/>
</testsuite> <!-- com.eduven.testcase.SearchPageTestCasesForSeafood -->
