<?xml version="1.0" encoding="UTF-8"?>
<!-- Generated by org.testng.reporters.JUnitReportReporter -->
<testsuite hostname="Bhardwaj.local" name="com.eduven.testcase.SearchPageTestCasesForMeatLovers" tests="11" failures="0" timestamp="9 Nov 2016 07:48:07 GMT" time="849.764" errors="0">
  <testcase name="searchPageNaviagateToTurboSearchPageTest" time="7.863" classname="com.eduven.testcase.SearchPageTestCasesForMeatLovers"/>
  <testcase name="searchPageVerifyTurboSearchTest" time="100.155" classname="com.eduven.testcase.SearchPageTestCasesForMeatLovers"/>
  <testcase name="verifyTurboSearchRecipeTest" time="194.239" classname="com.eduven.testcase.SearchPageTestCasesForMeatLovers"/>
  <testcase name="homePageAppHeaderTextTest" time="1.614" classname="com.eduven.testcase.SearchPageTestCasesForMeatLovers"/>
  <testcase name="searchByLookupByIngredientForNonVegTest" time="223.726" classname="com.eduven.testcase.SearchPageTestCasesForMeatLovers"/>
  <testcase name="inAppPurchaseTest" time="52.535" classname="com.eduven.testcase.SearchPageTestCasesForMeatLovers"/>
  <testcase name="verifyAppNameTest" time="117.399" classname="com.eduven.testcase.SearchPageTestCasesForMeatLovers"/>
  <testcase name="searchPageVerifySearchCategoryAndSubCategryValueTest" time="1.271" classname="com.eduven.testcase.SearchPageTestCasesForMeatLovers"/>
  <testcase name="searchByLookupByRecipeForNonVegetarianTest" time="141.640" classname="com.eduven.testcase.SearchPageTestCasesForMeatLovers"/>
  <testcase name="searchPageHeaderTextTest" time="4.376" classname="com.eduven.testcase.SearchPageTestCasesForMeatLovers"/>
  <testcase name="searchPageSelectSearchCategoryFromTurboTest" time="4.946" classname="com.eduven.testcase.SearchPageTestCasesForMeatLovers"/>
</testsuite> <!-- com.eduven.testcase.SearchPageTestCasesForMeatLovers -->
