<?xml version="1.0" encoding="UTF-8"?>
<!-- Generated by org.testng.reporters.JUnitReportReporter -->
<testsuite hostname="Bhardwaj.local" name="com.eduven.testcase.TipsPageTestCases" tests="5" failures="0" timestamp="9 Nov 2016 03:25:19 GMT" time="10.010" errors="5">
  <testcase name="selectFirstTypeOfDietTest" time="0.000" classname="com.eduven.testcase.TipsPageTestCases">
    <error type="org.openqa.selenium.WebDriverException" message="An unknown server-side error occurred while processing the command. (Original error: Command failed: /bin/sh -c /Users/hiteshbhardwaj/Desktop/android-sdk-macosx/platform-tools/adb -s ZX1D63L8BN shell &quot;/system/bin/rm /data/local/tmp/screenshot.png; /system/bin/screencap -p /data/local/tmp/screenshot.png &quot;
error: protocol fault (couldn&#039;t read status): Connection reset by peer
) (WARNING: The server did not provide any stacktrace information)
Command duration or timeout: 20.79 seconds
Build info: version: &#039;2.51.0&#039;, revision: &#039;1af067d&#039;, time: &#039;2016-02-05 19:11:55&#039;
System info: host: &#039;Bhardwaj.local&#039;, ip: &#039;10.30.30.61&#039;, os.name: &#039;Mac OS X&#039;, os.arch: &#039;x86_64&#039;, os.version: &#039;10.11.6&#039;, java.version: &#039;1.8.0_74&#039;
Driver info: io.appium.java_client.android.AndroidDriver
Capabilities [{app=/Users/hiteshbhardwaj/Desktop/Automation/app/RecipeFrameworkForAndroid/new/meat_lovers/CCMeatLovers.apk, appPackage=com.eduven.cc.meatlovers, networkConnectionEnabled=true, warnings={}, appiumVersion=1.4.13, databaseEnabled=false, deviceName=ZX1D63L8BN, platform=LINUX, appActivity=cc.eduven.com.chefchili.activity.Splash, desired={app=/Users/hiteshbhardwaj/Desktop/Automation/app/RecipeFrameworkForAndroid/new/meat_lovers/CCMeatLovers.apk, appPackage=com.eduven.cc.meatlovers, appActivity=cc.eduven.com.chefchili.activity.Splash, platformVersion=5.1, appiumVersion=1.4.13, automationName=Appium, platformName=Android, deviceName=ZX1D63L8BN}, platformVersion=6.0, webStorageEnabled=false, locationContextEnabled=false, automationName=Appium, browserName=Android, takesScreenshot=true, javascriptEnabled=true, platformName=Android}]
Session ID: 997b8444-8454-49a9-b588-b247d2f9b067">
      <![CDATA[org.openqa.selenium.WebDriverException: An unknown server-side error occurred while processing the command. (Original error: Command failed: /bin/sh -c /Users/hiteshbhardwaj/Desktop/android-sdk-macosx/platform-tools/adb -s ZX1D63L8BN shell "/system/bin/rm /data/local/tmp/screenshot.png; /system/bin/screencap -p /data/local/tmp/screenshot.png "
error: protocol fault (couldn't read status): Connection reset by peer
) (WARNING: The server did not provide any stacktrace information)
Command duration or timeout: 20.79 seconds
Build info: version: '2.51.0', revision: '1af067d', time: '2016-02-05 19:11:55'
System info: host: 'Bhardwaj.local', ip: '10.30.30.61', os.name: 'Mac OS X', os.arch: 'x86_64', os.version: '10.11.6', java.version: '1.8.0_74'
Driver info: io.appium.java_client.android.AndroidDriver
Capabilities [{app=/Users/hiteshbhardwaj/Desktop/Automation/app/RecipeFrameworkForAndroid/new/meat_lovers/CCMeatLovers.apk, appPackage=com.eduven.cc.meatlovers, networkConnectionEnabled=true, warnings={}, appiumVersion=1.4.13, databaseEnabled=false, deviceName=ZX1D63L8BN, platform=LINUX, appActivity=cc.eduven.com.chefchili.activity.Splash, desired={app=/Users/hiteshbhardwaj/Desktop/Automation/app/RecipeFrameworkForAndroid/new/meat_lovers/CCMeatLovers.apk, appPackage=com.eduven.cc.meatlovers, appActivity=cc.eduven.com.chefchili.activity.Splash, platformVersion=5.1, appiumVersion=1.4.13, automationName=Appium, platformName=Android, deviceName=ZX1D63L8BN}, platformVersion=6.0, webStorageEnabled=false, locationContextEnabled=false, automationName=Appium, browserName=Android, takesScreenshot=true, javascriptEnabled=true, platformName=Android}]
Session ID: 997b8444-8454-49a9-b588-b247d2f9b067
	at sun.reflect.NativeConstructorAccessorImpl.newInstance0(Native Method)
	at sun.reflect.NativeConstructorAccessorImpl.newInstance(NativeConstructorAccessorImpl.java:62)
	at sun.reflect.DelegatingConstructorAccessorImpl.newInstance(DelegatingConstructorAccessorImpl.java:45)
	at java.lang.reflect.Constructor.newInstance(Constructor.java:423)
	at org.openqa.selenium.remote.ErrorHandler.createThrowable(ErrorHandler.java:206)
	at org.openqa.selenium.remote.ErrorHandler.throwIfResponseFailed(ErrorHandler.java:158)
	at org.openqa.selenium.remote.RemoteWebDriver.execute(RemoteWebDriver.java:678)
	at io.appium.java_client.DefaultGenericMobileDriver.execute(DefaultGenericMobileDriver.java:43)
	at io.appium.java_client.AppiumDriver.execute(AppiumDriver.java:216)
	at org.openqa.selenium.remote.RemoteWebDriver.getScreenshotAs(RemoteWebDriver.java:335)
	at com.eduven.utils.ScreenShot.takescreenShotCapture(ScreenShot.java:25)
	at com.eduven.testcase.EvMenuPageTestCases.tearDown(EvMenuPageTestCases.java:155)
	at sun.reflect.NativeMethodAccessorImpl.invoke0(Native Method)
	at sun.reflect.NativeMethodAccessorImpl.invoke(NativeMethodAccessorImpl.java:62)
	at sun.reflect.DelegatingMethodAccessorImpl.invoke(DelegatingMethodAccessorImpl.java:43)
	at java.lang.reflect.Method.invoke(Method.java:498)
	at org.testng.internal.MethodInvocationHelper.invokeMethod(MethodInvocationHelper.java:85)
	at org.testng.internal.Invoker.invokeConfigurationMethod(Invoker.java:510)
	at org.testng.internal.Invoker.invokeConfigurations(Invoker.java:211)
	at org.testng.internal.Invoker.invokeMethod(Invoker.java:703)
	at org.testng.internal.Invoker.invokeTestMethod(Invoker.java:816)
	at org.testng.internal.Invoker.invokeTestMethods(Invoker.java:1124)
	at org.testng.internal.TestMethodWorker.invokeTestMethods(TestMethodWorker.java:125)
	at org.testng.internal.TestMethodWorker.run(TestMethodWorker.java:108)
	at org.testng.TestRunner.privateRun(TestRunner.java:774)
	at org.testng.TestRunner.run(TestRunner.java:624)
	at org.testng.SuiteRunner.runTest(SuiteRunner.java:359)
	at org.testng.SuiteRunner.runSequentially(SuiteRunner.java:354)
	at org.testng.SuiteRunner.privateRun(SuiteRunner.java:312)
	at org.testng.SuiteRunner.run(SuiteRunner.java:261)
	at org.testng.SuiteRunnerWorker.runSuite(SuiteRunnerWorker.java:52)
	at org.testng.SuiteRunnerWorker.run(SuiteRunnerWorker.java:86)
	at org.testng.TestNG.runSuitesSequentially(TestNG.java:1215)
	at org.testng.TestNG.runSuitesLocally(TestNG.java:1140)
	at org.testng.TestNG.run(TestNG.java:1048)
	at com.eduven.utils.RunTestng.main(RunTestng.java:60)
]]>
    </error>
  </testcase> <!-- selectFirstTypeOfDietTest -->
  <testcase name="verifyAppNameTest" time="10.010" classname="com.eduven.testcase.TipsPageTestCases">
    <error type="org.openqa.selenium.remote.SessionNotFoundException" message="
Command duration or timeout: 6 milliseconds
Build info: version: &#039;2.51.0&#039;, revision: &#039;1af067d&#039;, time: &#039;2016-02-05 19:11:55&#039;
System info: host: &#039;Bhardwaj.local&#039;, ip: &#039;10.30.30.61&#039;, os.name: &#039;Mac OS X&#039;, os.arch: &#039;x86_64&#039;, os.version: &#039;10.11.6&#039;, java.version: &#039;1.8.0_74&#039;
Driver info: io.appium.java_client.android.AndroidDriver
Capabilities [{app=/Users/hiteshbhardwaj/Desktop/Automation/app/RecipeFrameworkForAndroid/new/meat_lovers/CCMeatLovers.apk, appPackage=com.eduven.cc.meatlovers, networkConnectionEnabled=true, warnings={}, appiumVersion=1.4.13, databaseEnabled=false, deviceName=ZX1D63L8BN, platform=LINUX, appActivity=cc.eduven.com.chefchili.activity.Splash, desired={app=/Users/hiteshbhardwaj/Desktop/Automation/app/RecipeFrameworkForAndroid/new/meat_lovers/CCMeatLovers.apk, appPackage=com.eduven.cc.meatlovers, appActivity=cc.eduven.com.chefchili.activity.Splash, platformVersion=5.1, appiumVersion=1.4.13, automationName=Appium, platformName=Android, deviceName=ZX1D63L8BN}, platformVersion=6.0, webStorageEnabled=false, locationContextEnabled=false, automationName=Appium, browserName=Android, takesScreenshot=true, javascriptEnabled=true, platformName=Android}]
Session ID: 997b8444-8454-49a9-b588-b247d2f9b067
*** Element info: {Using=id, value=com.eduven.cc.meatlovers:id/next}">
      <![CDATA[org.openqa.selenium.remote.SessionNotFoundException: 
Command duration or timeout: 6 milliseconds
Build info: version: '2.51.0', revision: '1af067d', time: '2016-02-05 19:11:55'
System info: host: 'Bhardwaj.local', ip: '10.30.30.61', os.name: 'Mac OS X', os.arch: 'x86_64', os.version: '10.11.6', java.version: '1.8.0_74'
Driver info: io.appium.java_client.android.AndroidDriver
Capabilities [{app=/Users/hiteshbhardwaj/Desktop/Automation/app/RecipeFrameworkForAndroid/new/meat_lovers/CCMeatLovers.apk, appPackage=com.eduven.cc.meatlovers, networkConnectionEnabled=true, warnings={}, appiumVersion=1.4.13, databaseEnabled=false, deviceName=ZX1D63L8BN, platform=LINUX, appActivity=cc.eduven.com.chefchili.activity.Splash, desired={app=/Users/hiteshbhardwaj/Desktop/Automation/app/RecipeFrameworkForAndroid/new/meat_lovers/CCMeatLovers.apk, appPackage=com.eduven.cc.meatlovers, appActivity=cc.eduven.com.chefchili.activity.Splash, platformVersion=5.1, appiumVersion=1.4.13, automationName=Appium, platformName=Android, deviceName=ZX1D63L8BN}, platformVersion=6.0, webStorageEnabled=false, locationContextEnabled=false, automationName=Appium, browserName=Android, takesScreenshot=true, javascriptEnabled=true, platformName=Android}]
Session ID: 997b8444-8454-49a9-b588-b247d2f9b067
*** Element info: {Using=id, value=com.eduven.cc.meatlovers:id/next}
	at sun.reflect.NativeConstructorAccessorImpl.newInstance0(Native Method)
	at sun.reflect.NativeConstructorAccessorImpl.newInstance(NativeConstructorAccessorImpl.java:62)
	at sun.reflect.DelegatingConstructorAccessorImpl.newInstance(DelegatingConstructorAccessorImpl.java:45)
	at java.lang.reflect.Constructor.newInstance(Constructor.java:423)
	at org.openqa.selenium.remote.ErrorHandler.createThrowable(ErrorHandler.java:206)
	at org.openqa.selenium.remote.ErrorHandler.throwIfResponseFailed(ErrorHandler.java:164)
	at org.openqa.selenium.remote.RemoteWebDriver.execute(RemoteWebDriver.java:678)
	at io.appium.java_client.DefaultGenericMobileDriver.execute(DefaultGenericMobileDriver.java:43)
	at io.appium.java_client.AppiumDriver.execute(AppiumDriver.java:1)
	at io.appium.java_client.android.AndroidDriver.execute(AndroidDriver.java:1)
	at org.openqa.selenium.remote.RemoteWebDriver.findElement(RemoteWebDriver.java:363)
	at org.openqa.selenium.remote.RemoteWebDriver.findElementById(RemoteWebDriver.java:413)
	at io.appium.java_client.DefaultGenericMobileDriver.findElementById(DefaultGenericMobileDriver.java:59)
	at io.appium.java_client.AppiumDriver.findElementById(AppiumDriver.java:1)
	at io.appium.java_client.android.AndroidDriver.findElementById(AndroidDriver.java:1)
	at org.openqa.selenium.By$ById.findElement(By.java:218)
	at org.openqa.selenium.remote.RemoteWebDriver.findElement(RemoteWebDriver.java:355)
	at io.appium.java_client.DefaultGenericMobileDriver.findElement(DefaultGenericMobileDriver.java:51)
	at io.appium.java_client.AppiumDriver.findElement(AppiumDriver.java:1)
	at io.appium.java_client.android.AndroidDriver.findElement(AndroidDriver.java:1)
	at org.openqa.selenium.support.ui.ExpectedConditions.findElement(ExpectedConditions.java:911)
	at org.openqa.selenium.support.ui.ExpectedConditions.access$0(ExpectedConditions.java:909)
	at org.openqa.selenium.support.ui.ExpectedConditions$7.apply(ExpectedConditions.java:205)
	at org.openqa.selenium.support.ui.ExpectedConditions$7.apply(ExpectedConditions.java:1)
	at org.openqa.selenium.support.ui.FluentWait.until(FluentWait.java:238)
	at com.eduven.utils.Reusables.waitForElement(Reusables.java:70)
	at com.eduven.modules.HomePage.verifyAppName(HomePage.java:66)
	at com.eduven.testcase.TipsPageTestCases.verifyAppNameTest(TipsPageTestCases.java:26)
	at sun.reflect.NativeMethodAccessorImpl.invoke0(Native Method)
	at sun.reflect.NativeMethodAccessorImpl.invoke(NativeMethodAccessorImpl.java:62)
	at sun.reflect.DelegatingMethodAccessorImpl.invoke(DelegatingMethodAccessorImpl.java:43)
	at java.lang.reflect.Method.invoke(Method.java:498)
	at org.testng.internal.MethodInvocationHelper.invokeMethod(MethodInvocationHelper.java:85)
	at org.testng.internal.Invoker.invokeMethod(Invoker.java:639)
	at org.testng.internal.Invoker.invokeTestMethod(Invoker.java:816)
	at org.testng.internal.Invoker.invokeTestMethods(Invoker.java:1124)
	at org.testng.internal.TestMethodWorker.invokeTestMethods(TestMethodWorker.java:125)
	at org.testng.internal.TestMethodWorker.run(TestMethodWorker.java:108)
	at org.testng.TestRunner.privateRun(TestRunner.java:774)
	at org.testng.TestRunner.run(TestRunner.java:624)
	at org.testng.SuiteRunner.runTest(SuiteRunner.java:359)
	at org.testng.SuiteRunner.runSequentially(SuiteRunner.java:354)
	at org.testng.SuiteRunner.privateRun(SuiteRunner.java:312)
	at org.testng.SuiteRunner.run(SuiteRunner.java:261)
	at org.testng.SuiteRunnerWorker.runSuite(SuiteRunnerWorker.java:52)
	at org.testng.SuiteRunnerWorker.run(SuiteRunnerWorker.java:86)
	at org.testng.TestNG.runSuitesSequentially(TestNG.java:1215)
	at org.testng.TestNG.runSuitesLocally(TestNG.java:1140)
	at org.testng.TestNG.run(TestNG.java:1048)
	at com.eduven.utils.RunTestng.main(RunTestng.java:60)
]]>
    </error>
  </testcase> <!-- verifyAppNameTest -->
  <testcase name="tipsPageNavigationTest" time="0.000" classname="com.eduven.testcase.TipsPageTestCases">
    <error type="org.openqa.selenium.WebDriverException" message="An unknown server-side error occurred while processing the command. (Original error: Command failed: /bin/sh -c /Users/hiteshbhardwaj/Desktop/android-sdk-macosx/platform-tools/adb -s ZX1D63L8BN shell &quot;/system/bin/rm /data/local/tmp/screenshot.png; /system/bin/screencap -p /data/local/tmp/screenshot.png &quot;
error: protocol fault (couldn&#039;t read status): Connection reset by peer
) (WARNING: The server did not provide any stacktrace information)
Command duration or timeout: 20.79 seconds
Build info: version: &#039;2.51.0&#039;, revision: &#039;1af067d&#039;, time: &#039;2016-02-05 19:11:55&#039;
System info: host: &#039;Bhardwaj.local&#039;, ip: &#039;10.30.30.61&#039;, os.name: &#039;Mac OS X&#039;, os.arch: &#039;x86_64&#039;, os.version: &#039;10.11.6&#039;, java.version: &#039;1.8.0_74&#039;
Driver info: io.appium.java_client.android.AndroidDriver
Capabilities [{app=/Users/hiteshbhardwaj/Desktop/Automation/app/RecipeFrameworkForAndroid/new/meat_lovers/CCMeatLovers.apk, appPackage=com.eduven.cc.meatlovers, networkConnectionEnabled=true, warnings={}, appiumVersion=1.4.13, databaseEnabled=false, deviceName=ZX1D63L8BN, platform=LINUX, appActivity=cc.eduven.com.chefchili.activity.Splash, desired={app=/Users/hiteshbhardwaj/Desktop/Automation/app/RecipeFrameworkForAndroid/new/meat_lovers/CCMeatLovers.apk, appPackage=com.eduven.cc.meatlovers, appActivity=cc.eduven.com.chefchili.activity.Splash, platformVersion=5.1, appiumVersion=1.4.13, automationName=Appium, platformName=Android, deviceName=ZX1D63L8BN}, platformVersion=6.0, webStorageEnabled=false, locationContextEnabled=false, automationName=Appium, browserName=Android, takesScreenshot=true, javascriptEnabled=true, platformName=Android}]
Session ID: 997b8444-8454-49a9-b588-b247d2f9b067">
      <![CDATA[org.openqa.selenium.WebDriverException: An unknown server-side error occurred while processing the command. (Original error: Command failed: /bin/sh -c /Users/hiteshbhardwaj/Desktop/android-sdk-macosx/platform-tools/adb -s ZX1D63L8BN shell "/system/bin/rm /data/local/tmp/screenshot.png; /system/bin/screencap -p /data/local/tmp/screenshot.png "
error: protocol fault (couldn't read status): Connection reset by peer
) (WARNING: The server did not provide any stacktrace information)
Command duration or timeout: 20.79 seconds
Build info: version: '2.51.0', revision: '1af067d', time: '2016-02-05 19:11:55'
System info: host: 'Bhardwaj.local', ip: '10.30.30.61', os.name: 'Mac OS X', os.arch: 'x86_64', os.version: '10.11.6', java.version: '1.8.0_74'
Driver info: io.appium.java_client.android.AndroidDriver
Capabilities [{app=/Users/hiteshbhardwaj/Desktop/Automation/app/RecipeFrameworkForAndroid/new/meat_lovers/CCMeatLovers.apk, appPackage=com.eduven.cc.meatlovers, networkConnectionEnabled=true, warnings={}, appiumVersion=1.4.13, databaseEnabled=false, deviceName=ZX1D63L8BN, platform=LINUX, appActivity=cc.eduven.com.chefchili.activity.Splash, desired={app=/Users/hiteshbhardwaj/Desktop/Automation/app/RecipeFrameworkForAndroid/new/meat_lovers/CCMeatLovers.apk, appPackage=com.eduven.cc.meatlovers, appActivity=cc.eduven.com.chefchili.activity.Splash, platformVersion=5.1, appiumVersion=1.4.13, automationName=Appium, platformName=Android, deviceName=ZX1D63L8BN}, platformVersion=6.0, webStorageEnabled=false, locationContextEnabled=false, automationName=Appium, browserName=Android, takesScreenshot=true, javascriptEnabled=true, platformName=Android}]
Session ID: 997b8444-8454-49a9-b588-b247d2f9b067
	at sun.reflect.NativeConstructorAccessorImpl.newInstance0(Native Method)
	at sun.reflect.NativeConstructorAccessorImpl.newInstance(NativeConstructorAccessorImpl.java:62)
	at sun.reflect.DelegatingConstructorAccessorImpl.newInstance(DelegatingConstructorAccessorImpl.java:45)
	at java.lang.reflect.Constructor.newInstance(Constructor.java:423)
	at org.openqa.selenium.remote.ErrorHandler.createThrowable(ErrorHandler.java:206)
	at org.openqa.selenium.remote.ErrorHandler.throwIfResponseFailed(ErrorHandler.java:158)
	at org.openqa.selenium.remote.RemoteWebDriver.execute(RemoteWebDriver.java:678)
	at io.appium.java_client.DefaultGenericMobileDriver.execute(DefaultGenericMobileDriver.java:43)
	at io.appium.java_client.AppiumDriver.execute(AppiumDriver.java:216)
	at org.openqa.selenium.remote.RemoteWebDriver.getScreenshotAs(RemoteWebDriver.java:335)
	at com.eduven.utils.ScreenShot.takescreenShotCapture(ScreenShot.java:25)
	at com.eduven.testcase.EvMenuPageTestCases.tearDown(EvMenuPageTestCases.java:155)
	at sun.reflect.NativeMethodAccessorImpl.invoke0(Native Method)
	at sun.reflect.NativeMethodAccessorImpl.invoke(NativeMethodAccessorImpl.java:62)
	at sun.reflect.DelegatingMethodAccessorImpl.invoke(DelegatingMethodAccessorImpl.java:43)
	at java.lang.reflect.Method.invoke(Method.java:498)
	at org.testng.internal.MethodInvocationHelper.invokeMethod(MethodInvocationHelper.java:85)
	at org.testng.internal.Invoker.invokeConfigurationMethod(Invoker.java:510)
	at org.testng.internal.Invoker.invokeConfigurations(Invoker.java:211)
	at org.testng.internal.Invoker.invokeMethod(Invoker.java:703)
	at org.testng.internal.Invoker.invokeTestMethod(Invoker.java:816)
	at org.testng.internal.Invoker.invokeTestMethods(Invoker.java:1124)
	at org.testng.internal.TestMethodWorker.invokeTestMethods(TestMethodWorker.java:125)
	at org.testng.internal.TestMethodWorker.run(TestMethodWorker.java:108)
	at org.testng.TestRunner.privateRun(TestRunner.java:774)
	at org.testng.TestRunner.run(TestRunner.java:624)
	at org.testng.SuiteRunner.runTest(SuiteRunner.java:359)
	at org.testng.SuiteRunner.runSequentially(SuiteRunner.java:354)
	at org.testng.SuiteRunner.privateRun(SuiteRunner.java:312)
	at org.testng.SuiteRunner.run(SuiteRunner.java:261)
	at org.testng.SuiteRunnerWorker.runSuite(SuiteRunnerWorker.java:52)
	at org.testng.SuiteRunnerWorker.run(SuiteRunnerWorker.java:86)
	at org.testng.TestNG.runSuitesSequentially(TestNG.java:1215)
	at org.testng.TestNG.runSuitesLocally(TestNG.java:1140)
	at org.testng.TestNG.run(TestNG.java:1048)
	at com.eduven.utils.RunTestng.main(RunTestng.java:60)
]]>
    </error>
  </testcase> <!-- tipsPageNavigationTest -->
  <testcase name="verifyTipsPageDescriptionTest" time="0.000" classname="com.eduven.testcase.TipsPageTestCases">
    <error type="org.openqa.selenium.WebDriverException" message="An unknown server-side error occurred while processing the command. (Original error: Command failed: /bin/sh -c /Users/hiteshbhardwaj/Desktop/android-sdk-macosx/platform-tools/adb -s ZX1D63L8BN shell &quot;/system/bin/rm /data/local/tmp/screenshot.png; /system/bin/screencap -p /data/local/tmp/screenshot.png &quot;
error: protocol fault (couldn&#039;t read status): Connection reset by peer
) (WARNING: The server did not provide any stacktrace information)
Command duration or timeout: 20.79 seconds
Build info: version: &#039;2.51.0&#039;, revision: &#039;1af067d&#039;, time: &#039;2016-02-05 19:11:55&#039;
System info: host: &#039;Bhardwaj.local&#039;, ip: &#039;10.30.30.61&#039;, os.name: &#039;Mac OS X&#039;, os.arch: &#039;x86_64&#039;, os.version: &#039;10.11.6&#039;, java.version: &#039;1.8.0_74&#039;
Driver info: io.appium.java_client.android.AndroidDriver
Capabilities [{app=/Users/hiteshbhardwaj/Desktop/Automation/app/RecipeFrameworkForAndroid/new/meat_lovers/CCMeatLovers.apk, appPackage=com.eduven.cc.meatlovers, networkConnectionEnabled=true, warnings={}, appiumVersion=1.4.13, databaseEnabled=false, deviceName=ZX1D63L8BN, platform=LINUX, appActivity=cc.eduven.com.chefchili.activity.Splash, desired={app=/Users/hiteshbhardwaj/Desktop/Automation/app/RecipeFrameworkForAndroid/new/meat_lovers/CCMeatLovers.apk, appPackage=com.eduven.cc.meatlovers, appActivity=cc.eduven.com.chefchili.activity.Splash, platformVersion=5.1, appiumVersion=1.4.13, automationName=Appium, platformName=Android, deviceName=ZX1D63L8BN}, platformVersion=6.0, webStorageEnabled=false, locationContextEnabled=false, automationName=Appium, browserName=Android, takesScreenshot=true, javascriptEnabled=true, platformName=Android}]
Session ID: 997b8444-8454-49a9-b588-b247d2f9b067">
      <![CDATA[org.openqa.selenium.WebDriverException: An unknown server-side error occurred while processing the command. (Original error: Command failed: /bin/sh -c /Users/hiteshbhardwaj/Desktop/android-sdk-macosx/platform-tools/adb -s ZX1D63L8BN shell "/system/bin/rm /data/local/tmp/screenshot.png; /system/bin/screencap -p /data/local/tmp/screenshot.png "
error: protocol fault (couldn't read status): Connection reset by peer
) (WARNING: The server did not provide any stacktrace information)
Command duration or timeout: 20.79 seconds
Build info: version: '2.51.0', revision: '1af067d', time: '2016-02-05 19:11:55'
System info: host: 'Bhardwaj.local', ip: '10.30.30.61', os.name: 'Mac OS X', os.arch: 'x86_64', os.version: '10.11.6', java.version: '1.8.0_74'
Driver info: io.appium.java_client.android.AndroidDriver
Capabilities [{app=/Users/hiteshbhardwaj/Desktop/Automation/app/RecipeFrameworkForAndroid/new/meat_lovers/CCMeatLovers.apk, appPackage=com.eduven.cc.meatlovers, networkConnectionEnabled=true, warnings={}, appiumVersion=1.4.13, databaseEnabled=false, deviceName=ZX1D63L8BN, platform=LINUX, appActivity=cc.eduven.com.chefchili.activity.Splash, desired={app=/Users/hiteshbhardwaj/Desktop/Automation/app/RecipeFrameworkForAndroid/new/meat_lovers/CCMeatLovers.apk, appPackage=com.eduven.cc.meatlovers, appActivity=cc.eduven.com.chefchili.activity.Splash, platformVersion=5.1, appiumVersion=1.4.13, automationName=Appium, platformName=Android, deviceName=ZX1D63L8BN}, platformVersion=6.0, webStorageEnabled=false, locationContextEnabled=false, automationName=Appium, browserName=Android, takesScreenshot=true, javascriptEnabled=true, platformName=Android}]
Session ID: 997b8444-8454-49a9-b588-b247d2f9b067
	at sun.reflect.NativeConstructorAccessorImpl.newInstance0(Native Method)
	at sun.reflect.NativeConstructorAccessorImpl.newInstance(NativeConstructorAccessorImpl.java:62)
	at sun.reflect.DelegatingConstructorAccessorImpl.newInstance(DelegatingConstructorAccessorImpl.java:45)
	at java.lang.reflect.Constructor.newInstance(Constructor.java:423)
	at org.openqa.selenium.remote.ErrorHandler.createThrowable(ErrorHandler.java:206)
	at org.openqa.selenium.remote.ErrorHandler.throwIfResponseFailed(ErrorHandler.java:158)
	at org.openqa.selenium.remote.RemoteWebDriver.execute(RemoteWebDriver.java:678)
	at io.appium.java_client.DefaultGenericMobileDriver.execute(DefaultGenericMobileDriver.java:43)
	at io.appium.java_client.AppiumDriver.execute(AppiumDriver.java:216)
	at org.openqa.selenium.remote.RemoteWebDriver.getScreenshotAs(RemoteWebDriver.java:335)
	at com.eduven.utils.ScreenShot.takescreenShotCapture(ScreenShot.java:25)
	at com.eduven.testcase.EvMenuPageTestCases.tearDown(EvMenuPageTestCases.java:155)
	at sun.reflect.NativeMethodAccessorImpl.invoke0(Native Method)
	at sun.reflect.NativeMethodAccessorImpl.invoke(NativeMethodAccessorImpl.java:62)
	at sun.reflect.DelegatingMethodAccessorImpl.invoke(DelegatingMethodAccessorImpl.java:43)
	at java.lang.reflect.Method.invoke(Method.java:498)
	at org.testng.internal.MethodInvocationHelper.invokeMethod(MethodInvocationHelper.java:85)
	at org.testng.internal.Invoker.invokeConfigurationMethod(Invoker.java:510)
	at org.testng.internal.Invoker.invokeConfigurations(Invoker.java:211)
	at org.testng.internal.Invoker.invokeMethod(Invoker.java:703)
	at org.testng.internal.Invoker.invokeTestMethod(Invoker.java:816)
	at org.testng.internal.Invoker.invokeTestMethods(Invoker.java:1124)
	at org.testng.internal.TestMethodWorker.invokeTestMethods(TestMethodWorker.java:125)
	at org.testng.internal.TestMethodWorker.run(TestMethodWorker.java:108)
	at org.testng.TestRunner.privateRun(TestRunner.java:774)
	at org.testng.TestRunner.run(TestRunner.java:624)
	at org.testng.SuiteRunner.runTest(SuiteRunner.java:359)
	at org.testng.SuiteRunner.runSequentially(SuiteRunner.java:354)
	at org.testng.SuiteRunner.privateRun(SuiteRunner.java:312)
	at org.testng.SuiteRunner.run(SuiteRunner.java:261)
	at org.testng.SuiteRunnerWorker.runSuite(SuiteRunnerWorker.java:52)
	at org.testng.SuiteRunnerWorker.run(SuiteRunnerWorker.java:86)
	at org.testng.TestNG.runSuitesSequentially(TestNG.java:1215)
	at org.testng.TestNG.runSuitesLocally(TestNG.java:1140)
	at org.testng.TestNG.run(TestNG.java:1048)
	at com.eduven.utils.RunTestng.main(RunTestng.java:60)
]]>
    </error>
  </testcase> <!-- verifyTipsPageDescriptionTest -->
  <testcase name="inAppPurchaseTest" time="0.000" classname="com.eduven.testcase.TipsPageTestCases">
    <error type="org.openqa.selenium.WebDriverException" message="An unknown server-side error occurred while processing the command. (Original error: Command failed: /bin/sh -c /Users/hiteshbhardwaj/Desktop/android-sdk-macosx/platform-tools/adb -s ZX1D63L8BN shell &quot;/system/bin/rm /data/local/tmp/screenshot.png; /system/bin/screencap -p /data/local/tmp/screenshot.png &quot;
error: protocol fault (couldn&#039;t read status): Connection reset by peer
) (WARNING: The server did not provide any stacktrace information)
Command duration or timeout: 20.79 seconds
Build info: version: &#039;2.51.0&#039;, revision: &#039;1af067d&#039;, time: &#039;2016-02-05 19:11:55&#039;
System info: host: &#039;Bhardwaj.local&#039;, ip: &#039;10.30.30.61&#039;, os.name: &#039;Mac OS X&#039;, os.arch: &#039;x86_64&#039;, os.version: &#039;10.11.6&#039;, java.version: &#039;1.8.0_74&#039;
Driver info: io.appium.java_client.android.AndroidDriver
Capabilities [{app=/Users/hiteshbhardwaj/Desktop/Automation/app/RecipeFrameworkForAndroid/new/meat_lovers/CCMeatLovers.apk, appPackage=com.eduven.cc.meatlovers, networkConnectionEnabled=true, warnings={}, appiumVersion=1.4.13, databaseEnabled=false, deviceName=ZX1D63L8BN, platform=LINUX, appActivity=cc.eduven.com.chefchili.activity.Splash, desired={app=/Users/hiteshbhardwaj/Desktop/Automation/app/RecipeFrameworkForAndroid/new/meat_lovers/CCMeatLovers.apk, appPackage=com.eduven.cc.meatlovers, appActivity=cc.eduven.com.chefchili.activity.Splash, platformVersion=5.1, appiumVersion=1.4.13, automationName=Appium, platformName=Android, deviceName=ZX1D63L8BN}, platformVersion=6.0, webStorageEnabled=false, locationContextEnabled=false, automationName=Appium, browserName=Android, takesScreenshot=true, javascriptEnabled=true, platformName=Android}]
Session ID: 997b8444-8454-49a9-b588-b247d2f9b067">
      <![CDATA[org.openqa.selenium.WebDriverException: An unknown server-side error occurred while processing the command. (Original error: Command failed: /bin/sh -c /Users/hiteshbhardwaj/Desktop/android-sdk-macosx/platform-tools/adb -s ZX1D63L8BN shell "/system/bin/rm /data/local/tmp/screenshot.png; /system/bin/screencap -p /data/local/tmp/screenshot.png "
error: protocol fault (couldn't read status): Connection reset by peer
) (WARNING: The server did not provide any stacktrace information)
Command duration or timeout: 20.79 seconds
Build info: version: '2.51.0', revision: '1af067d', time: '2016-02-05 19:11:55'
System info: host: 'Bhardwaj.local', ip: '10.30.30.61', os.name: 'Mac OS X', os.arch: 'x86_64', os.version: '10.11.6', java.version: '1.8.0_74'
Driver info: io.appium.java_client.android.AndroidDriver
Capabilities [{app=/Users/hiteshbhardwaj/Desktop/Automation/app/RecipeFrameworkForAndroid/new/meat_lovers/CCMeatLovers.apk, appPackage=com.eduven.cc.meatlovers, networkConnectionEnabled=true, warnings={}, appiumVersion=1.4.13, databaseEnabled=false, deviceName=ZX1D63L8BN, platform=LINUX, appActivity=cc.eduven.com.chefchili.activity.Splash, desired={app=/Users/hiteshbhardwaj/Desktop/Automation/app/RecipeFrameworkForAndroid/new/meat_lovers/CCMeatLovers.apk, appPackage=com.eduven.cc.meatlovers, appActivity=cc.eduven.com.chefchili.activity.Splash, platformVersion=5.1, appiumVersion=1.4.13, automationName=Appium, platformName=Android, deviceName=ZX1D63L8BN}, platformVersion=6.0, webStorageEnabled=false, locationContextEnabled=false, automationName=Appium, browserName=Android, takesScreenshot=true, javascriptEnabled=true, platformName=Android}]
Session ID: 997b8444-8454-49a9-b588-b247d2f9b067
	at sun.reflect.NativeConstructorAccessorImpl.newInstance0(Native Method)
	at sun.reflect.NativeConstructorAccessorImpl.newInstance(NativeConstructorAccessorImpl.java:62)
	at sun.reflect.DelegatingConstructorAccessorImpl.newInstance(DelegatingConstructorAccessorImpl.java:45)
	at java.lang.reflect.Constructor.newInstance(Constructor.java:423)
	at org.openqa.selenium.remote.ErrorHandler.createThrowable(ErrorHandler.java:206)
	at org.openqa.selenium.remote.ErrorHandler.throwIfResponseFailed(ErrorHandler.java:158)
	at org.openqa.selenium.remote.RemoteWebDriver.execute(RemoteWebDriver.java:678)
	at io.appium.java_client.DefaultGenericMobileDriver.execute(DefaultGenericMobileDriver.java:43)
	at io.appium.java_client.AppiumDriver.execute(AppiumDriver.java:216)
	at org.openqa.selenium.remote.RemoteWebDriver.getScreenshotAs(RemoteWebDriver.java:335)
	at com.eduven.utils.ScreenShot.takescreenShotCapture(ScreenShot.java:25)
	at com.eduven.testcase.EvMenuPageTestCases.tearDown(EvMenuPageTestCases.java:155)
	at sun.reflect.NativeMethodAccessorImpl.invoke0(Native Method)
	at sun.reflect.NativeMethodAccessorImpl.invoke(NativeMethodAccessorImpl.java:62)
	at sun.reflect.DelegatingMethodAccessorImpl.invoke(DelegatingMethodAccessorImpl.java:43)
	at java.lang.reflect.Method.invoke(Method.java:498)
	at org.testng.internal.MethodInvocationHelper.invokeMethod(MethodInvocationHelper.java:85)
	at org.testng.internal.Invoker.invokeConfigurationMethod(Invoker.java:510)
	at org.testng.internal.Invoker.invokeConfigurations(Invoker.java:211)
	at org.testng.internal.Invoker.invokeMethod(Invoker.java:703)
	at org.testng.internal.Invoker.invokeTestMethod(Invoker.java:816)
	at org.testng.internal.Invoker.invokeTestMethods(Invoker.java:1124)
	at org.testng.internal.TestMethodWorker.invokeTestMethods(TestMethodWorker.java:125)
	at org.testng.internal.TestMethodWorker.run(TestMethodWorker.java:108)
	at org.testng.TestRunner.privateRun(TestRunner.java:774)
	at org.testng.TestRunner.run(TestRunner.java:624)
	at org.testng.SuiteRunner.runTest(SuiteRunner.java:359)
	at org.testng.SuiteRunner.runSequentially(SuiteRunner.java:354)
	at org.testng.SuiteRunner.privateRun(SuiteRunner.java:312)
	at org.testng.SuiteRunner.run(SuiteRunner.java:261)
	at org.testng.SuiteRunnerWorker.runSuite(SuiteRunnerWorker.java:52)
	at org.testng.SuiteRunnerWorker.run(SuiteRunnerWorker.java:86)
	at org.testng.TestNG.runSuitesSequentially(TestNG.java:1215)
	at org.testng.TestNG.runSuitesLocally(TestNG.java:1140)
	at org.testng.TestNG.run(TestNG.java:1048)
	at com.eduven.utils.RunTestng.main(RunTestng.java:60)
]]>
    </error>
  </testcase> <!-- inAppPurchaseTest -->
</testsuite> <!-- com.eduven.testcase.TipsPageTestCases -->
