<?xml version="1.0" encoding="UTF-8"?>
<!-- Generated by org.testng.reporters.JUnitReportReporter -->
<testsuite hostname="Hitesh-Mac-Mini.local" name="com.eduven.testcase.TatseBudPageTestCases" tests="4" failures="0" timestamp="14 Sep 2016 12:36:45 GMT" time="236.518" errors="0">
  <testcase name="tasteBudPageVerifyFreeTasteBudRecipeTest" time="162.437" classname="com.eduven.testcase.TatseBudPageTestCases"/>
  <testcase name="tasteBudRecipeDetailTest" time="0.002" classname="com.eduven.testcase.TatseBudPageTestCases"/>
  <testcase name="verifyAppNameTest" time="28.286" classname="com.eduven.testcase.TatseBudPageTestCases"/>
  <testcase name="selectFirstTypeOfDietTest" time="45.793" classname="com.eduven.testcase.TatseBudPageTestCases"/>
</testsuite> <!-- com.eduven.testcase.TatseBudPageTestCases -->
