<?xml version="1.0" encoding="UTF-8"?>
<!-- Generated by org.testng.reporters.JUnitReportReporter -->
<testsuite hostname="Bhardwaj.local" name="com.eduven.testcase.FilterPageTestCases" tests="1" failures="0" timestamp="8 Nov 2016 06:05:51 GMT" time="262.255" errors="0">
  <testcase name="filtePageWithDietaryNeedTest" time="262.255" classname="com.eduven.testcase.FilterPageTestCases"/>
</testsuite> <!-- com.eduven.testcase.FilterPageTestCases -->
