<?xml version="1.0" encoding="UTF-8"?>
<!-- Generated by org.testng.reporters.JUnitReportReporter -->
<testsuite hostname="Hitesh-Mac-Mini.local" name="com.eduven.testcase.CoursesPageTestCasesForSeafood" tests="16" failures="0" timestamp="9 Nov 2016 10:46:39 GMT" time="1632.490" errors="0">
  <testcase name="verifyMenuPlannerTest" time="52.881" classname="com.eduven.testcase.CoursesPageTestCasesForSeafood"/>
  <testcase name="verifyTagsTest" time="4.947" classname="com.eduven.testcase.CoursesPageTestCasesForSeafood"/>
  <testcase name="verifyAppNameTest" time="116.842" classname="com.eduven.testcase.CoursesPageTestCasesForSeafood"/>
  <testcase name="verifyCoursesRecipePageLoadTest" time="291.542" classname="com.eduven.testcase.CoursesPageTestCasesForSeafood"/>
  <testcase name="verifyRecipeServingsValueTest" time="1.372" classname="com.eduven.testcase.CoursesPageTestCasesForSeafood"/>
  <testcase name="verifyIngredientNameListTest" time="45.667" classname="com.eduven.testcase.CoursesPageTestCasesForSeafood"/>
  <testcase name="verifyIngredientTipsTest" time="23.310" classname="com.eduven.testcase.CoursesPageTestCasesForSeafood"/>
  <testcase name="verifyIngredientNutritionTest" time="611.397" classname="com.eduven.testcase.CoursesPageTestCasesForSeafood"/>
  <testcase name="verifyCookingTimeTest" time="1.307" classname="com.eduven.testcase.CoursesPageTestCasesForSeafood"/>
  <testcase name="verifyRecipeRatingValueTest" time="1.308" classname="com.eduven.testcase.CoursesPageTestCasesForSeafood"/>
  <testcase name="verifyMethodTest" time="10.607" classname="com.eduven.testcase.CoursesPageTestCasesForSeafood"/>
  <testcase name="coursesPageNavigationTest" time="40.268" classname="com.eduven.testcase.CoursesPageTestCasesForSeafood"/>
  <testcase name="verifyCoursesListTest" time="116.652" classname="com.eduven.testcase.CoursesPageTestCasesForSeafood"/>
  <testcase name="verifyRecipeNutritionTest" time="17.985" classname="com.eduven.testcase.CoursesPageTestCasesForSeafood"/>
  <testcase name="inAppPurchaseTest" time="53.343" classname="com.eduven.testcase.CoursesPageTestCasesForSeafood"/>
  <testcase name="verifyFreeCoursesRecipeTest" time="243.062" classname="com.eduven.testcase.CoursesPageTestCasesForSeafood"/>
</testsuite> <!-- com.eduven.testcase.CoursesPageTestCasesForSeafood -->
