<?xml version="1.0" encoding="UTF-8"?>
<!-- Generated by org.testng.reporters.JUnitReportReporter -->
<testsuite hostname="Bhardwaj.local" name="com.eduven.testcase.TasteBudPageTestCasesForSeafood" tests="16" failures="0" timestamp="22 Oct 2016 13:42:21 GMT" time="1574.099" errors="0">
  <testcase name="inAppPurchaseTest" time="52.080" classname="com.eduven.testcase.TasteBudPageTestCasesForSeafood"/>
  <testcase name="verifyAppNameTest" time="118.159" classname="com.eduven.testcase.TasteBudPageTestCasesForSeafood"/>
  <testcase name="verifyIngredientNutritionTest" time="443.455" classname="com.eduven.testcase.TasteBudPageTestCasesForSeafood"/>
  <testcase name="verifyRecipeNutritionTest" time="19.541" classname="com.eduven.testcase.TasteBudPageTestCasesForSeafood"/>
  <testcase name="tasteBudPageVerifyTasteBudRecipeTermTest" time="379.478" classname="com.eduven.testcase.TasteBudPageTestCasesForSeafood"/>
  <testcase name="verifyIngredientTipsTest" time="9.525" classname="com.eduven.testcase.TasteBudPageTestCasesForSeafood"/>
  <testcase name="verifyRecipeRatingValueTest" time="1.607" classname="com.eduven.testcase.TasteBudPageTestCasesForSeafood"/>
  <testcase name="verifyIngredientNameListTest" time="53.636" classname="com.eduven.testcase.TasteBudPageTestCasesForSeafood"/>
  <testcase name="verifyRecipeServingsValueTest" time="4.826" classname="com.eduven.testcase.TasteBudPageTestCasesForSeafood"/>
  <testcase name="tasteBudPageVerifyFreeTasteBudRecipeTest" time="235.233" classname="com.eduven.testcase.TasteBudPageTestCasesForSeafood"/>
  <testcase name="verifyTagsTest" time="5.171" classname="com.eduven.testcase.TasteBudPageTestCasesForSeafood"/>
  <testcase name="tasteBudPageVerifyTasteBudCategoryTest" time="81.574" classname="com.eduven.testcase.TasteBudPageTestCasesForSeafood"/>
  <testcase name="verifyCookingTimeTest" time="1.487" classname="com.eduven.testcase.TasteBudPageTestCasesForSeafood"/>
  <testcase name="testeBudPageNavigationTest" time="44.637" classname="com.eduven.testcase.TasteBudPageTestCasesForSeafood"/>
  <testcase name="verifyMethodTest" time="13.897" classname="com.eduven.testcase.TasteBudPageTestCasesForSeafood"/>
  <testcase name="verifyMenuPlannerTest" time="109.793" classname="com.eduven.testcase.TasteBudPageTestCasesForSeafood"/>
</testsuite> <!-- com.eduven.testcase.TasteBudPageTestCasesForSeafood -->
