<?xml version="1.0" encoding="UTF-8"?>
<!-- Generated by org.testng.reporters.JUnitReportReporter -->
<testsuite hostname="Hitesh-Mac-Mini.local" name="com.eduven.testcase.TasteBudPageTestCasesForMeatLovers" tests="16" failures="0" timestamp="9 Nov 2016 12:12:24 GMT" time="2284.238" errors="0">
  <testcase name="verifyIngredientTipsTest" time="10.803" classname="com.eduven.testcase.TasteBudPageTestCasesForMeatLovers"/>
  <testcase name="verifyIngredientNutritionTest" time="1182.848" classname="com.eduven.testcase.TasteBudPageTestCasesForMeatLovers"/>
  <testcase name="verifyTagsTest" time="5.076" classname="com.eduven.testcase.TasteBudPageTestCasesForMeatLovers"/>
  <testcase name="verifyAppNameTest" time="107.250" classname="com.eduven.testcase.TasteBudPageTestCasesForMeatLovers"/>
  <testcase name="verifyMenuPlannerTest" time="52.772" classname="com.eduven.testcase.TasteBudPageTestCasesForMeatLovers"/>
  <testcase name="testeBudPageNavigationTest" time="50.881" classname="com.eduven.testcase.TasteBudPageTestCasesForMeatLovers"/>
  <testcase name="verifyRecipeServingsValueTest" time="1.334" classname="com.eduven.testcase.TasteBudPageTestCasesForMeatLovers"/>
  <testcase name="verifyRecipeRatingValueTest" time="1.301" classname="com.eduven.testcase.TasteBudPageTestCasesForMeatLovers"/>
  <testcase name="inAppPurchaseTest" time="53.425" classname="com.eduven.testcase.TasteBudPageTestCasesForMeatLovers"/>
  <testcase name="verifyCookingTimeTest" time="1.340" classname="com.eduven.testcase.TasteBudPageTestCasesForMeatLovers"/>
  <testcase name="verifyIngredientNameListTest" time="196.255" classname="com.eduven.testcase.TasteBudPageTestCasesForMeatLovers"/>
  <testcase name="tasteBudPageVerifyFreeTasteBudRecipeTest" time="175.253" classname="com.eduven.testcase.TasteBudPageTestCasesForMeatLovers"/>
  <testcase name="verifyMethodTest" time="11.695" classname="com.eduven.testcase.TasteBudPageTestCasesForMeatLovers"/>
  <testcase name="tasteBudPageVerifyTasteBudRecipeTermTest" time="341.574" classname="com.eduven.testcase.TasteBudPageTestCasesForMeatLovers"/>
  <testcase name="tasteBudPageVerifyTasteBudCategoryTest" time="70.507" classname="com.eduven.testcase.TasteBudPageTestCasesForMeatLovers"/>
  <testcase name="verifyRecipeNutritionTest" time="21.924" classname="com.eduven.testcase.TasteBudPageTestCasesForMeatLovers"/>
</testsuite> <!-- com.eduven.testcase.TasteBudPageTestCasesForMeatLovers -->
