<?xml version="1.0" encoding="UTF-8"?>
<!-- Generated by org.testng.reporters.JUnitReportReporter -->
<testsuite hostname="Hitesh-Mac-Mini.local" name="testing.Test3" tests="4" failures="0" timestamp="12 Dec 2016 11:04:38 GMT" time="5.003" errors="0">
  <testcase name="test3" time="0.000" classname="testing.Test3"/>
  <testcase name="test1" time="5.001" classname="testing.Test3"/>
  <testcase name="test4" time="0.001" classname="testing.Test3"/>
  <testcase name="test2" time="0.001" classname="testing.Test3"/>
</testsuite> <!-- testing.Test3 -->
