<?xml version="1.0" encoding="UTF-8"?>
<!-- Generated by org.testng.reporters.JUnitReportReporter -->
<testsuite hostname="Hitesh-Mac-Mini.local" name="com.eduven.testcase.TestSwipe" tests="2" failures="0" timestamp="5 Oct 2016 13:30:19 GMT" time="854.147" errors="0">
  <testcase name="testall" time="37.060" classname="com.eduven.testcase.TestSwipe"/>
  <testcase name="testran" time="817.087" classname="com.eduven.testcase.TestSwipe"/>
</testsuite> <!-- com.eduven.testcase.TestSwipe -->
